<?xml version="1.0" encoding="utf-8"?><testsuites name="pytest tests"><testsuite name="pytest" errors="0" failures="0" skipped="0" tests="22" time="4.877" timestamp="2026-07-30T14:55:06.124856+00:00" hostname="agent-env-71535694-dd7d-46b7-b0bc-df5d620cb6d9"><testcase classname="tests.test_auto_link.TestA_LoginSideEffects" name="test_01_fresh_user_snapshot_and_5_logins" time="1.688" /><testcase classname="tests.test_auto_link.TestA_LoginSideEffects" name="test_02_demo_login_top_still_imminent" time="0.230" /><testcase classname="tests.test_auto_link.TestA_LoginSideEffects" name="test_03_admin_demo_refresh_forbidden_for_normal" time="0.229" /><testcase classname="tests.test_auto_link.TestA_LoginSideEffects" name="test_04_admin_demo_refresh_ok_for_demo" time="0.231" /><testcase classname="tests.test_auto_link.TestB_Basic" name="test_05_analyze_subscription" time="0.267" /><testcase classname="tests.test_auto_link.TestC_AutoAccept" name="test_06_plate_auto_accept" time="0.017" /><testcase classname="tests.test_auto_link.TestD_Ambiguity" name="test_07_ambiguous_provider" time="0.019" /><testcase classname="tests.test_auto_link.TestE_KeywordOnly" name="test_08_exam_keyword_only" time="0.237" /><testcase classname="tests.test_auto_link.TestF_Idempotence" name="test_09_double_analyze_same_proposals" time="0.021" /><testcase classname="tests.test_auto_link.TestF_Idempotence" name="test_10_persisted_fields" time="0.003" /><testcase classname="tests.test_auto_link.TestF_Idempotence" name="test_11_knowledge_version_bump_supersedes_or_refreshes" time="0.013" /><testcase classname="tests.test_auto_link.TestG_AcceptReject" name="test_12_accept_flow" time="0.025" /><testcase classname="tests.test_auto_link.TestG_AcceptReject" name="test_13_reject_and_suppression" time="0.036" /><testcase classname="tests.test_auto_link.TestH_Redaction" name="test_14_plate_not_leaked" time="0.012" /><testcase classname="tests.test_auto_link.TestI_Isolation" name="test_15_cross_user_404" time="0.491" /><testcase classname="tests.test_auto_link.TestI_Isolation" name="test_16_no_bearer_401" time="0.006" /><testcase classname="tests.test_auto_link.TestJ_MultiNodeAccept" name="test_17_two_proposals_two_accepts" time="0.269" /><testcase classname="tests.test_auto_link.TestK_Regression" name="test_18_top_decisions" time="0.229" /><testcase classname="tests.test_auto_link.TestK_Regression" name="test_19_legacy_priorities" time="0.229" /><testcase classname="tests.test_auto_link.TestK_Regression" name="test_20_life_graph_neighborhood" time="0.240" /><testcase classname="tests.test_auto_link.TestK_Regression" name="test_21_auth_me_401" time="0.001" /><testcase classname="tests.test_auto_link.TestL_NoSideEffects" name="test_22_analyze_only_touches_proposals_and_node_ids" time="0.274" /></testsuite></testsuites>