<?xml version="1.0" encoding="utf-8"?><testsuites name="pytest tests"><testsuite name="pytest" errors="0" failures="0" skipped="0" tests="92" time="14.151" timestamp="2026-07-30T17:32:49.917015+00:00" hostname="agent-env-71535694-dd7d-46b7-b0bc-df5d620cb6d9"><testcase classname="tests.test_iter8_permissions_connectors.TestRegressionAuth" name="test_root" time="0.270" /><testcase classname="tests.test_iter8_permissions_connectors.TestRegressionAuth" name="test_register_ok_and_shape" time="0.344" /><testcase classname="tests.test_iter8_permissions_connectors.TestRegressionAuth" name="test_login_and_me" time="0.486" /><testcase classname="tests.test_iter8_permissions_connectors.TestRegressionAuth" name="test_me_no_token_401" time="0.111" /><testcase classname="tests.test_iter8_permissions_connectors.TestRegressionAuth" name="test_login_bad_password_401" time="0.357" /><testcase classname="tests.test_iter8_permissions_connectors.TestRegressionAuth" name="test_google_session_bad_token" time="0.225" /><testcase classname="tests.test_iter8_permissions_connectors.TestRegressionAuth" name="test_logout" time="0.116" /><testcase classname="tests.test_iter8_permissions_connectors.TestRegressionLegacy" name="test_priorities" time="0.113" /><testcase classname="tests.test_iter8_permissions_connectors.TestRegressionLegacy" name="test_tasks_list" time="0.129" /><testcase classname="tests.test_iter8_permissions_connectors.TestRegressionDecisions" name="test_list_top_get" time="0.360" /><testcase classname="tests.test_iter8_permissions_connectors.TestRegressionDecisions" name="test_create_dismiss_complete" time="0.495" /><testcase classname="tests.test_iter8_permissions_connectors.TestRegressionLifeGraph" name="test_vocab_and_seed_and_nodes" time="0.346" /><testcase classname="tests.test_iter8_permissions_connectors.TestRegressionKnowledge" name="test_schemas" time="0.136" /><testcase classname="tests.test_iter8_permissions_connectors.TestRegressionKnowledge" name="test_node_knowledge_shape" time="0.339" /><testcase classname="tests.test_iter8_permissions_connectors.TestRegressionAutoLink" name="test_list_and_analyze" time="0.324" /><testcase classname="tests.test_iter8_permissions_connectors.TestRegressionAdmin" name="test_admin_demo_refresh" time="0.448" /><testcase classname="tests.test_iter8_permissions_connectors.TestRegressionMemory" name="test_memory_post_get" time="0.210" /><testcase classname="tests.test_iter8_permissions_connectors.TestLatestEnvelope" name="test_latest_available_shape" time="0.369" /><testcase classname="tests.test_iter8_permissions_connectors.TestLatestEnvelope" name="test_latest_not_found_shape" time="0.215" /><testcase classname="tests.test_iter8_permissions_connectors.TestLatestEnvelope" name="test_latest_cross_user_404" time="0.603" /><testcase classname="tests.test_iter8_permissions_connectors.TestLatestEnvelope" name="test_latest_no_token_401" time="0.134" /><testcase classname="tests.test_iter8_permissions_connectors.TestDecisionNodeIds" name="test_create_with_node_ids_links_and_history" time="0.374" /><testcase classname="tests.test_iter8_permissions_connectors.TestDecisionNodeIds" name="test_create_with_unknown_node_400_and_rollback" time="0.327" /><testcase classname="tests.test_iter8_permissions_connectors.TestDecisionNodeIds" name="test_create_without_node_ids_still_works" time="0.123" /><testcase classname="tests.test_iter8_permissions_connectors.TestDecisionNodeIds" name="test_create_with_cross_user_node_id_400" time="0.389" /><testcase classname="tests.test_iter8_permissions_connectors.TestPermissionsRegistry" name="test_registry_shape_11_items" time="0.113" /><testcase classname="tests.test_iter8_permissions_connectors.TestPermissionsRegistry" name="test_registry_by_id_known_and_unknown" time="0.237" /><testcase classname="tests.test_iter8_permissions_connectors.TestPermissionsConsent" name="test_grant_list_regrant_revoke" time="0.528" /><testcase classname="tests.test_iter8_permissions_connectors.TestPermissionsConsent" name="test_grant_unknown_capability_404" time="0.103" /><testcase classname="tests.test_iter8_permissions_connectors.TestPermissionsConsent" name="test_revoke_all_for_connector" time="1.355" /><testcase classname="tests.test_iter8_permissions_connectors.TestPermissionsConsent" name="test_wildcard_grant" time="0.102" /><testcase classname="tests.test_iter8_permissions_connectors.TestPermissionsConsent" name="test_audit_contains_events" time="0.103" /><testcase classname="tests.test_iter8_permissions_connectors.TestPermissionsAdminGuard" name="test_admin_toggle_forbidden_for_non_demo" time="0.110" /><testcase classname="tests.test_iter8_permissions_connectors.TestPermissionsAdminGuard" name="test_admin_toggle_ok_for_demo" time="0.120" /><testcase classname="tests.test_iter8_permissions_connectors.TestConnectors" name="test_registry_shape" time="0.143" /><testcase classname="tests.test_iter8_permissions_connectors.TestConnectors" name="test_registry_by_id" time="0.201" /><testcase classname="tests.test_iter8_permissions_connectors.TestConnectors" name="test_status_requires_auth" time="0.146" /><testcase classname="tests.test_iter8_permissions_connectors.TestConnectors" name="test_status_snapshot_shape_and_grant_effect" time="0.467" /><testcase classname="tests.test_iter8_permissions_connectors.TestConnectors" name="test_no_connect_oauth_sync_webhook_endpoints" time="1.204" /><testcase classname="tests.test_iter8_permissions_connectors.TestAssemblerPermissionsFlagOff" name="test_providers_run_includes_permissions_zero_signals_stable_hash" time="0.384" /><testcase classname="tests.test_iter9_ingestion_and_google_calendar.TestA_ProviderConfig" name="test_a1_oauth_start_returns_fake_state" time="0.250" /><testcase classname="tests.test_iter9_ingestion_and_google_calendar.TestA_ProviderConfig" name="test_a2_callback_fake_disabled_when_real" time="0.001" /><testcase classname="tests.test_iter9_ingestion_and_google_calendar.TestA_ProviderConfig" name="test_a3_oauth_start_state_persisted_and_expires" time="0.002" /><testcase classname="tests.test_iter9_ingestion_and_google_calendar.TestB_ConnectorInstance" name="test_b1_upsert_instance_via_callback" time="0.010" /><testcase classname="tests.test_iter9_ingestion_and_google_calendar.TestB_ConnectorInstance" name="test_b2_instance_scoped_to_user" time="0.238" /><testcase classname="tests.test_iter9_ingestion_and_google_calendar.TestB_ConnectorInstance" name="test_b3_second_account_creates_second_instance" time="0.074" /><testcase classname="tests.test_iter9_ingestion_and_google_calendar.TestB_ConnectorInstance" name="test_b4_no_token_in_instance_document" time="0.008" /><testcase classname="tests.test_iter9_ingestion_and_google_calendar.TestB_ConnectorInstance" name="test_b5_permissions_auto_granted" time="0.009" /><testcase classname="tests.test_iter9_ingestion_and_google_calendar.TestC_AccessGuard" name="test_c1_deny_when_consent_revoked" time="0.012" /><testcase classname="tests.test_iter9_ingestion_and_google_calendar.TestC_AccessGuard" name="test_c2_allow_with_active_consent" time="0.012" /><testcase classname="tests.test_iter9_ingestion_and_google_calendar.TestD_SyncPipeline" name="test_d1_initial_sync_ingests_events" time="0.021" /><testcase classname="tests.test_iter9_ingestion_and_google_calendar.TestD_SyncPipeline" name="test_d2_dedupe_second_sync_is_all_skipped" time="0.029" /><testcase classname="tests.test_iter9_ingestion_and_google_calendar.TestD_SyncPipeline" name="test_d3_update_supersedes_previous_event" time="0.034" /><testcase classname="tests.test_iter9_ingestion_and_google_calendar.TestD_SyncPipeline" name="test_d4_cancelled_event_archives_node" time="0.032" /><testcase classname="tests.test_iter9_ingestion_and_google_calendar.TestD_SyncPipeline" name="test_d5_malformed_event_goes_to_quarantine" time="0.015" /><testcase classname="tests.test_iter9_ingestion_and_google_calendar.TestD_SyncPipeline" name="test_d6_two_calendars_are_ingested_independently" time="0.028" /><testcase classname="tests.test_iter9_ingestion_and_google_calendar.TestD_SyncPipeline" name="test_d7_cross_user_isolation" time="0.008" /><testcase classname="tests.test_iter9_ingestion_and_google_calendar.TestE_DecisionGenerationFlag" name="test_e1_flag_off_creates_no_decision" time="0.019" /><testcase classname="tests.test_iter9_ingestion_and_google_calendar.TestE_DecisionGenerationFlag" name="test_e2_flag_on_creates_decision_for_matching_event" time="0.020" /><testcase classname="tests.test_iter9_ingestion_and_google_calendar.TestF_Revocation" name="test_f1_revoke_marks_data_detached" time="0.024" /><testcase classname="tests.test_iter9_ingestion_and_google_calendar.TestG_AuditRedaction" name="test_g1_audit_never_contains_titles" time="0.023" /><testcase classname="tests.test_iter9_ingestion_and_google_calendar.TestH_ContextFlag" name="test_h1_provider_off_hash_stable" time="0.008" /><testcase classname="tests.test_iter9_ingestion_and_google_calendar.TestI_LatestEndpointStillWorks" name="test_i1_latest_envelope_stable" time="0.007" /><testcase classname="tests.test_iter9_ingestion_and_google_calendar.TestJ_VaultAndConfigGuards" name="test_j1_real_mode_without_creds_is_503" time="0.001" /><testcase classname="tests.test_iter9_ingestion_and_google_calendar.TestJ_VaultAndConfigGuards" name="test_j2_ingestion_stats_starts_populated" time="0.002" /><testcase classname="tests.test_iter10_daily_intelligence.TestA_AnalyzerPure" name="test_a1_empty_day" time="0.000" /><testcase classname="tests.test_iter10_daily_intelligence.TestA_AnalyzerPure" name="test_a2_full_day_stressful" time="0.000" /><testcase classname="tests.test_iter10_daily_intelligence.TestA_AnalyzerPure" name="test_a3_many_meetings_only" time="0.000" /><testcase classname="tests.test_iter10_daily_intelligence.TestA_AnalyzerPure" name="test_a4_travel_day" time="0.000" /><testcase classname="tests.test_iter10_daily_intelligence.TestA_AnalyzerPure" name="test_a5_weekend_flag" time="0.000" /><testcase classname="tests.test_iter10_daily_intelligence.TestA_AnalyzerPure" name="test_a6_holiday_flag" time="0.000" /><testcase classname="tests.test_iter10_daily_intelligence.TestA_AnalyzerPure" name="test_a7_vacation_day_all_day" time="0.000" /><testcase classname="tests.test_iter10_daily_intelligence.TestA_AnalyzerPure" name="test_a8_overlapping_events_merged_in_busy" time="0.000" /><testcase classname="tests.test_iter10_daily_intelligence.TestA_AnalyzerPure" name="test_a9_free_slots_span_the_gaps" time="0.000" /><testcase classname="tests.test_iter10_daily_intelligence.TestA_AnalyzerPure" name="test_a10_back_to_back_marathon" time="0.000" /><testcase classname="tests.test_iter10_daily_intelligence.TestA_AnalyzerPure" name="test_a11_free_morning_opportunity" time="0.000" /><testcase classname="tests.test_iter10_daily_intelligence.TestA_AnalyzerPure" name="test_a12_confidence_high_with_many_events" time="0.000" /><testcase classname="tests.test_iter10_daily_intelligence.TestA_AnalyzerPure" name="test_a13_cancelled_events_ignored" time="0.000" /><testcase classname="tests.test_iter10_daily_intelligence.TestA_AnalyzerPure" name="test_a14_energy_estimation_shape" time="0.000" /><testcase classname="tests.test_iter10_daily_intelligence.TestA_AnalyzerPure" name="test_a15_output_shape_stable" time="0.000" /><testcase classname="tests.test_iter10_daily_intelligence.TestB_APIEndpoints" name="test_b1_today_default_empty" time="0.228" /><testcase classname="tests.test_iter10_daily_intelligence.TestB_APIEndpoints" name="test_b2_today_with_events" time="0.006" /><testcase classname="tests.test_iter10_daily_intelligence.TestB_APIEndpoints" name="test_b3_tomorrow" time="0.003" /><testcase classname="tests.test_iter10_daily_intelligence.TestB_APIEndpoints" name="test_b4_refresh_returns_both_days" time="0.003" /><testcase classname="tests.test_iter10_daily_intelligence.TestB_APIEndpoints" name="test_b5_specific_date" time="0.002" /><testcase classname="tests.test_iter10_daily_intelligence.TestB_APIEndpoints" name="test_b6_bad_date_400" time="0.001" /><testcase classname="tests.test_iter10_daily_intelligence.TestB_APIEndpoints" name="test_b7_auth_required" time="0.001" /><testcase classname="tests.test_iter10_daily_intelligence.TestB_APIEndpoints" name="test_b8_cross_user_isolation" time="0.228" /><testcase classname="tests.test_iter10_daily_intelligence.TestC_ContextAssemblerFlag" name="test_c1_flag_off_hash_stable_and_no_signals" time="0.008" /><testcase classname="tests.test_iter10_daily_intelligence.TestC_ContextAssemblerFlag" name="test_c2_flag_on_emits_daily_signal" time="0.006" /><testcase classname="tests.test_iter10_daily_intelligence.TestD_NoDecisionCreation" name="test_d1_daily_never_creates_decisions" time="0.024" /><testcase classname="tests.test_iter10_daily_intelligence.TestD_NoDecisionCreation" name="test_d2_no_notifications_side_effect" time="0.003" /></testsuite></testsuites>