<?xml version="1.0" encoding="utf-8"?><testsuites name="pytest tests"><testsuite name="pytest" errors="0" failures="0" skipped="0" tests="131" time="14.377" timestamp="2026-07-30T18:14:23.574524+00:00" hostname="agent-env-71535694-dd7d-46b7-b0bc-df5d620cb6d9"><testcase classname="tests.test_iter8_permissions_connectors.TestRegressionAuth" name="test_root" time="0.231" /><testcase classname="tests.test_iter8_permissions_connectors.TestRegressionAuth" name="test_register_ok_and_shape" time="0.365" /><testcase classname="tests.test_iter8_permissions_connectors.TestRegressionAuth" name="test_login_and_me" time="0.462" /><testcase classname="tests.test_iter8_permissions_connectors.TestRegressionAuth" name="test_me_no_token_401" time="0.112" /><testcase classname="tests.test_iter8_permissions_connectors.TestRegressionAuth" name="test_login_bad_password_401" time="0.337" /><testcase classname="tests.test_iter8_permissions_connectors.TestRegressionAuth" name="test_google_session_bad_token" time="0.220" /><testcase classname="tests.test_iter8_permissions_connectors.TestRegressionAuth" name="test_logout" time="0.124" /><testcase classname="tests.test_iter8_permissions_connectors.TestRegressionLegacy" name="test_priorities" time="0.125" /><testcase classname="tests.test_iter8_permissions_connectors.TestRegressionLegacy" name="test_tasks_list" time="0.140" /><testcase classname="tests.test_iter8_permissions_connectors.TestRegressionDecisions" name="test_list_top_get" time="0.376" /><testcase classname="tests.test_iter8_permissions_connectors.TestRegressionDecisions" name="test_create_dismiss_complete" time="0.516" /><testcase classname="tests.test_iter8_permissions_connectors.TestRegressionLifeGraph" name="test_vocab_and_seed_and_nodes" time="0.362" /><testcase classname="tests.test_iter8_permissions_connectors.TestRegressionKnowledge" name="test_schemas" time="0.142" /><testcase classname="tests.test_iter8_permissions_connectors.TestRegressionKnowledge" name="test_node_knowledge_shape" time="0.388" /><testcase classname="tests.test_iter8_permissions_connectors.TestRegressionAutoLink" name="test_list_and_analyze" time="0.365" /><testcase classname="tests.test_iter8_permissions_connectors.TestRegressionAdmin" name="test_admin_demo_refresh" time="0.464" /><testcase classname="tests.test_iter8_permissions_connectors.TestRegressionMemory" name="test_memory_post_get" time="0.246" /><testcase classname="tests.test_iter8_permissions_connectors.TestLatestEnvelope" name="test_latest_available_shape" time="0.378" /><testcase classname="tests.test_iter8_permissions_connectors.TestLatestEnvelope" name="test_latest_not_found_shape" time="0.264" /><testcase classname="tests.test_iter8_permissions_connectors.TestLatestEnvelope" name="test_latest_cross_user_404" time="0.562" /><testcase classname="tests.test_iter8_permissions_connectors.TestLatestEnvelope" name="test_latest_no_token_401" time="0.108" /><testcase classname="tests.test_iter8_permissions_connectors.TestDecisionNodeIds" name="test_create_with_node_ids_links_and_history" time="0.349" /><testcase classname="tests.test_iter8_permissions_connectors.TestDecisionNodeIds" name="test_create_with_unknown_node_400_and_rollback" time="0.404" /><testcase classname="tests.test_iter8_permissions_connectors.TestDecisionNodeIds" name="test_create_without_node_ids_still_works" time="0.119" /><testcase classname="tests.test_iter8_permissions_connectors.TestDecisionNodeIds" name="test_create_with_cross_user_node_id_400" time="0.366" /><testcase classname="tests.test_iter8_permissions_connectors.TestPermissionsRegistry" name="test_registry_shape_11_items" time="0.127" /><testcase classname="tests.test_iter8_permissions_connectors.TestPermissionsRegistry" name="test_registry_by_id_known_and_unknown" time="0.257" /><testcase classname="tests.test_iter8_permissions_connectors.TestPermissionsConsent" name="test_grant_list_regrant_revoke" time="0.650" /><testcase classname="tests.test_iter8_permissions_connectors.TestPermissionsConsent" name="test_grant_unknown_capability_404" time="0.132" /><testcase classname="tests.test_iter8_permissions_connectors.TestPermissionsConsent" name="test_revoke_all_for_connector" time="0.333" /><testcase classname="tests.test_iter8_permissions_connectors.TestPermissionsConsent" name="test_wildcard_grant" time="0.116" /><testcase classname="tests.test_iter8_permissions_connectors.TestPermissionsConsent" name="test_audit_contains_events" time="0.131" /><testcase classname="tests.test_iter8_permissions_connectors.TestPermissionsAdminGuard" name="test_admin_toggle_forbidden_for_non_demo" time="0.126" /><testcase classname="tests.test_iter8_permissions_connectors.TestPermissionsAdminGuard" name="test_admin_toggle_ok_for_demo" time="0.114" /><testcase classname="tests.test_iter8_permissions_connectors.TestConnectors" name="test_registry_shape" time="0.120" /><testcase classname="tests.test_iter8_permissions_connectors.TestConnectors" name="test_registry_by_id" time="0.259" /><testcase classname="tests.test_iter8_permissions_connectors.TestConnectors" name="test_status_requires_auth" time="0.118" /><testcase classname="tests.test_iter8_permissions_connectors.TestConnectors" name="test_status_snapshot_shape_and_grant_effect" time="0.468" /><testcase classname="tests.test_iter8_permissions_connectors.TestConnectors" name="test_no_connect_oauth_sync_webhook_endpoints" time="1.218" /><testcase classname="tests.test_iter8_permissions_connectors.TestAssemblerPermissionsFlagOff" name="test_providers_run_includes_permissions_zero_signals_stable_hash" time="0.359" /><testcase classname="tests.test_iter9_ingestion_and_google_calendar.TestA_ProviderConfig" name="test_a1_oauth_start_returns_fake_state" time="0.254" /><testcase classname="tests.test_iter9_ingestion_and_google_calendar.TestA_ProviderConfig" name="test_a2_callback_fake_disabled_when_real" time="0.001" /><testcase classname="tests.test_iter9_ingestion_and_google_calendar.TestA_ProviderConfig" name="test_a3_oauth_start_state_persisted_and_expires" time="0.003" /><testcase classname="tests.test_iter9_ingestion_and_google_calendar.TestB_ConnectorInstance" name="test_b1_upsert_instance_via_callback" time="0.011" /><testcase classname="tests.test_iter9_ingestion_and_google_calendar.TestB_ConnectorInstance" name="test_b2_instance_scoped_to_user" time="0.239" /><testcase classname="tests.test_iter9_ingestion_and_google_calendar.TestB_ConnectorInstance" name="test_b3_second_account_creates_second_instance" time="0.019" /><testcase classname="tests.test_iter9_ingestion_and_google_calendar.TestB_ConnectorInstance" name="test_b4_no_token_in_instance_document" time="0.010" /><testcase classname="tests.test_iter9_ingestion_and_google_calendar.TestB_ConnectorInstance" name="test_b5_permissions_auto_granted" time="0.013" /><testcase classname="tests.test_iter9_ingestion_and_google_calendar.TestC_AccessGuard" name="test_c1_deny_when_consent_revoked" time="0.015" /><testcase classname="tests.test_iter9_ingestion_and_google_calendar.TestC_AccessGuard" name="test_c2_allow_with_active_consent" time="0.016" /><testcase classname="tests.test_iter9_ingestion_and_google_calendar.TestD_SyncPipeline" name="test_d1_initial_sync_ingests_events" time="0.024" /><testcase classname="tests.test_iter9_ingestion_and_google_calendar.TestD_SyncPipeline" name="test_d2_dedupe_second_sync_is_all_skipped" time="0.029" /><testcase classname="tests.test_iter9_ingestion_and_google_calendar.TestD_SyncPipeline" name="test_d3_update_supersedes_previous_event" time="0.031" /><testcase classname="tests.test_iter9_ingestion_and_google_calendar.TestD_SyncPipeline" name="test_d4_cancelled_event_archives_node" time="0.032" /><testcase classname="tests.test_iter9_ingestion_and_google_calendar.TestD_SyncPipeline" name="test_d5_malformed_event_goes_to_quarantine" time="0.013" /><testcase classname="tests.test_iter9_ingestion_and_google_calendar.TestD_SyncPipeline" name="test_d6_two_calendars_are_ingested_independently" time="0.024" /><testcase classname="tests.test_iter9_ingestion_and_google_calendar.TestD_SyncPipeline" name="test_d7_cross_user_isolation" time="0.009" /><testcase classname="tests.test_iter9_ingestion_and_google_calendar.TestE_DecisionGenerationFlag" name="test_e1_flag_off_creates_no_decision" time="0.024" /><testcase classname="tests.test_iter9_ingestion_and_google_calendar.TestE_DecisionGenerationFlag" name="test_e2_flag_on_creates_decision_for_matching_event" time="0.024" /><testcase classname="tests.test_iter9_ingestion_and_google_calendar.TestF_Revocation" name="test_f1_revoke_marks_data_detached" time="0.025" /><testcase classname="tests.test_iter9_ingestion_and_google_calendar.TestG_AuditRedaction" name="test_g1_audit_never_contains_titles" time="0.025" /><testcase classname="tests.test_iter9_ingestion_and_google_calendar.TestH_ContextFlag" name="test_h1_provider_off_hash_stable" time="0.008" /><testcase classname="tests.test_iter9_ingestion_and_google_calendar.TestI_LatestEndpointStillWorks" name="test_i1_latest_envelope_stable" time="0.007" /><testcase classname="tests.test_iter9_ingestion_and_google_calendar.TestJ_VaultAndConfigGuards" name="test_j1_real_mode_without_creds_is_503" time="0.001" /><testcase classname="tests.test_iter9_ingestion_and_google_calendar.TestJ_VaultAndConfigGuards" name="test_j2_ingestion_stats_starts_populated" time="0.002" /><testcase classname="tests.test_iter10_daily_intelligence.TestA_AnalyzerPure" name="test_a1_empty_day" time="0.000" /><testcase classname="tests.test_iter10_daily_intelligence.TestA_AnalyzerPure" name="test_a2_full_day_stressful" time="0.000" /><testcase classname="tests.test_iter10_daily_intelligence.TestA_AnalyzerPure" name="test_a3_many_meetings_only" time="0.000" /><testcase classname="tests.test_iter10_daily_intelligence.TestA_AnalyzerPure" name="test_a4_travel_day" time="0.000" /><testcase classname="tests.test_iter10_daily_intelligence.TestA_AnalyzerPure" name="test_a5_weekend_flag" time="0.000" /><testcase classname="tests.test_iter10_daily_intelligence.TestA_AnalyzerPure" name="test_a6_holiday_flag" time="0.000" /><testcase classname="tests.test_iter10_daily_intelligence.TestA_AnalyzerPure" name="test_a7_vacation_day_all_day" time="0.000" /><testcase classname="tests.test_iter10_daily_intelligence.TestA_AnalyzerPure" name="test_a8_overlapping_events_merged_in_busy" time="0.000" /><testcase classname="tests.test_iter10_daily_intelligence.TestA_AnalyzerPure" name="test_a9_free_slots_span_the_gaps" time="0.000" /><testcase classname="tests.test_iter10_daily_intelligence.TestA_AnalyzerPure" name="test_a10_back_to_back_marathon" time="0.000" /><testcase classname="tests.test_iter10_daily_intelligence.TestA_AnalyzerPure" name="test_a11_free_morning_opportunity" time="0.000" /><testcase classname="tests.test_iter10_daily_intelligence.TestA_AnalyzerPure" name="test_a12_confidence_high_with_many_events" time="0.000" /><testcase classname="tests.test_iter10_daily_intelligence.TestA_AnalyzerPure" name="test_a13_cancelled_events_ignored" time="0.000" /><testcase classname="tests.test_iter10_daily_intelligence.TestA_AnalyzerPure" name="test_a14_energy_estimation_shape" time="0.000" /><testcase classname="tests.test_iter10_daily_intelligence.TestA_AnalyzerPure" name="test_a15_output_shape_stable" time="0.000" /><testcase classname="tests.test_iter10_daily_intelligence.TestB_APIEndpoints" name="test_b1_today_default_empty" time="0.228" /><testcase classname="tests.test_iter10_daily_intelligence.TestB_APIEndpoints" name="test_b2_today_with_events" time="0.006" /><testcase classname="tests.test_iter10_daily_intelligence.TestB_APIEndpoints" name="test_b3_tomorrow" time="0.004" /><testcase classname="tests.test_iter10_daily_intelligence.TestB_APIEndpoints" name="test_b4_refresh_returns_both_days" time="0.003" /><testcase classname="tests.test_iter10_daily_intelligence.TestB_APIEndpoints" name="test_b5_specific_date" time="0.002" /><testcase classname="tests.test_iter10_daily_intelligence.TestB_APIEndpoints" name="test_b6_bad_date_400" time="0.001" /><testcase classname="tests.test_iter10_daily_intelligence.TestB_APIEndpoints" name="test_b7_auth_required" time="0.001" /><testcase classname="tests.test_iter10_daily_intelligence.TestB_APIEndpoints" name="test_b8_cross_user_isolation" time="0.228" /><testcase classname="tests.test_iter10_daily_intelligence.TestC_ContextAssemblerFlag" name="test_c1_flag_off_hash_stable_and_no_signals" time="0.008" /><testcase classname="tests.test_iter10_daily_intelligence.TestC_ContextAssemblerFlag" name="test_c2_flag_on_emits_daily_signal" time="0.006" /><testcase classname="tests.test_iter10_daily_intelligence.TestD_NoDecisionCreation" name="test_d1_daily_never_creates_decisions" time="0.024" /><testcase classname="tests.test_iter10_daily_intelligence.TestD_NoDecisionCreation" name="test_d2_no_notifications_side_effect" time="0.002" /><testcase classname="tests.test_iter11_explainability_and_action_center.TestA_Rules" name="test_a1_imminent_event_fires" time="0.000" /><testcase classname="tests.test_iter11_explainability_and_action_center.TestA_Rules" name="test_a2_deadline_soon" time="0.000" /><testcase classname="tests.test_iter11_explainability_and_action_center.TestA_Rules" name="test_a3_quick_win" time="0.000" /><testcase classname="tests.test_iter11_explainability_and_action_center.TestA_Rules" name="test_a4_travel_dependency_by_category" time="0.000" /><testcase classname="tests.test_iter11_explainability_and_action_center.TestA_Rules" name="test_a5_travel_dependency_by_linked_node" time="0.000" /><testcase classname="tests.test_iter11_explainability_and_action_center.TestA_Rules" name="test_a6_busy_day_from_daily" time="0.000" /><testcase classname="tests.test_iter11_explainability_and_action_center.TestA_Rules" name="test_a7_available_time_slot" time="0.000" /><testcase classname="tests.test_iter11_explainability_and_action_center.TestA_Rules" name="test_a8_available_slot_requires_enough_time" time="0.000" /><testcase classname="tests.test_iter11_explainability_and_action_center.TestA_Rules" name="test_a9_postpone_risk_high_combined" time="0.000" /><testcase classname="tests.test_iter11_explainability_and_action_center.TestA_Rules" name="test_a10_deterministic" time="0.000" /><testcase classname="tests.test_iter11_explainability_and_action_center.TestB_TextComposition" name="test_b1_summary_default_when_no_rules" time="0.000" /><testcase classname="tests.test_iter11_explainability_and_action_center.TestB_TextComposition" name="test_b2_summary_imminent_plus_slot" time="0.000" /><testcase classname="tests.test_iter11_explainability_and_action_center.TestB_TextComposition" name="test_b3_no_python_class_names_in_summary" time="0.000" /><testcase classname="tests.test_iter11_explainability_and_action_center.TestB_TextComposition" name="test_b4_reasoning_steps_ordered" time="0.000" /><testcase classname="tests.test_iter11_explainability_and_action_center.TestB_TextComposition" name="test_b5_impact_classifier" time="0.000" /><testcase classname="tests.test_iter11_explainability_and_action_center.TestB_TextComposition" name="test_b6_postpone_risk_classifier" time="0.000" /><testcase classname="tests.test_iter11_explainability_and_action_center.TestB_TextComposition" name="test_b7_confidence_classifier" time="0.000" /><testcase classname="tests.test_iter11_explainability_and_action_center.TestC_ExplanationAPI" name="test_c1_explanation_for_existing_decision" time="0.231" /><testcase classname="tests.test_iter11_explainability_and_action_center.TestC_ExplanationAPI" name="test_c2_explanation_missing_decision_404" time="0.002" /><testcase classname="tests.test_iter11_explainability_and_action_center.TestC_ExplanationAPI" name="test_c3_explanation_no_leaks" time="0.004" /><testcase classname="tests.test_iter11_explainability_and_action_center.TestC_ExplanationAPI" name="test_c4_flag_off_returns_404" time="0.002" /><testcase classname="tests.test_iter11_explainability_and_action_center.TestC_ExplanationAPI" name="test_c5_data_sources_include_life_graph_when_linked" time="0.007" /><testcase classname="tests.test_iter11_explainability_and_action_center.TestC_ExplanationAPI" name="test_c6_cross_user_isolation" time="0.228" /><testcase classname="tests.test_iter11_explainability_and_action_center.TestD_StateMachine" name="test_d1_allowed_matrix_shape" time="0.000" /><testcase classname="tests.test_iter11_explainability_and_action_center.TestD_StateMachine" name="test_d2_start_from_pending" time="0.004" /><testcase classname="tests.test_iter11_explainability_and_action_center.TestD_StateMachine" name="test_d3_partial_with_percentage" time="0.007" /><testcase classname="tests.test_iter11_explainability_and_action_center.TestD_StateMachine" name="test_d4_complete_terminal" time="0.005" /><testcase classname="tests.test_iter11_explainability_and_action_center.TestD_StateMachine" name="test_d5_postpone_with_until" time="0.004" /><testcase classname="tests.test_iter11_explainability_and_action_center.TestD_StateMachine" name="test_d6_block_with_reason" time="0.005" /><testcase classname="tests.test_iter11_explainability_and_action_center.TestD_StateMachine" name="test_d7_dismiss_with_reason" time="0.004" /><testcase classname="tests.test_iter11_explainability_and_action_center.TestD_StateMachine" name="test_d8_dismissed_is_terminal" time="0.004" /><testcase classname="tests.test_iter11_explainability_and_action_center.TestD_StateMachine" name="test_d9_postpone_then_resume" time="0.006" /><testcase classname="tests.test_iter11_explainability_and_action_center.TestD_StateMachine" name="test_d10_flag_off_disables_new_endpoints" time="0.003" /><testcase classname="tests.test_iter11_explainability_and_action_center.TestE_History" name="test_e1_history_records_each_transition" time="0.009" /><testcase classname="tests.test_iter11_explainability_and_action_center.TestE_History" name="test_e2_history_isolated_per_user" time="0.229" /><testcase classname="tests.test_iter11_explainability_and_action_center.TestF_NoRegression" name="test_f1_no_llm_in_module" time="0.001" /><testcase classname="tests.test_iter11_explainability_and_action_center.TestF_NoRegression" name="test_f2_action_center_never_creates_new_decisions" time="0.028" /><testcase classname="tests.test_iter11_explainability_and_action_center.TestF_NoRegression" name="test_f3_top_ranking_endpoint_untouched" time="0.002" /><testcase classname="tests.test_iter11_explainability_and_action_center.TestF_NoRegression" name="test_f4_context_latest_still_uniform" time="0.008" /></testsuite></testsuites>