<?xml version="1.0" encoding="utf-8"?><testsuites name="pytest tests"><testsuite name="pytest" errors="0" failures="0" skipped="0" tests="29" time="9.888" timestamp="2026-07-30T15:32:06.408265+00:00" hostname="agent-env-71535694-dd7d-46b7-b0bc-df5d620cb6d9"><testcase classname="tests.test_context_assembler.TestA_BasicShape" name="test_a1_assemble_shape" time="1.538" /><testcase classname="tests.test_context_assembler.TestA_BasicShape" name="test_a2_providers_run_contains_all_6" time="0.000" /><testcase classname="tests.test_context_assembler.TestA_BasicShape" name="test_a3_signal_shape" time="0.000" /><testcase classname="tests.test_context_assembler.TestB_DataMinimization" name="test_b4_bill_includes_subscription" time="0.000" /><testcase classname="tests.test_context_assembler.TestB_DataMinimization" name="test_b4b_fitness_excludes_subscription" time="0.510" /><testcase classname="tests.test_context_assembler.TestB_DataMinimization" name="test_b5_bill_includes_car" time="0.502" /><testcase classname="tests.test_context_assembler.TestC_Sensitive" name="test_c6_medications_excluded" time="0.633" /><testcase classname="tests.test_context_assembler.TestD_Idempotence" name="test_d7_double_assemble_same_id_and_hash" time="0.286" /><testcase classname="tests.test_context_assembler.TestD_Idempotence" name="test_d8_refresh_supersedes" time="0.392" /><testcase classname="tests.test_context_assembler.TestD_Idempotence" name="test_d9_knowledge_change_produces_new_hash" time="0.258" /><testcase classname="tests.test_context_assembler.TestE_Conflicts" name="test_e10_dedupe_same_value_keeps_most_reliable" time="0.003" /><testcase classname="tests.test_context_assembler.TestE_Conflicts" name="test_e10b_dedupe_different_values_emits_conflict" time="0.000" /><testcase classname="tests.test_context_assembler.TestF_ProviderFailure" name="test_f11_failing_provider_does_not_block" time="0.075" /><testcase classname="tests.test_context_assembler.TestG_Isolation" name="test_g12_cross_user_404" time="1.021" /><testcase classname="tests.test_context_assembler.TestG_Isolation" name="test_g13_no_token_401" time="0.735" /><testcase classname="tests.test_context_assembler.TestH_FlagOff" name="test_h14_flag_off_is_noop" time="0.001" /><testcase classname="tests.test_context_assembler.TestH_FlagOff" name="test_h15_top_byte_stable_with_flag_off" time="0.388" /><testcase classname="tests.test_context_assembler.TestI_FlagOn" name="test_i16_flag_toggle_reflected" time="0.001" /><testcase classname="tests.test_context_assembler.TestI_FlagOn" name="test_i17_attach_populates_signals" time="0.001" /><testcase classname="tests.test_context_assembler.TestI_FlagOn" name="test_i18_top_still_byte_stable_flag_on" time="0.125" /><testcase classname="tests.test_context_assembler.TestJ_Redaction" name="test_j19_plate_not_in_hash_or_warnings" time="0.514" /><testcase classname="tests.test_context_assembler.TestJ_Redaction" name="test_j20_no_raw_sensitive_in_warnings" time="0.000" /><testcase classname="tests.test_context_assembler.TestK_Cap" name="test_k21_max_signals_constant" time="0.000" /><testcase classname="tests.test_context_assembler.TestL_Regression" name="test_l22_top_returns_reasons" time="0.127" /><testcase classname="tests.test_context_assembler.TestL_Regression" name="test_l24_life_graph_still_works" time="0.125" /><testcase classname="tests.test_context_assembler.TestL_Regression" name="test_l25_knowledge_patch_envelope_and_409" time="0.272" /><testcase classname="tests.test_context_assembler.TestL_Regression" name="test_l27_legacy_priorities" time="0.142" /><testcase classname="tests.test_context_assembler.TestL_Regression" name="test_l28_auth_gates" time="0.455" /><testcase classname="tests.test_context_assembler.TestL_Regression" name="test_l30_login_no_side_effects_on_decisions" time="1.685" /></testsuite></testsuites>