<?xml version="1.0" encoding="utf-8"?><testsuites name="pytest tests"><testsuite name="pytest" errors="0" failures="0" skipped="0" tests="40" time="12.368" timestamp="2026-07-30T17:13:59.431375+00:00" hostname="agent-env-71535694-dd7d-46b7-b0bc-df5d620cb6d9"><testcase classname="tests.test_iter8_permissions_connectors.TestRegressionAuth" name="test_root" time="0.149" /><testcase classname="tests.test_iter8_permissions_connectors.TestRegressionAuth" name="test_register_ok_and_shape" time="0.342" /><testcase classname="tests.test_iter8_permissions_connectors.TestRegressionAuth" name="test_login_and_me" time="0.457" /><testcase classname="tests.test_iter8_permissions_connectors.TestRegressionAuth" name="test_me_no_token_401" time="0.170" /><testcase classname="tests.test_iter8_permissions_connectors.TestRegressionAuth" name="test_login_bad_password_401" time="0.476" /><testcase classname="tests.test_iter8_permissions_connectors.TestRegressionAuth" name="test_google_session_bad_token" time="0.219" /><testcase classname="tests.test_iter8_permissions_connectors.TestRegressionAuth" name="test_logout" time="0.127" /><testcase classname="tests.test_iter8_permissions_connectors.TestRegressionLegacy" name="test_priorities" time="0.150" /><testcase classname="tests.test_iter8_permissions_connectors.TestRegressionLegacy" name="test_tasks_list" time="0.130" /><testcase classname="tests.test_iter8_permissions_connectors.TestRegressionDecisions" name="test_list_top_get" time="0.353" /><testcase classname="tests.test_iter8_permissions_connectors.TestRegressionDecisions" name="test_create_dismiss_complete" time="0.548" /><testcase classname="tests.test_iter8_permissions_connectors.TestRegressionLifeGraph" name="test_vocab_and_seed_and_nodes" time="0.372" /><testcase classname="tests.test_iter8_permissions_connectors.TestRegressionKnowledge" name="test_schemas" time="0.130" /><testcase classname="tests.test_iter8_permissions_connectors.TestRegressionKnowledge" name="test_node_knowledge_shape" time="0.366" /><testcase classname="tests.test_iter8_permissions_connectors.TestRegressionAutoLink" name="test_list_and_analyze" time="0.388" /><testcase classname="tests.test_iter8_permissions_connectors.TestRegressionAdmin" name="test_admin_demo_refresh" time="0.513" /><testcase classname="tests.test_iter8_permissions_connectors.TestRegressionMemory" name="test_memory_post_get" time="0.267" /><testcase classname="tests.test_iter8_permissions_connectors.TestLatestEnvelope" name="test_latest_available_shape" time="0.379" /><testcase classname="tests.test_iter8_permissions_connectors.TestLatestEnvelope" name="test_latest_not_found_shape" time="0.257" /><testcase classname="tests.test_iter8_permissions_connectors.TestLatestEnvelope" name="test_latest_cross_user_404" time="0.593" /><testcase classname="tests.test_iter8_permissions_connectors.TestLatestEnvelope" name="test_latest_no_token_401" time="0.123" /><testcase classname="tests.test_iter8_permissions_connectors.TestDecisionNodeIds" name="test_create_with_node_ids_links_and_history" time="0.371" /><testcase classname="tests.test_iter8_permissions_connectors.TestDecisionNodeIds" name="test_create_with_unknown_node_400_and_rollback" time="0.356" /><testcase classname="tests.test_iter8_permissions_connectors.TestDecisionNodeIds" name="test_create_without_node_ids_still_works" time="0.104" /><testcase classname="tests.test_iter8_permissions_connectors.TestDecisionNodeIds" name="test_create_with_cross_user_node_id_400" time="0.372" /><testcase classname="tests.test_iter8_permissions_connectors.TestPermissionsRegistry" name="test_registry_shape_11_items" time="0.108" /><testcase classname="tests.test_iter8_permissions_connectors.TestPermissionsRegistry" name="test_registry_by_id_known_and_unknown" time="0.235" /><testcase classname="tests.test_iter8_permissions_connectors.TestPermissionsConsent" name="test_grant_list_regrant_revoke" time="0.619" /><testcase classname="tests.test_iter8_permissions_connectors.TestPermissionsConsent" name="test_grant_unknown_capability_404" time="0.119" /><testcase classname="tests.test_iter8_permissions_connectors.TestPermissionsConsent" name="test_revoke_all_for_connector" time="0.368" /><testcase classname="tests.test_iter8_permissions_connectors.TestPermissionsConsent" name="test_wildcard_grant" time="0.140" /><testcase classname="tests.test_iter8_permissions_connectors.TestPermissionsConsent" name="test_audit_contains_events" time="0.111" /><testcase classname="tests.test_iter8_permissions_connectors.TestPermissionsAdminGuard" name="test_admin_toggle_forbidden_for_non_demo" time="0.122" /><testcase classname="tests.test_iter8_permissions_connectors.TestPermissionsAdminGuard" name="test_admin_toggle_ok_for_demo" time="0.127" /><testcase classname="tests.test_iter8_permissions_connectors.TestConnectors" name="test_registry_shape" time="0.139" /><testcase classname="tests.test_iter8_permissions_connectors.TestConnectors" name="test_registry_by_id" time="0.242" /><testcase classname="tests.test_iter8_permissions_connectors.TestConnectors" name="test_status_requires_auth" time="0.164" /><testcase classname="tests.test_iter8_permissions_connectors.TestConnectors" name="test_status_snapshot_shape_and_grant_effect" time="0.511" /><testcase classname="tests.test_iter8_permissions_connectors.TestConnectors" name="test_no_connect_oauth_sync_webhook_endpoints" time="1.210" /><testcase classname="tests.test_iter8_permissions_connectors.TestAssemblerPermissionsFlagOff" name="test_providers_run_includes_permissions_zero_signals_stable_hash" time="0.374" /></testsuite></testsuites>