<?xml version="1.0" encoding="utf-8"?><testsuites name="pytest tests"><testsuite name="pytest" errors="0" failures="0" skipped="0" tests="27" time="3.625" timestamp="2026-07-31T00:42:45.471596+00:00" hostname="agent-env-71535694-dd7d-46b7-b0bc-df5d620cb6d9"><testcase classname="tests.test_iter19_documents.TestA_Upload" name="test_a1_upload_returns_doc" time="0.261" /><testcase classname="tests.test_iter18_2_audit_wiring.TestA_MemoryWiring" name="test_a1_memory_saved_and_returns_life_node_id" time="0.261" /><testcase classname="tests.test_iter19_documents.TestA_Upload" name="test_a2_dedup_same_content" time="0.011" /><testcase classname="tests.test_iter18_2_audit_wiring.TestA_MemoryWiring" name="test_a2_life_node_exists_with_subtype_memory" time="0.010" /><testcase classname="tests.test_iter18_2_audit_wiring.TestA_MemoryWiring" name="test_a3_knowledge_facts_are_attached" time="0.011" /><testcase classname="tests.test_iter19_documents.TestA_Upload" name="test_a3_mime_not_allowed" time="0.003" /><testcase classname="tests.test_iter19_documents.TestA_Upload" name="test_a4_empty_file" time="0.002" /><testcase classname="tests.test_iter18_2_audit_wiring.TestA_MemoryWiring" name="test_a4_get_memory_returns_original_shape" time="0.003" /><testcase classname="tests.test_iter18_2_audit_wiring.TestA_MemoryWiring" name="test_a5_life_graph_listing_shows_memory_nodes" time="0.003" /><testcase classname="tests.test_iter18_2_audit_wiring.TestB_ShadowAutoTrigger" name="test_b1_flags_off_no_shadow_evaluations" time="0.310" /><testcase classname="tests.test_iter19_documents.TestB_List" name="test_b1_list_returns_user_docs_only" time="0.245" /><testcase classname="tests.test_iter19_documents.TestB_List" name="test_b2_search_by_filename" time="0.009" /><testcase classname="tests.test_iter19_documents.TestB_List" name="test_b3_search_by_tag_and_mime_filter" time="0.009" /><testcase classname="tests.test_iter19_documents.TestB_List" name="test_b4_sort_by_name_asc" time="0.003" /><testcase classname="tests.test_iter19_documents.TestC_Detail" name="test_c1_get_by_id_ownership" time="0.009" /><testcase classname="tests.test_iter19_documents.TestC_Detail" name="test_c2_patch" time="0.011" /><testcase classname="tests.test_iter19_documents.TestC_Detail" name="test_c3_download_returns_original_bytes" time="0.009" /><testcase classname="tests.test_iter19_documents.TestD_Lifecycle" name="test_d1_archive_then_restore" time="0.014" /><testcase classname="tests.test_iter19_documents.TestD_Lifecycle" name="test_d2_soft_delete_hides_from_default_listing" time="0.014" /><testcase classname="tests.test_iter18_2_audit_wiring.TestB_ShadowAutoTrigger" name="test_b2_ranking_order_stable_across_flag_states" time="0.008" /><testcase classname="tests.test_iter19_documents.TestD_Lifecycle" name="test_d3_hard_delete_removes_blob" time="0.015" /><testcase classname="tests.test_iter18_2_audit_wiring.TestB_ShadowAutoTrigger" name="test_b3_flags_on_produces_shadow_evaluations" time="0.118" /><testcase classname="tests.test_iter19_documents.TestE_Wiring" name="test_e1_life_graph_node_created" time="0.010" /><testcase classname="tests.test_iter19_documents.TestE_Wiring" name="test_e2_knowledge_layer_facts_present" time="0.011" /><testcase classname="tests.test_iter19_documents.TestE_Wiring" name="test_e3_memory_tab_includes_documents" time="0.005" /><testcase classname="tests.test_iter18_2_audit_wiring.TestC_StartupIndices" name="test_c1_stats_endpoint_reachable" time="0.003" /><testcase classname="tests.test_iter19_documents.TestF_ContextProvider" name="test_f1_provider_no_op_when_flag_off" time="0.002" /></testsuite></testsuites>