<?xml version="1.0" encoding="utf-8"?><testsuites name="pytest tests"><testsuite name="pytest" errors="0" failures="0" skipped="0" tests="4" time="3.689" timestamp="2026-07-31T09:02:32.040957+00:00" hostname="agent-env-71535694-dd7d-46b7-b0bc-df5d620cb6d9"><testcase classname="tests.test_iter22_live_smoke" name="test_ticket_smoke" time="0.582" /><testcase classname="tests.test_iter22_live_smoke" name="test_invoice_smoke" time="0.212" /><testcase classname="tests.test_iter22_live_smoke" name="test_contract_smoke" time="0.216" /><testcase classname="tests.test_iter22_live_smoke" name="test_env_thresholds_module_constants" time="0.004" /></testsuite></testsuites>