<?xml version="1.0" encoding="utf-8"?><testsuites name="pytest tests"><testsuite name="pytest" errors="0" failures="0" skipped="0" tests="3" time="2.175" timestamp="2026-07-30T17:03:07.385716+00:00" hostname="agent-env-71535694-dd7d-46b7-b0bc-df5d620cb6d9"><testcase classname="tests.test_iter9_spot_checks" name="test_instance_doc_has_no_plaintext_token" time="0.258" /><testcase classname="tests.test_iter9_spot_checks" name="test_provider_not_configured_shape_in_real_mode" time="0.002" /><testcase classname="tests.test_iter9_spot_checks" name="test_cross_user_isolation_returns_404" time="0.234" /></testsuite></testsuites>