<?xml version="1.0" encoding="utf-8"?><testsuites name="pytest tests"><testsuite name="pytest" errors="0" failures="0" skipped="0" tests="25" time="2.497" timestamp="2026-07-30T17:13:51.651940+00:00" hostname="agent-env-71535694-dd7d-46b7-b0bc-df5d620cb6d9"><testcase classname="tests.test_iter9_ingestion_and_google_calendar.TestA_ProviderConfig" name="test_a1_oauth_start_returns_fake_state" time="0.250" /><testcase classname="tests.test_iter9_ingestion_and_google_calendar.TestA_ProviderConfig" name="test_a2_callback_fake_disabled_when_real" time="0.001" /><testcase classname="tests.test_iter9_ingestion_and_google_calendar.TestA_ProviderConfig" name="test_a3_oauth_start_state_persisted_and_expires" time="0.002" /><testcase classname="tests.test_iter9_ingestion_and_google_calendar.TestB_ConnectorInstance" name="test_b1_upsert_instance_via_callback" time="0.009" /><testcase classname="tests.test_iter9_ingestion_and_google_calendar.TestB_ConnectorInstance" name="test_b2_instance_scoped_to_user" time="0.234" /><testcase classname="tests.test_iter9_ingestion_and_google_calendar.TestB_ConnectorInstance" name="test_b3_second_account_creates_second_instance" time="0.014" /><testcase classname="tests.test_iter9_ingestion_and_google_calendar.TestB_ConnectorInstance" name="test_b4_no_token_in_instance_document" time="0.009" /><testcase classname="tests.test_iter9_ingestion_and_google_calendar.TestB_ConnectorInstance" name="test_b5_permissions_auto_granted" time="0.009" /><testcase classname="tests.test_iter9_ingestion_and_google_calendar.TestC_AccessGuard" name="test_c1_deny_when_consent_revoked" time="0.012" /><testcase classname="tests.test_iter9_ingestion_and_google_calendar.TestC_AccessGuard" name="test_c2_allow_with_active_consent" time="0.012" /><testcase classname="tests.test_iter9_ingestion_and_google_calendar.TestD_SyncPipeline" name="test_d1_initial_sync_ingests_events" time="0.020" /><testcase classname="tests.test_iter9_ingestion_and_google_calendar.TestD_SyncPipeline" name="test_d2_dedupe_second_sync_is_all_skipped" time="0.024" /><testcase classname="tests.test_iter9_ingestion_and_google_calendar.TestD_SyncPipeline" name="test_d3_update_supersedes_previous_event" time="0.028" /><testcase classname="tests.test_iter9_ingestion_and_google_calendar.TestD_SyncPipeline" name="test_d4_cancelled_event_archives_node" time="0.028" /><testcase classname="tests.test_iter9_ingestion_and_google_calendar.TestD_SyncPipeline" name="test_d5_malformed_event_goes_to_quarantine" time="0.013" /><testcase classname="tests.test_iter9_ingestion_and_google_calendar.TestD_SyncPipeline" name="test_d6_two_calendars_are_ingested_independently" time="0.024" /><testcase classname="tests.test_iter9_ingestion_and_google_calendar.TestD_SyncPipeline" name="test_d7_cross_user_isolation" time="0.008" /><testcase classname="tests.test_iter9_ingestion_and_google_calendar.TestE_DecisionGenerationFlag" name="test_e1_flag_off_creates_no_decision" time="0.018" /><testcase classname="tests.test_iter9_ingestion_and_google_calendar.TestE_DecisionGenerationFlag" name="test_e2_flag_on_creates_decision_for_matching_event" time="0.020" /><testcase classname="tests.test_iter9_ingestion_and_google_calendar.TestF_Revocation" name="test_f1_revoke_marks_data_detached" time="0.024" /><testcase classname="tests.test_iter9_ingestion_and_google_calendar.TestG_AuditRedaction" name="test_g1_audit_never_contains_titles" time="0.023" /><testcase classname="tests.test_iter9_ingestion_and_google_calendar.TestH_ContextFlag" name="test_h1_provider_off_hash_stable" time="0.008" /><testcase classname="tests.test_iter9_ingestion_and_google_calendar.TestI_LatestEndpointStillWorks" name="test_i1_latest_envelope_stable" time="0.006" /><testcase classname="tests.test_iter9_ingestion_and_google_calendar.TestJ_VaultAndConfigGuards" name="test_j1_real_mode_without_creds_is_503" time="0.001" /><testcase classname="tests.test_iter9_ingestion_and_google_calendar.TestJ_VaultAndConfigGuards" name="test_j2_ingestion_stats_starts_populated" time="0.003" /></testsuite></testsuites>