<?xml version="1.0" encoding="utf-8"?><testsuites name="pytest tests"><testsuite name="pytest" errors="0" failures="0" skipped="0" tests="4" time="3.453" timestamp="2026-07-31T07:41:49.967505+00:00" hostname="agent-env-71535694-dd7d-46b7-b0bc-df5d620cb6d9"><testcase classname="tests.test_iter21_live_smoke.TestIter21LiveExtraction" name="test_ticketdirect_no_false_positives" time="0.598" /><testcase classname="tests.test_iter21_live_smoke.TestIter21LiveExtraction" name="test_bare_11_digits_no_label" time="0.102" /><testcase classname="tests.test_iter21_live_smoke.TestIter21LiveExtraction" name="test_cf_strict_16_char" time="0.108" /><testcase classname="tests.test_iter21_live_smoke.TestIter21LiveExtraction" name="test_insights_404_for_unknown_doc" time="0.044" /></testsuite></testsuites>