<?xml version="1.0" encoding="utf-8"?><testsuites name="pytest tests"><testsuite name="pytest" errors="5" failures="0" skipped="0" tests="60" time="10.963" timestamp="2026-07-31T07:44:22.792706+00:00" hostname="agent-env-71535694-dd7d-46b7-b0bc-df5d620cb6d9"><testcase classname="tests.test_iter21_document_insights.TestInsights" name="test_i1_ticket_type_detected" time="0.267" /><testcase classname="tests.test_iter21_document_insights.TestInsights" name="test_i2_email_url_phone_extracted" time="0.010" /><testcase classname="tests.test_iter21_bugfix_router_crash.TestDocumentsAPI" name="test_a_upload_ticket" time="0.454" /><testcase classname="tests.test_iter21_bugfix_router_crash.TestDocumentsAPI" name="test_b_list_contains_doc" time="0.117" /><testcase classname="tests.test_iter21_document_insights.TestInsights" name="test_i3_ownership" time="0.239" /><testcase classname="tests.test_iter21_document_insights.TestInsights" name="test_i4_no_text_no_entities" time="0.479" /><testcase classname="tests.test_iter21_bugfix_router_crash.TestDocumentsAPI" name="test_c_get_doc" time="0.145" /><testcase classname="tests.test_iter21_bugfix_router_crash.TestDocumentsAPI" name="test_d_insights_shape" time="0.096" /><testcase classname="tests.test_iter21_bugfix_router_crash.TestDocumentsAPI" name="test_e_archive_then_insights_no_crash" time="0.208" /><testcase classname="tests.test_iter21_document_insights.TestInsights" name="test_i5_history_fields_present" time="0.013" /><testcase classname="tests.test_iter21_document_insights.TestInsights" name="test_i6_no_llm_no_reocr" time="0.013" /><testcase classname="tests.test_iter21_bugfix_router_crash.TestDocumentsAPI" name="test_f_restore" time="0.093" /><testcase classname="tests.test_iter21_document_insights.TestInsights" name="test_i7_invoice_type" time="0.014" /><testcase classname="tests.test_iter21_document_insights.TestInsights" name="test_i8_dedup_same_hash_returns_same_insights" time="0.020" /><testcase classname="tests.test_iter21_document_insights.TestInsightsFalsePositiveGuards" name="test_ticketdirect_no_false_positives" time="0.015" /><testcase classname="tests.test_iter21_document_insights.TestInsightsFalsePositiveGuards" name="test_bare_11_digits_no_label_is_not_tax_id" time="0.013" /><testcase classname="tests.test_iter21_document_insights.TestInsightsFalsePositiveGuards" name="test_cf_only_valid_pattern" time="0.011" /><testcase classname="tests.test_iter21_document_insights.TestInsightsFalsePositiveGuards" name="test_timestamp_and_ticket_id_stay_out_of_phones" time="0.012" /><testcase classname="tests.test_iter21_document_insights.TestInsightsFalsePositiveGuards" name="test_labeled_phones_variants" time="0.014" /><testcase classname="tests.test_iter21_bugfix_router_crash.TestDocumentsAPI" name="test_g_upload_second_doc" time="0.106" /><testcase classname="tests.test_iter21_bugfix_router_crash.TestDocumentsAPI" name="test_h_open_multiple_in_sequence" time="0.392" /><testcase classname="tests.test_iter19_documents.TestA_Upload" name="test_a1_upload_returns_doc" time="0.270" /><testcase classname="tests.test_iter19_documents.TestA_Upload" name="test_a2_dedup_same_content" time="0.013" /><testcase classname="tests.test_iter19_documents.TestA_Upload" name="test_a3_mime_not_allowed" time="0.002" /><testcase classname="tests.test_iter19_documents.TestA_Upload" name="test_a4_empty_file" time="0.002" /><testcase classname="tests.test_iter19_2_memory_ask_documents.TestB_DocsInAsk" name="test_b1_single_document_appears_in_sources" time="1.759" /><testcase classname="tests.test_iter19_documents.TestB_List" name="test_b1_list_returns_user_docs_only" time="0.505" /><testcase classname="tests.test_iter19_documents.TestB_List" name="test_b2_search_by_filename" time="0.051" /><testcase classname="tests.test_iter19_documents.TestB_List" name="test_b3_search_by_tag_and_mime_filter" time="0.013" /><testcase classname="tests.test_iter19_documents.TestB_List" name="test_b4_sort_by_name_asc" time="0.003" /><testcase classname="tests.test_iter19_documents.TestC_Detail" name="test_c1_get_by_id_ownership" time="0.014" /><testcase classname="tests.test_iter19_documents.TestC_Detail" name="test_c2_patch" time="0.015" /><testcase classname="tests.test_iter19_documents.TestC_Detail" name="test_c3_download_returns_original_bytes" time="0.013" /><testcase classname="tests.test_iter19_documents.TestD_Lifecycle" name="test_d1_archive_then_restore" time="0.017" /><testcase classname="tests.test_iter19_documents.TestD_Lifecycle" name="test_d2_soft_delete_hides_from_default_listing" time="0.015" /><testcase classname="tests.test_iter19_documents.TestD_Lifecycle" name="test_d3_hard_delete_removes_blob" time="0.012" /><testcase classname="tests.test_iter19_documents.TestE_Wiring" name="test_e1_life_graph_node_created" time="0.010" /><testcase classname="tests.test_iter19_documents.TestE_Wiring" name="test_e2_knowledge_layer_facts_present" time="0.010" /><testcase classname="tests.test_iter19_documents.TestE_Wiring" name="test_e3_memory_tab_includes_documents" time="0.003" /><testcase classname="tests.test_iter19_2_memory_ask_documents.TestC_Filters" name="test_c1_soft_deleted_excluded_from_ask" time="0.240" /><testcase classname="tests.test_iter19_2_memory_ask_documents.TestC_Filters" name="test_c2_archived_documents_present_but_flagged" time="1.606" /><testcase classname="tests.test_iter19_2_memory_ask_documents.TestB_DocsInAsk" name="test_b2_multiple_documents_all_returned" time="1.740" /><testcase classname="tests.test_iter19_2_memory_ask_documents.TestC_Filters" name="test_c3_ownership_user_a_does_not_see_user_b_docs" time="0.464" /><testcase classname="tests.test_iter20_document_intelligence.TestA_PDFExtraction" name="test_a1_pdf_text_extracted" time="0.238" /><testcase classname="tests.test_iter20_document_intelligence.TestA_PDFExtraction" name="test_a2_search_finds_extracted_text" time="0.012" /><testcase classname="tests.test_iter20_document_intelligence.TestC_TextFile" name="test_c1_txt_passthrough" time="0.012" /><testcase classname="tests.test_iter20_document_intelligence.TestC_TextFile" name="test_c2_search_by_extracted_text" time="0.011" /><testcase classname="tests.test_iter19_2_memory_ask_documents.TestA_ZeroRegression" name="test_a1_new_user_no_data_returns_historic_answer" time="0.229" /><testcase classname="tests.test_iter19_2_memory_ask_documents.TestB_DocsInAsk" name="test_b3_search_by_filename_hits_specific_doc" time="1.472" /><testcase classname="tests.test_iter19_2_memory_ask_documents.TestA_ZeroRegression" name="test_a2_memory_only_still_answers" time="0.923" /><testcase classname="tests.test_iter21_bugfix_router_crash.TestMemoryAskRegression" name="test_ask_cites_document" time="0.114"><error message="failed on setup with &quot;AssertionError: {&quot;detail&quot;:&quot;Email già registrata&quot;}&#10;assert 409 == 200&#10; +  where 409 = &lt;Response [409]&gt;.status_code&quot;">tests/test_iter21_bugfix_router_crash.py:53: in user
    assert r.status_code == 200, r.text
E   AssertionError: {"detail":"Email già registrata"}
E   assert 409 == 200
E    +  where 409 = &lt;Response [409]&gt;.status_code</error></testcase><testcase classname="tests.test_iter20_document_intelligence.TestD_LifeGraphAndKnowledge" name="test_d1_life_graph_node_has_extraction_attrs" time="0.003"><error message="failed on setup with &quot;KeyError: 'token'&quot;">tests/test_iter20_document_intelligence.py:33: in user_a
    return {"token": r.json()["token"], "user_id": r.json()["user"]["user_id"]}
                     ^^^^^^^^^^^^^^^^^
E   KeyError: 'token'</error></testcase><testcase classname="tests.test_iter20_document_intelligence.TestE_MemoryAsk" name="test_e1_ask_uses_extracted_text" time="0.000"><error message="failed on setup with &quot;KeyError: 'token'&quot;">tests/test_iter20_document_intelligence.py:33: in user_a
    return {"token": r.json()["token"], "user_id": r.json()["user"]["user_id"]}
                     ^^^^^^^^^^^^^^^^^
E   KeyError: 'token'</error></testcase><testcase classname="tests.test_iter20_document_intelligence.TestF_Idempotency" name="test_f1_dedup_skips_re_extraction" time="0.000"><error message="failed on setup with &quot;KeyError: 'token'&quot;">tests/test_iter20_document_intelligence.py:33: in user_a
    return {"token": r.json()["token"], "user_id": r.json()["user"]["user_id"]}
                     ^^^^^^^^^^^^^^^^^
E   KeyError: 'token'</error></testcase><testcase classname="tests.test_iter20_document_intelligence.TestG_ErrorHandling" name="test_g1_corrupted_pdf" time="0.000"><error message="failed on setup with &quot;KeyError: 'token'&quot;">tests/test_iter20_document_intelligence.py:33: in user_a
    return {"token": r.json()["token"], "user_id": r.json()["user"]["user_id"]}
                     ^^^^^^^^^^^^^^^^^
E   KeyError: 'token'</error></testcase><testcase classname="tests.test_iter20_document_intelligence.TestH_ContextProviderGated" name="test_h1_provider_still_no_op_when_flag_off" time="0.001" /><testcase classname="tests.test_iter19_documents.TestF_ContextProvider" name="test_f1_provider_no_op_when_flag_off" time="0.000" /><testcase classname="tests.test_iter19_2_memory_ask_documents.TestD_SourcesContract" name="test_d1_sources_include_document_shape" time="1.549" /><testcase classname="tests.test_iter19_2_memory_ask_documents.TestB_DocsInAsk" name="test_b4_search_by_tag" time="1.313" /><testcase classname="tests.test_iter20_document_intelligence.TestB_OCR" name="test_b1_image_upload_triggers_ocr_engine" time="0.518" /></testsuite></testsuites>