<?xml version="1.0" encoding="utf-8"?><testsuites name="pytest tests"><testsuite name="pytest" errors="0" failures="0" skipped="0" tests="13" time="4.881" timestamp="2026-07-30T18:16:49.509206+00:00" hostname="agent-env-71535694-dd7d-46b7-b0bc-df5d620cb6d9"><testcase classname="tests.test_iter11_live_smoke.TestLiveExplanation" name="test_a_get_explanation_envelope" time="0.687" /><testcase classname="tests.test_iter11_live_smoke.TestLiveExplanation" name="test_b_data_sources_whitelist_only" time="0.125" /><testcase classname="tests.test_iter11_live_smoke.TestLiveExplanation" name="test_c_no_leaks_in_body" time="0.117" /><testcase classname="tests.test_iter11_live_smoke.TestLiveExplanation" name="test_d_human_summary_no_class_names" time="0.141" /><testcase classname="tests.test_iter11_live_smoke.TestLiveExplanation" name="test_e_new_manual_decision_includes_manual_input" time="0.245" /><testcase classname="tests.test_iter11_live_smoke.TestLiveActionCenter" name="test_a_start_partial_complete_history" time="0.616" /><testcase classname="tests.test_iter11_live_smoke.TestLiveActionCenter" name="test_b_complete_on_completed_is_409" time="0.397" /><testcase classname="tests.test_iter11_live_smoke.TestLiveActionCenter" name="test_c_postpone_missing_body_422" time="0.367" /><testcase classname="tests.test_iter11_live_smoke.TestLiveActionCenter" name="test_d_blocked_missing_reason_422" time="0.350" /><testcase classname="tests.test_iter11_live_smoke.TestLiveActionCenter" name="test_e_dismiss_backward_compat" time="0.449" /><testcase classname="tests.test_iter11_live_smoke.TestLiveIsolation" name="test_cross_user_returns_404" time="0.920" /><testcase classname="tests.test_iter11_live_smoke.TestLiveInvariants" name="test_top_endpoint_still_works" time="0.116" /><testcase classname="tests.test_iter11_live_smoke.TestLiveInvariants" name="test_no_notification_events_in_audit" time="0.242" /></testsuite></testsuites>