<?xml version="1.0" encoding="utf-8"?><testsuites name="pytest tests"><testsuite name="pytest" errors="0" failures="0" skipped="0" tests="39" time="0.853" timestamp="2026-07-30T18:14:14.065712+00:00" hostname="agent-env-71535694-dd7d-46b7-b0bc-df5d620cb6d9"><testcase classname="tests.test_iter11_explainability_and_action_center.TestA_Rules" name="test_a1_imminent_event_fires" time="0.000" /><testcase classname="tests.test_iter11_explainability_and_action_center.TestA_Rules" name="test_a2_deadline_soon" time="0.000" /><testcase classname="tests.test_iter11_explainability_and_action_center.TestA_Rules" name="test_a3_quick_win" time="0.000" /><testcase classname="tests.test_iter11_explainability_and_action_center.TestA_Rules" name="test_a4_travel_dependency_by_category" time="0.000" /><testcase classname="tests.test_iter11_explainability_and_action_center.TestA_Rules" name="test_a5_travel_dependency_by_linked_node" time="0.000" /><testcase classname="tests.test_iter11_explainability_and_action_center.TestA_Rules" name="test_a6_busy_day_from_daily" time="0.000" /><testcase classname="tests.test_iter11_explainability_and_action_center.TestA_Rules" name="test_a7_available_time_slot" time="0.000" /><testcase classname="tests.test_iter11_explainability_and_action_center.TestA_Rules" name="test_a8_available_slot_requires_enough_time" time="0.000" /><testcase classname="tests.test_iter11_explainability_and_action_center.TestA_Rules" name="test_a9_postpone_risk_high_combined" time="0.000" /><testcase classname="tests.test_iter11_explainability_and_action_center.TestA_Rules" name="test_a10_deterministic" time="0.000" /><testcase classname="tests.test_iter11_explainability_and_action_center.TestB_TextComposition" name="test_b1_summary_default_when_no_rules" time="0.000" /><testcase classname="tests.test_iter11_explainability_and_action_center.TestB_TextComposition" name="test_b2_summary_imminent_plus_slot" time="0.000" /><testcase classname="tests.test_iter11_explainability_and_action_center.TestB_TextComposition" name="test_b3_no_python_class_names_in_summary" time="0.000" /><testcase classname="tests.test_iter11_explainability_and_action_center.TestB_TextComposition" name="test_b4_reasoning_steps_ordered" time="0.000" /><testcase classname="tests.test_iter11_explainability_and_action_center.TestB_TextComposition" name="test_b5_impact_classifier" time="0.000" /><testcase classname="tests.test_iter11_explainability_and_action_center.TestB_TextComposition" name="test_b6_postpone_risk_classifier" time="0.000" /><testcase classname="tests.test_iter11_explainability_and_action_center.TestB_TextComposition" name="test_b7_confidence_classifier" time="0.000" /><testcase classname="tests.test_iter11_explainability_and_action_center.TestC_ExplanationAPI" name="test_c1_explanation_for_existing_decision" time="0.250" /><testcase classname="tests.test_iter11_explainability_and_action_center.TestC_ExplanationAPI" name="test_c2_explanation_missing_decision_404" time="0.002" /><testcase classname="tests.test_iter11_explainability_and_action_center.TestC_ExplanationAPI" name="test_c3_explanation_no_leaks" time="0.004" /><testcase classname="tests.test_iter11_explainability_and_action_center.TestC_ExplanationAPI" name="test_c4_flag_off_returns_404" time="0.002" /><testcase classname="tests.test_iter11_explainability_and_action_center.TestC_ExplanationAPI" name="test_c5_data_sources_include_life_graph_when_linked" time="0.007" /><testcase classname="tests.test_iter11_explainability_and_action_center.TestC_ExplanationAPI" name="test_c6_cross_user_isolation" time="0.228" /><testcase classname="tests.test_iter11_explainability_and_action_center.TestD_StateMachine" name="test_d1_allowed_matrix_shape" time="0.000" /><testcase classname="tests.test_iter11_explainability_and_action_center.TestD_StateMachine" name="test_d2_start_from_pending" time="0.004" /><testcase classname="tests.test_iter11_explainability_and_action_center.TestD_StateMachine" name="test_d3_partial_with_percentage" time="0.005" /><testcase classname="tests.test_iter11_explainability_and_action_center.TestD_StateMachine" name="test_d4_complete_terminal" time="0.004" /><testcase classname="tests.test_iter11_explainability_and_action_center.TestD_StateMachine" name="test_d5_postpone_with_until" time="0.003" /><testcase classname="tests.test_iter11_explainability_and_action_center.TestD_StateMachine" name="test_d6_block_with_reason" time="0.004" /><testcase classname="tests.test_iter11_explainability_and_action_center.TestD_StateMachine" name="test_d7_dismiss_with_reason" time="0.003" /><testcase classname="tests.test_iter11_explainability_and_action_center.TestD_StateMachine" name="test_d8_dismissed_is_terminal" time="0.004" /><testcase classname="tests.test_iter11_explainability_and_action_center.TestD_StateMachine" name="test_d9_postpone_then_resume" time="0.005" /><testcase classname="tests.test_iter11_explainability_and_action_center.TestD_StateMachine" name="test_d10_flag_off_disables_new_endpoints" time="0.003" /><testcase classname="tests.test_iter11_explainability_and_action_center.TestE_History" name="test_e1_history_records_each_transition" time="0.010" /><testcase classname="tests.test_iter11_explainability_and_action_center.TestE_History" name="test_e2_history_isolated_per_user" time="0.232" /><testcase classname="tests.test_iter11_explainability_and_action_center.TestF_NoRegression" name="test_f1_no_llm_in_module" time="0.001" /><testcase classname="tests.test_iter11_explainability_and_action_center.TestF_NoRegression" name="test_f2_action_center_never_creates_new_decisions" time="0.034" /><testcase classname="tests.test_iter11_explainability_and_action_center.TestF_NoRegression" name="test_f3_top_ranking_endpoint_untouched" time="0.002" /><testcase classname="tests.test_iter11_explainability_and_action_center.TestF_NoRegression" name="test_f4_context_latest_still_uniform" time="0.009" /></testsuite></testsuites>