<?xml version="1.0" encoding="utf-8"?><testsuites name="pytest tests"><testsuite name="pytest" errors="0" failures="0" skipped="0" tests="11" time="1.951" timestamp="2026-07-30T17:13:44.571670+00:00" hostname="agent-env-71535694-dd7d-46b7-b0bc-df5d620cb6d9"><testcase classname="tests.test_iter9_config_status.TestAuthRequired" name="test_no_auth_returns_401" time="0.154" /><testcase classname="tests.test_iter9_config_status.TestAuthRequired" name="test_bad_token_returns_401" time="0.125" /><testcase classname="tests.test_iter9_config_status.TestShapeAndTypes" name="test_200_with_valid_token" time="0.447" /><testcase classname="tests.test_iter9_config_status.TestShapeAndTypes" name="test_exact_key_set" time="0.143" /><testcase classname="tests.test_iter9_config_status.TestShapeAndTypes" name="test_types_and_enums" time="0.122" /><testcase classname="tests.test_iter9_config_status.TestCurrentEnvState" name="test_env_snapshot" time="0.136" /><testcase classname="tests.test_iter9_config_status.TestNoLeakage" name="test_no_redirect_uri_leak" time="0.127" /><testcase classname="tests.test_iter9_config_status.TestNoLeakage" name="test_no_token_vault_key_leak" time="0.184" /><testcase classname="tests.test_iter9_config_status.TestNoLeakage" name="test_no_common_secret_labels" time="0.131" /><testcase classname="tests.test_iter9_config_status.TestNoLeakage" name="test_no_partial_credential_leak" time="0.147" /><testcase classname="tests.test_iter9_config_status.TestNoRegressionOfExistingKeys" name="test_no_secret_keys_present" time="0.166" /></testsuite></testsuites>