<?xml version="1.0" encoding="utf-8"?><testsuites name="pytest tests"><testsuite name="pytest" errors="0" failures="0" skipped="0" tests="10" time="8.637" timestamp="2026-07-31T00:42:28.345349+00:00" hostname="agent-env-71535694-dd7d-46b7-b0bc-df5d620cb6d9"><testcase classname="tests.test_iter19_2_memory_ask_documents.TestB_DocsInAsk" name="test_b1_single_document_appears_in_sources" time="1.830" /><testcase classname="tests.test_iter19_2_memory_ask_documents.TestC_Filters" name="test_c1_soft_deleted_excluded_from_ask" time="0.270" /><testcase classname="tests.test_iter19_2_memory_ask_documents.TestC_Filters" name="test_c2_archived_documents_present_but_flagged" time="1.386" /><testcase classname="tests.test_iter19_2_memory_ask_documents.TestC_Filters" name="test_c3_ownership_user_a_does_not_see_user_b_docs" time="0.469" /><testcase classname="tests.test_iter19_2_memory_ask_documents.TestB_DocsInAsk" name="test_b2_multiple_documents_all_returned" time="1.547" /><testcase classname="tests.test_iter19_2_memory_ask_documents.TestA_ZeroRegression" name="test_a1_new_user_no_data_returns_historic_answer" time="0.230" /><testcase classname="tests.test_iter19_2_memory_ask_documents.TestA_ZeroRegression" name="test_a2_memory_only_still_answers" time="1.373" /><testcase classname="tests.test_iter19_2_memory_ask_documents.TestB_DocsInAsk" name="test_b3_search_by_filename_hits_specific_doc" time="1.189" /><testcase classname="tests.test_iter19_2_memory_ask_documents.TestD_SourcesContract" name="test_d1_sources_include_document_shape" time="1.493" /><testcase classname="tests.test_iter19_2_memory_ask_documents.TestB_DocsInAsk" name="test_b4_search_by_tag" time="1.165" /></testsuite></testsuites>