<?xml version="1.0" encoding="utf-8"?><testsuites name="pytest tests"><testsuite name="pytest" errors="0" failures="0" skipped="0" tests="40" time="12.834" timestamp="2026-07-30T16:20:24.997168+00:00" hostname="agent-env-71535694-dd7d-46b7-b0bc-df5d620cb6d9"><testcase classname="tests.test_iter8_permissions_connectors.TestRegressionAuth" name="test_root" time="0.285" /><testcase classname="tests.test_iter8_permissions_connectors.TestRegressionAuth" name="test_register_ok_and_shape" time="0.343" /><testcase classname="tests.test_iter8_permissions_connectors.TestRegressionAuth" name="test_login_and_me" time="0.470" /><testcase classname="tests.test_iter8_permissions_connectors.TestRegressionAuth" name="test_me_no_token_401" time="0.135" /><testcase classname="tests.test_iter8_permissions_connectors.TestRegressionAuth" name="test_login_bad_password_401" time="0.398" /><testcase classname="tests.test_iter8_permissions_connectors.TestRegressionAuth" name="test_google_session_bad_token" time="0.220" /><testcase classname="tests.test_iter8_permissions_connectors.TestRegressionAuth" name="test_logout" time="0.125" /><testcase classname="tests.test_iter8_permissions_connectors.TestRegressionLegacy" name="test_priorities" time="0.120" /><testcase classname="tests.test_iter8_permissions_connectors.TestRegressionLegacy" name="test_tasks_list" time="0.188" /><testcase classname="tests.test_iter8_permissions_connectors.TestRegressionDecisions" name="test_list_top_get" time="0.361" /><testcase classname="tests.test_iter8_permissions_connectors.TestRegressionDecisions" name="test_create_dismiss_complete" time="0.508" /><testcase classname="tests.test_iter8_permissions_connectors.TestRegressionLifeGraph" name="test_vocab_and_seed_and_nodes" time="0.439" /><testcase classname="tests.test_iter8_permissions_connectors.TestRegressionKnowledge" name="test_schemas" time="0.102" /><testcase classname="tests.test_iter8_permissions_connectors.TestRegressionKnowledge" name="test_node_knowledge_shape" time="0.394" /><testcase classname="tests.test_iter8_permissions_connectors.TestRegressionAutoLink" name="test_list_and_analyze" time="0.409" /><testcase classname="tests.test_iter8_permissions_connectors.TestRegressionAdmin" name="test_admin_demo_refresh" time="0.465" /><testcase classname="tests.test_iter8_permissions_connectors.TestRegressionMemory" name="test_memory_post_get" time="0.285" /><testcase classname="tests.test_iter8_permissions_connectors.TestLatestEnvelope" name="test_latest_available_shape" time="0.389" /><testcase classname="tests.test_iter8_permissions_connectors.TestLatestEnvelope" name="test_latest_not_found_shape" time="0.232" /><testcase classname="tests.test_iter8_permissions_connectors.TestLatestEnvelope" name="test_latest_cross_user_404" time="0.606" /><testcase classname="tests.test_iter8_permissions_connectors.TestLatestEnvelope" name="test_latest_no_token_401" time="0.120" /><testcase classname="tests.test_iter8_permissions_connectors.TestDecisionNodeIds" name="test_create_with_node_ids_links_and_history" time="0.386" /><testcase classname="tests.test_iter8_permissions_connectors.TestDecisionNodeIds" name="test_create_with_unknown_node_400_and_rollback" time="0.422" /><testcase classname="tests.test_iter8_permissions_connectors.TestDecisionNodeIds" name="test_create_without_node_ids_still_works" time="0.113" /><testcase classname="tests.test_iter8_permissions_connectors.TestDecisionNodeIds" name="test_create_with_cross_user_node_id_400" time="0.382" /><testcase classname="tests.test_iter8_permissions_connectors.TestPermissionsRegistry" name="test_registry_shape_11_items" time="0.155" /><testcase classname="tests.test_iter8_permissions_connectors.TestPermissionsRegistry" name="test_registry_by_id_known_and_unknown" time="0.284" /><testcase classname="tests.test_iter8_permissions_connectors.TestPermissionsConsent" name="test_grant_list_regrant_revoke" time="0.651" /><testcase classname="tests.test_iter8_permissions_connectors.TestPermissionsConsent" name="test_grant_unknown_capability_404" time="0.126" /><testcase classname="tests.test_iter8_permissions_connectors.TestPermissionsConsent" name="test_revoke_all_for_connector" time="0.383" /><testcase classname="tests.test_iter8_permissions_connectors.TestPermissionsConsent" name="test_wildcard_grant" time="0.118" /><testcase classname="tests.test_iter8_permissions_connectors.TestPermissionsConsent" name="test_audit_contains_events" time="0.134" /><testcase classname="tests.test_iter8_permissions_connectors.TestPermissionsAdminGuard" name="test_admin_toggle_forbidden_for_non_demo" time="0.123" /><testcase classname="tests.test_iter8_permissions_connectors.TestPermissionsAdminGuard" name="test_admin_toggle_ok_for_demo" time="0.172" /><testcase classname="tests.test_iter8_permissions_connectors.TestConnectors" name="test_registry_shape" time="0.126" /><testcase classname="tests.test_iter8_permissions_connectors.TestConnectors" name="test_registry_by_id" time="0.257" /><testcase classname="tests.test_iter8_permissions_connectors.TestConnectors" name="test_status_requires_auth" time="0.147" /><testcase classname="tests.test_iter8_permissions_connectors.TestConnectors" name="test_status_snapshot_shape_and_grant_effect" time="0.504" /><testcase classname="tests.test_iter8_permissions_connectors.TestConnectors" name="test_no_connect_oauth_sync_webhook_endpoints" time="1.265" /><testcase classname="tests.test_iter8_permissions_connectors.TestAssemblerPermissionsFlagOff" name="test_providers_run_includes_permissions_zero_signals_stable_hash" time="0.372" /></testsuite></testsuites>