<?xml version="1.0" encoding="utf-8"?><testsuites name="pytest tests"><testsuite name="pytest" errors="0" failures="0" skipped="0" tests="27" time="0.568" timestamp="2026-07-30T17:32:39.126448+00:00" hostname="agent-env-71535694-dd7d-46b7-b0bc-df5d620cb6d9"><testcase classname="tests.test_iter10_daily_intelligence.TestA_AnalyzerPure" name="test_a1_empty_day" time="0.001" /><testcase classname="tests.test_iter10_daily_intelligence.TestA_AnalyzerPure" name="test_a2_full_day_stressful" time="0.000" /><testcase classname="tests.test_iter10_daily_intelligence.TestA_AnalyzerPure" name="test_a3_many_meetings_only" time="0.000" /><testcase classname="tests.test_iter10_daily_intelligence.TestA_AnalyzerPure" name="test_a4_travel_day" time="0.000" /><testcase classname="tests.test_iter10_daily_intelligence.TestA_AnalyzerPure" name="test_a5_weekend_flag" time="0.000" /><testcase classname="tests.test_iter10_daily_intelligence.TestA_AnalyzerPure" name="test_a6_holiday_flag" time="0.000" /><testcase classname="tests.test_iter10_daily_intelligence.TestA_AnalyzerPure" name="test_a7_vacation_day_all_day" time="0.000" /><testcase classname="tests.test_iter10_daily_intelligence.TestA_AnalyzerPure" name="test_a8_overlapping_events_merged_in_busy" time="0.000" /><testcase classname="tests.test_iter10_daily_intelligence.TestA_AnalyzerPure" name="test_a9_free_slots_span_the_gaps" time="0.000" /><testcase classname="tests.test_iter10_daily_intelligence.TestA_AnalyzerPure" name="test_a10_back_to_back_marathon" time="0.000" /><testcase classname="tests.test_iter10_daily_intelligence.TestA_AnalyzerPure" name="test_a11_free_morning_opportunity" time="0.000" /><testcase classname="tests.test_iter10_daily_intelligence.TestA_AnalyzerPure" name="test_a12_confidence_high_with_many_events" time="0.000" /><testcase classname="tests.test_iter10_daily_intelligence.TestA_AnalyzerPure" name="test_a13_cancelled_events_ignored" time="0.000" /><testcase classname="tests.test_iter10_daily_intelligence.TestA_AnalyzerPure" name="test_a14_energy_estimation_shape" time="0.000" /><testcase classname="tests.test_iter10_daily_intelligence.TestA_AnalyzerPure" name="test_a15_output_shape_stable" time="0.000" /><testcase classname="tests.test_iter10_daily_intelligence.TestB_APIEndpoints" name="test_b1_today_default_empty" time="0.245" /><testcase classname="tests.test_iter10_daily_intelligence.TestB_APIEndpoints" name="test_b2_today_with_events" time="0.006" /><testcase classname="tests.test_iter10_daily_intelligence.TestB_APIEndpoints" name="test_b3_tomorrow" time="0.004" /><testcase classname="tests.test_iter10_daily_intelligence.TestB_APIEndpoints" name="test_b4_refresh_returns_both_days" time="0.003" /><testcase classname="tests.test_iter10_daily_intelligence.TestB_APIEndpoints" name="test_b5_specific_date" time="0.002" /><testcase classname="tests.test_iter10_daily_intelligence.TestB_APIEndpoints" name="test_b6_bad_date_400" time="0.001" /><testcase classname="tests.test_iter10_daily_intelligence.TestB_APIEndpoints" name="test_b7_auth_required" time="0.001" /><testcase classname="tests.test_iter10_daily_intelligence.TestB_APIEndpoints" name="test_b8_cross_user_isolation" time="0.228" /><testcase classname="tests.test_iter10_daily_intelligence.TestC_ContextAssemblerFlag" name="test_c1_flag_off_hash_stable_and_no_signals" time="0.008" /><testcase classname="tests.test_iter10_daily_intelligence.TestC_ContextAssemblerFlag" name="test_c2_flag_on_emits_daily_signal" time="0.007" /><testcase classname="tests.test_iter10_daily_intelligence.TestD_NoDecisionCreation" name="test_d1_daily_never_creates_decisions" time="0.030" /><testcase classname="tests.test_iter10_daily_intelligence.TestD_NoDecisionCreation" name="test_d2_no_notifications_side_effect" time="0.003" /></testsuite></testsuites>