<?xml version="1.0" encoding="utf-8"?><testsuites name="pytest tests"><testsuite name="pytest" errors="0" failures="0" skipped="0" tests="41" time="6.250" timestamp="2026-07-31T07:41:02.434062+00:00" hostname="agent-env-71535694-dd7d-46b7-b0bc-df5d620cb6d9"><testcase classname="tests.test_iter21_document_insights.TestInsightsFalsePositiveGuards" name="test_ticketdirect_no_false_positives" time="0.264" /><testcase classname="tests.test_iter21_document_insights.TestInsights" name="test_i1_ticket_type_detected" time="0.266" /><testcase classname="tests.test_iter21_document_insights.TestInsightsFalsePositiveGuards" name="test_bare_11_digits_no_label_is_not_tax_id" time="0.014" /><testcase classname="tests.test_iter21_document_insights.TestInsights" name="test_i2_email_url_phone_extracted" time="0.015" /><testcase classname="tests.test_iter21_document_insights.TestInsightsFalsePositiveGuards" name="test_cf_only_valid_pattern" time="0.012" /><testcase classname="tests.test_iter21_document_insights.TestInsightsFalsePositiveGuards" name="test_timestamp_and_ticket_id_stay_out_of_phones" time="0.011" /><testcase classname="tests.test_iter21_document_insights.TestInsightsFalsePositiveGuards" name="test_labeled_phones_variants" time="0.010" /><testcase classname="tests.test_iter21_document_insights.TestInsights" name="test_i3_ownership" time="0.239" /><testcase classname="tests.test_iter21_document_insights.TestInsights" name="test_i4_no_text_no_entities" time="0.517" /><testcase classname="tests.test_iter19_documents.TestA_Upload" name="test_a1_upload_returns_doc" time="0.375" /><testcase classname="tests.test_iter19_documents.TestA_Upload" name="test_a2_dedup_same_content" time="0.013" /><testcase classname="tests.test_iter19_documents.TestA_Upload" name="test_a3_mime_not_allowed" time="0.002" /><testcase classname="tests.test_iter19_documents.TestA_Upload" name="test_a4_empty_file" time="0.002" /><testcase classname="tests.test_iter19_documents.TestB_List" name="test_b1_list_returns_user_docs_only" time="0.249" /><testcase classname="tests.test_iter19_documents.TestB_List" name="test_b2_search_by_filename" time="0.014" /><testcase classname="tests.test_iter19_documents.TestB_List" name="test_b3_search_by_tag_and_mime_filter" time="0.015" /><testcase classname="tests.test_iter19_documents.TestB_List" name="test_b4_sort_by_name_asc" time="0.003" /><testcase classname="tests.test_iter19_documents.TestC_Detail" name="test_c1_get_by_id_ownership" time="0.016" /><testcase classname="tests.test_iter19_documents.TestC_Detail" name="test_c2_patch" time="0.018" /><testcase classname="tests.test_iter19_documents.TestC_Detail" name="test_c3_download_returns_original_bytes" time="0.017" /><testcase classname="tests.test_iter21_document_insights.TestInsights" name="test_i5_history_fields_present" time="0.012" /><testcase classname="tests.test_iter19_documents.TestD_Lifecycle" name="test_d1_archive_then_restore" time="0.019" /><testcase classname="tests.test_iter21_document_insights.TestInsights" name="test_i6_no_llm_no_reocr" time="0.017" /><testcase classname="tests.test_iter19_documents.TestD_Lifecycle" name="test_d2_soft_delete_hides_from_default_listing" time="0.021" /><testcase classname="tests.test_iter21_document_insights.TestInsights" name="test_i7_invoice_type" time="0.013" /><testcase classname="tests.test_iter21_document_insights.TestInsights" name="test_i8_dedup_same_hash_returns_same_insights" time="0.016" /><testcase classname="tests.test_iter19_documents.TestD_Lifecycle" name="test_d3_hard_delete_removes_blob" time="0.017" /><testcase classname="tests.test_iter19_documents.TestE_Wiring" name="test_e1_life_graph_node_created" time="0.014" /><testcase classname="tests.test_iter19_documents.TestE_Wiring" name="test_e2_knowledge_layer_facts_present" time="0.014" /><testcase classname="tests.test_iter19_documents.TestE_Wiring" name="test_e3_memory_tab_includes_documents" time="0.003" /><testcase classname="tests.test_iter20_document_intelligence.TestA_PDFExtraction" name="test_a1_pdf_text_extracted" time="0.273" /><testcase classname="tests.test_iter20_document_intelligence.TestB_OCR" name="test_b1_image_upload_triggers_ocr_engine" time="0.718" /><testcase classname="tests.test_iter20_document_intelligence.TestA_PDFExtraction" name="test_a2_search_finds_extracted_text" time="0.080" /><testcase classname="tests.test_iter20_document_intelligence.TestC_TextFile" name="test_c1_txt_passthrough" time="0.013" /><testcase classname="tests.test_iter20_document_intelligence.TestC_TextFile" name="test_c2_search_by_extracted_text" time="0.013" /><testcase classname="tests.test_iter20_document_intelligence.TestF_Idempotency" name="test_f1_dedup_skips_re_extraction" time="0.014" /><testcase classname="tests.test_iter20_document_intelligence.TestG_ErrorHandling" name="test_g1_corrupted_pdf" time="0.013" /><testcase classname="tests.test_iter20_document_intelligence.TestH_ContextProviderGated" name="test_h1_provider_still_no_op_when_flag_off" time="0.001" /><testcase classname="tests.test_iter19_documents.TestF_ContextProvider" name="test_f1_provider_no_op_when_flag_off" time="0.001" /><testcase classname="tests.test_iter20_document_intelligence.TestD_LifeGraphAndKnowledge" name="test_d1_life_graph_node_has_extraction_attrs" time="0.012" /><testcase classname="tests.test_iter20_document_intelligence.TestE_MemoryAsk" name="test_e1_ask_uses_extracted_text" time="1.510" /></testsuite></testsuites>