<?xml version="1.0" encoding="utf-8"?><testsuites name="pytest tests"><testsuite name="pytest" errors="55" failures="107" skipped="0" tests="448" time="113.878" timestamp="2026-07-31T07:42:14.289942+00:00" hostname="agent-env-71535694-dd7d-46b7-b0bc-df5d620cb6d9"><testcase classname="tests.test_iter10_daily_intelligence.TestA_AnalyzerPure" name="test_a1_empty_day" time="0.001" /><testcase classname="tests.test_iter10_daily_intelligence.TestA_AnalyzerPure" name="test_a2_full_day_stressful" time="0.000" /><testcase classname="tests.test_iter10_daily_intelligence.TestA_AnalyzerPure" name="test_a3_many_meetings_only" time="0.000" /><testcase classname="tests.test_iter10_daily_intelligence.TestA_AnalyzerPure" name="test_a4_travel_day" time="0.000" /><testcase classname="tests.test_iter10_daily_intelligence.TestA_AnalyzerPure" name="test_a5_weekend_flag" time="0.000" /><testcase classname="tests.test_iter10_daily_intelligence.TestA_AnalyzerPure" name="test_a6_holiday_flag" time="0.000" /><testcase classname="tests.test_iter10_daily_intelligence.TestA_AnalyzerPure" name="test_a7_vacation_day_all_day" time="0.000" /><testcase classname="tests.test_iter10_daily_intelligence.TestA_AnalyzerPure" name="test_a8_overlapping_events_merged_in_busy" time="0.000" /><testcase classname="tests.test_iter10_daily_intelligence.TestA_AnalyzerPure" name="test_a9_free_slots_span_the_gaps" time="0.000" /><testcase classname="tests.test_iter10_daily_intelligence.TestA_AnalyzerPure" name="test_a10_back_to_back_marathon" time="0.000" /><testcase classname="tests.test_iter10_daily_intelligence.TestA_AnalyzerPure" name="test_a11_free_morning_opportunity" time="0.000" /><testcase classname="tests.test_iter10_daily_intelligence.TestA_AnalyzerPure" name="test_a12_confidence_high_with_many_events" time="0.000" /><testcase classname="tests.test_iter10_daily_intelligence.TestA_AnalyzerPure" name="test_a13_cancelled_events_ignored" time="0.000" /><testcase classname="tests.test_iter10_daily_intelligence.TestA_AnalyzerPure" name="test_a14_energy_estimation_shape" time="0.000" /><testcase classname="tests.test_iter10_daily_intelligence.TestA_AnalyzerPure" name="test_a15_output_shape_stable" time="0.000" /><testcase classname="tests.test_iter17_behavior_aware_shadow" name="test_flags_off_zero_writes" time="0.066" /><testcase classname="tests.test_iter17_behavior_aware_shadow" name="test_profile_on_shadow_off_no_write" time="0.052" /><testcase classname="tests.test_iter15_behavioral_intelligence" name="test_timeline_append_only" time="0.182" /><testcase classname="tests.test_iter17_behavior_aware_shadow" name="test_flags_on_persists_evaluation" time="0.330" /><testcase classname="tests.test_iter15_behavioral_intelligence" name="test_events_are_immutable" time="0.172" /><testcase classname="tests.test_iter17_behavior_aware_shadow" name="test_idempotency" time="0.365" /><testcase classname="tests.test_iter15_behavioral_intelligence" name="test_metrics_incremental_from_source" time="0.208" /><testcase classname="tests.test_iter15_behavioral_intelligence" name="test_patterns_deterministic" time="0.232" /><testcase classname="tests.test_iter17_behavior_aware_shadow" name="test_cap_enforcement_math" time="0.000" /><testcase classname="tests.test_iter17_behavior_aware_shadow" name="test_deadline_guardrail_no_negative_on_urgent" time="0.000" /><testcase classname="tests.test_iter17_behavior_aware_shadow" name="test_confidence_low_zero_delta" time="0.000" /><testcase classname="tests.test_iter17_behavior_aware_shadow" name="test_confidence_medium_half_delta" time="0.000" /><testcase classname="tests.test_iter17_behavior_aware_shadow" name="test_real_score_not_modified" time="0.326" /><testcase classname="tests.test_iter15_behavioral_intelligence" name="test_confidence_low_with_no_data" time="0.159" /><testcase classname="tests.test_iter15_behavioral_intelligence" name="test_confidence_scales_with_sample_size" time="0.191" /><testcase classname="tests.test_iter17_behavior_aware_shadow" name="test_cross_user_isolation" time="0.324" /><testcase classname="tests.test_iter15_behavioral_intelligence" name="test_cross_user_isolation" time="0.211" /><testcase classname="tests.test_iter17_behavior_aware_shadow" name="test_comparison_engine" time="0.000" /><testcase classname="tests.test_iter17_behavior_aware_shadow" name="test_no_llm_imports_shadow" time="0.006" /><testcase classname="tests.test_iter15_behavioral_intelligence" name="test_provider_is_silent_when_flag_off" time="0.172" /><testcase classname="tests.test_iter17_behavior_aware_shadow" name="test_fail_safe_profile_error" time="0.272" /><testcase classname="tests.test_iter15_behavioral_intelligence" name="test_provider_emits_when_flag_on" time="0.229" /><testcase classname="tests.test_ora_backend" name="test_01_root_ok" time="0.150" /><testcase classname="tests.test_iter15_behavioral_intelligence" name="test_no_llm_imports" time="0.007" /><testcase classname="tests.test_iter15_behavioral_intelligence" name="test_performance_1000_events" time="0.140" /><testcase classname="tests.test_ora_backend" name="test_02_register_creates_user_and_seeds" time="0.486"><failure message="AssertionError: expected 5 priorities, got 3&#10;assert 3 == 5&#10; +  where 3 = len([{'id': 'dec_1fb185983243', 'user_id': 'user_ca88224f2e8f', 'title': 'Esci tra 25 minuti.', 'context': &quot;Il traffico st...er_ca88224f2e8f', 'title': 'Prepara la valigia.', 'context': '1 notte a Milano. Riunione mattina + cena serale.', ...}])">tests/test_ora_backend.py:48: in test_02_register_creates_user_and_seeds
    assert len(items) == 5, f"expected 5 priorities, got {len(items)}"
E   AssertionError: expected 5 priorities, got 3
E   assert 3 == 5
E    +  where 3 = len([{'id': 'dec_1fb185983243', 'user_id': 'user_ca88224f2e8f', 'title': 'Esci tra 25 minuti.', 'context': "Il traffico st...er_ca88224f2e8f', 'title': 'Prepara la valigia.', 'context': '1 notte a Milano. Riunione mattina + cena serale.', ...}])</failure></testcase><testcase classname="tests.test_iter15_behavioral_intelligence" name="test_performance_10000_events" time="0.421" /><testcase classname="tests.test_iter15_behavioral_intelligence" name="test_behavioral_module_never_writes_to_source_collections" time="0.143" /><testcase classname="tests.test_ora_backend" name="test_03_register_duplicate_409" time="0.148" /><testcase classname="tests.test_knowledge_hardening.TestF_Security" name="test_13_reject_bad_keys[props0]" time="0.001"><failure message="KeyError: 'car_id'">tests/test_knowledge_hardening.py:294: in test_13_reject_bad_keys
    r = sess.patch(f"{BASE_URL}/api/knowledge/nodes/{state['car_id']}",
                                                     ^^^^^^^^^^^^^^^
E   KeyError: 'car_id'</failure></testcase><testcase classname="tests.test_knowledge_hardening.TestF_Security" name="test_13_reject_bad_keys[props1]" time="0.001"><failure message="KeyError: 'car_id'">tests/test_knowledge_hardening.py:294: in test_13_reject_bad_keys
    r = sess.patch(f"{BASE_URL}/api/knowledge/nodes/{state['car_id']}",
                                                     ^^^^^^^^^^^^^^^
E   KeyError: 'car_id'</failure></testcase><testcase classname="tests.test_ora_backend" name="test_04_login_valid_and_wrong" time="0.716" /><testcase classname="tests.test_knowledge_hardening.TestF_Security" name="test_13_reject_bad_keys[props2]" time="0.001"><failure message="KeyError: 'car_id'">tests/test_knowledge_hardening.py:294: in test_13_reject_bad_keys
    r = sess.patch(f"{BASE_URL}/api/knowledge/nodes/{state['car_id']}",
                                                     ^^^^^^^^^^^^^^^
E   KeyError: 'car_id'</failure></testcase><testcase classname="tests.test_knowledge_hardening.TestF_Security" name="test_13_reject_bad_keys[props3]" time="0.000"><failure message="KeyError: 'car_id'">tests/test_knowledge_hardening.py:294: in test_13_reject_bad_keys
    r = sess.patch(f"{BASE_URL}/api/knowledge/nodes/{state['car_id']}",
                                                     ^^^^^^^^^^^^^^^
E   KeyError: 'car_id'</failure></testcase><testcase classname="tests.test_knowledge_hardening.TestF_Security" name="test_13_reject_bad_keys[props4]" time="0.000"><failure message="KeyError: 'car_id'">tests/test_knowledge_hardening.py:294: in test_13_reject_bad_keys
    r = sess.patch(f"{BASE_URL}/api/knowledge/nodes/{state['car_id']}",
                                                     ^^^^^^^^^^^^^^^
E   KeyError: 'car_id'</failure></testcase><testcase classname="tests.test_knowledge_hardening.TestF_Security" name="test_13_reject_bad_keys[props5]" time="0.000"><failure message="KeyError: 'car_id'">tests/test_knowledge_hardening.py:294: in test_13_reject_bad_keys
    r = sess.patch(f"{BASE_URL}/api/knowledge/nodes/{state['car_id']}",
                                                     ^^^^^^^^^^^^^^^
E   KeyError: 'car_id'</failure></testcase><testcase classname="tests.test_knowledge_hardening.TestF_Security" name="test_13_reject_bad_keys[props6]" time="0.000"><failure message="KeyError: 'car_id'">tests/test_knowledge_hardening.py:294: in test_13_reject_bad_keys
    r = sess.patch(f"{BASE_URL}/api/knowledge/nodes/{state['car_id']}",
                                                     ^^^^^^^^^^^^^^^
E   KeyError: 'car_id'</failure></testcase><testcase classname="tests.test_knowledge_hardening.TestF_Security" name="test_13_reject_bad_keys[props7]" time="0.000"><failure message="KeyError: 'car_id'">tests/test_knowledge_hardening.py:294: in test_13_reject_bad_keys
    r = sess.patch(f"{BASE_URL}/api/knowledge/nodes/{state['car_id']}",
                                                     ^^^^^^^^^^^^^^^
E   KeyError: 'car_id'</failure></testcase><testcase classname="tests.test_knowledge_hardening.TestF_Security" name="test_13_reject_bad_keys[props8]" time="0.000"><failure message="KeyError: 'car_id'">tests/test_knowledge_hardening.py:294: in test_13_reject_bad_keys
    r = sess.patch(f"{BASE_URL}/api/knowledge/nodes/{state['car_id']}",
                                                     ^^^^^^^^^^^^^^^
E   KeyError: 'car_id'</failure></testcase><testcase classname="tests.test_knowledge_hardening.TestF_Security" name="test_14_nan_inf" time="0.000"><failure message="KeyError: 'car_id'">tests/test_knowledge_hardening.py:305: in test_14_nan_inf
    r = sess.patch(f"{BASE_URL}/api/knowledge/nodes/{state['car_id']}",
                                                     ^^^^^^^^^^^^^^^
E   KeyError: 'car_id'</failure></testcase><testcase classname="tests.test_knowledge_hardening.TestF_Security" name="test_15_key_normalization" time="0.000"><failure message="KeyError: 'car_id'">tests/test_knowledge_hardening.py:312: in test_15_key_normalization
    r = sess.patch(f"{BASE_URL}/api/knowledge/nodes/{state['car_id']}",
                                                     ^^^^^^^^^^^^^^^
E   KeyError: 'car_id'</failure></testcase><testcase classname="tests.test_iter11_explainability_and_action_center.TestA_Rules" name="test_a1_imminent_event_fires" time="0.000" /><testcase classname="tests.test_iter11_explainability_and_action_center.TestA_Rules" name="test_a2_deadline_soon" time="0.000" /><testcase classname="tests.test_iter11_explainability_and_action_center.TestA_Rules" name="test_a3_quick_win" time="0.000" /><testcase classname="tests.test_iter11_explainability_and_action_center.TestA_Rules" name="test_a4_travel_dependency_by_category" time="0.000" /><testcase classname="tests.test_iter11_explainability_and_action_center.TestA_Rules" name="test_a5_travel_dependency_by_linked_node" time="0.000" /><testcase classname="tests.test_iter11_explainability_and_action_center.TestA_Rules" name="test_a6_busy_day_from_daily" time="0.000" /><testcase classname="tests.test_iter11_explainability_and_action_center.TestA_Rules" name="test_a7_available_time_slot" time="0.000" /><testcase classname="tests.test_iter11_explainability_and_action_center.TestA_Rules" name="test_a8_available_slot_requires_enough_time" time="0.000" /><testcase classname="tests.test_iter11_explainability_and_action_center.TestA_Rules" name="test_a9_postpone_risk_high_combined" time="0.000" /><testcase classname="tests.test_iter11_explainability_and_action_center.TestA_Rules" name="test_a10_deterministic" time="0.000" /><testcase classname="tests.test_iter11_explainability_and_action_center.TestD_StateMachine" name="test_d1_allowed_matrix_shape" time="0.000" /><testcase classname="tests.test_iter11_explainability_and_action_center.TestD_StateMachine" name="test_d2_start_from_pending" time="0.265" /><testcase classname="tests.test_iter11_explainability_and_action_center.TestD_StateMachine" name="test_d3_partial_with_percentage" time="0.008" /><testcase classname="tests.test_iter11_explainability_and_action_center.TestD_StateMachine" name="test_d4_complete_terminal" time="0.008" /><testcase classname="tests.test_iter11_explainability_and_action_center.TestD_StateMachine" name="test_d5_postpone_with_until" time="0.005" /><testcase classname="tests.test_iter11_explainability_and_action_center.TestD_StateMachine" name="test_d6_block_with_reason" time="0.005" /><testcase classname="tests.test_iter11_explainability_and_action_center.TestD_StateMachine" name="test_d7_dismiss_with_reason" time="0.005" /><testcase classname="tests.test_iter11_explainability_and_action_center.TestD_StateMachine" name="test_d8_dismissed_is_terminal" time="0.007" /><testcase classname="tests.test_iter11_explainability_and_action_center.TestD_StateMachine" name="test_d9_postpone_then_resume" time="0.008" /><testcase classname="tests.test_iter11_explainability_and_action_center.TestD_StateMachine" name="test_d10_flag_off_disables_new_endpoints" time="0.005" /><testcase classname="tests.test_ora_backend" name="test_05_me_with_and_without_token" time="0.330" /><testcase classname="tests.test_ora_decision_engine.TestDecisions" name="test_list_has_7_seeds_and_rich_fields" time="0.591" /><testcase classname="tests.test_ora_decision_engine.TestDecisions" name="test_top_returns_3_sorted_with_reason" time="0.051" /><testcase classname="tests.test_ora_backend" name="test_06_priorities_shape" time="0.096"><failure message="assert 3 == 5&#10; +  where 3 = len([{'id': 'dec_1fb185983243', 'user_id': 'user_ca88224f2e8f', 'title': 'Esci tra 25 minuti.', 'context': &quot;Il traffico st...er_ca88224f2e8f', 'title': 'Prepara la valigia.', 'context': '1 notte a Milano. Riunione mattina + cena serale.', ...}])">tests/test_ora_backend.py:90: in test_06_priorities_shape
    assert len(items) == 5
E   assert 3 == 5
E    +  where 3 = len([{'id': 'dec_1fb185983243', 'user_id': 'user_ca88224f2e8f', 'title': 'Esci tra 25 minuti.', 'context': "Il traffico st...er_ca88224f2e8f', 'title': 'Prepara la valigia.', 'context': '1 notte a Milano. Riunione mattina + cena serale.', ...}])</failure></testcase><testcase classname="tests.test_ora_decision_engine.TestDecisions" name="test_top1_is_imminent" time="0.050" /><testcase classname="tests.test_ora_decision_engine.TestDecisions" name="test_valigia_in_top3_with_dependency_tag" time="0.048" /><testcase classname="tests.test_ora_backend" name="test_07_create_task" time="0.332" /><testcase classname="tests.test_ora_decision_engine.TestDecisions" name="test_insight_not_in_top3" time="0.091" /><testcase classname="tests.test_ora_decision_engine.TestDecisions" name="test_create_decision_and_dampens_fitness" time="0.154" /><testcase classname="tests.test_ora_decision_engine.TestDecisions" name="test_resolve_returns_italian_solution" time="3.972" /><testcase classname="tests.test_ora_backend" name="test_08_resolve_task_ai" time="2.909" /><testcase classname="tests.test_ora_backend" name="test_09_complete_removes_from_priorities" time="0.223" /><testcase classname="tests.test_ora_backend" name="test_10_dismiss_removes_from_priorities" time="0.296" /><testcase classname="tests.test_ora_backend" name="test_11_memory_crud_and_ask" time="1.381" /><testcase classname="tests.test_ora_decision_engine.TestDecisions" name="test_complete_removes_from_top" time="0.105"><failure message="AssertionError: assert (200 == 200 and {'ok': True, ... 'seed', ...}} == {'ok': True}&#10; +  where 200 = &lt;Response [200]&gt;.status_code&#10;  &#10;  Omitting 1 identical items, use -vv to show&#10;  Left contains 1 more item:&#10;  {'decision': {'action_state': {'blocked_reason': None,&#10;                                 'completion_percentage': 100,&#10;                                 'last_action': 'complete',&#10;                                 'last_action_at': '2026-07-31T07:42:24.550950+00:00',...&#10;  &#10;  ...Full output truncated (37 lines hidden), use '-vv' to show)">tests/test_ora_decision_engine.py:205: in test_complete_removes_from_top
    assert rc.status_code == 200 and rc.json() == {"ok": True}
E   AssertionError: assert (200 == 200 and {'ok': True, ... 'seed', ...}} == {'ok': True}
E    +  where 200 = &lt;Response [200]&gt;.status_code
E     
E     Omitting 1 identical items, use -vv to show
E     Left contains 1 more item:
E     {'decision': {'action_state': {'blocked_reason': None,
E                                    'completion_percentage': 100,
E                                    'last_action': 'complete',
E                                    'last_action_at': '2026-07-31T07:42:24.550950+00:00',...
E     
E     ...Full output truncated (37 lines hidden), use '-vv' to show)</failure></testcase><testcase classname="tests.test_ora_decision_engine.TestDecisions" name="test_dismiss_removes_from_top" time="0.105"><failure message="AssertionError: assert (200 == 200 and {'ok': True, ... 'seed', ...}} == {'ok': True}&#10; +  where 200 = &lt;Response [200]&gt;.status_code&#10;  &#10;  Omitting 1 identical items, use -vv to show&#10;  Left contains 1 more item:&#10;  {'decision': {'action_state': {'blocked_reason': None,&#10;                                 'completion_percentage': None,&#10;                                 'last_action': 'dismiss',&#10;                                 'last_action_at': '2026-07-31T07:42:24.661630+00:00',...&#10;  &#10;  ...Full output truncated (38 lines hidden), use '-vv' to show)">tests/test_ora_decision_engine.py:215: in test_dismiss_removes_from_top
    assert rd.status_code == 200 and rd.json() == {"ok": True}
E   AssertionError: assert (200 == 200 and {'ok': True, ... 'seed', ...}} == {'ok': True}
E    +  where 200 = &lt;Response [200]&gt;.status_code
E     
E     Omitting 1 identical items, use -vv to show
E     Left contains 1 more item:
E     {'decision': {'action_state': {'blocked_reason': None,
E                                    'completion_percentage': None,
E                                    'last_action': 'dismiss',
E                                    'last_action_at': '2026-07-31T07:42:24.661630+00:00',...
E     
E     ...Full output truncated (38 lines hidden), use '-vv' to show)</failure></testcase><testcase classname="tests.test_ora_decision_engine.TestDecisions" name="test_invalid_jwt" time="0.092" /><testcase classname="tests.test_iter21_bugfix_router_crash.TestDocumentsAPI" name="test_a_upload_ticket" time="0.430" /><testcase classname="tests.test_iter21_bugfix_router_crash.TestDocumentsAPI" name="test_b_list_contains_doc" time="0.102" /><testcase classname="tests.test_iter21_bugfix_router_crash.TestDocumentsAPI" name="test_c_get_doc" time="0.103" /><testcase classname="tests.test_ora_backend" name="test_12_invalid_jwt_returns_401" time="0.229" /><testcase classname="tests.test_iter21_bugfix_router_crash.TestDocumentsAPI" name="test_d_insights_shape" time="0.150" /><testcase classname="tests.test_iter21_bugfix_router_crash.TestDocumentsAPI" name="test_e_archive_then_insights_no_crash" time="0.204" /><testcase classname="tests.test_iter21_bugfix_router_crash.TestDocumentsAPI" name="test_f_restore" time="0.099" /><testcase classname="tests.test_iter10_daily_intelligence.TestB_APIEndpoints" name="test_b1_today_default_empty" time="0.249" /><testcase classname="tests.test_iter10_daily_intelligence.TestB_APIEndpoints" name="test_b2_today_with_events" time="0.010" /><testcase classname="tests.test_iter21_bugfix_router_crash.TestDocumentsAPI" name="test_g_upload_second_doc" time="0.107" /><testcase classname="tests.test_iter10_daily_intelligence.TestB_APIEndpoints" name="test_b3_tomorrow" time="0.007" /><testcase classname="tests.test_iter10_daily_intelligence.TestB_APIEndpoints" name="test_b4_refresh_returns_both_days" time="0.006" /><testcase classname="tests.test_iter10_daily_intelligence.TestB_APIEndpoints" name="test_b5_specific_date" time="0.004" /><testcase classname="tests.test_iter10_daily_intelligence.TestB_APIEndpoints" name="test_b6_bad_date_400" time="0.002" /><testcase classname="tests.test_iter10_daily_intelligence.TestB_APIEndpoints" name="test_b7_auth_required" time="0.001" /><testcase classname="tests.test_iter10_daily_intelligence.TestB_APIEndpoints" name="test_b8_cross_user_isolation" time="0.229" /><testcase classname="tests.test_iter21_bugfix_router_crash.TestDocumentsAPI" name="test_h_open_multiple_in_sequence" time="0.580" /><testcase classname="tests.test_iter11_explainability_and_action_center.TestB_TextComposition" name="test_b1_summary_default_when_no_rules" time="0.000" /><testcase classname="tests.test_iter11_explainability_and_action_center.TestB_TextComposition" name="test_b2_summary_imminent_plus_slot" time="0.000" /><testcase classname="tests.test_iter11_explainability_and_action_center.TestB_TextComposition" name="test_b3_no_python_class_names_in_summary" time="0.000" /><testcase classname="tests.test_iter11_explainability_and_action_center.TestB_TextComposition" name="test_b4_reasoning_steps_ordered" time="0.000" /><testcase classname="tests.test_iter11_explainability_and_action_center.TestB_TextComposition" name="test_b5_impact_classifier" time="0.000" /><testcase classname="tests.test_iter11_explainability_and_action_center.TestB_TextComposition" name="test_b6_postpone_risk_classifier" time="0.000" /><testcase classname="tests.test_iter11_explainability_and_action_center.TestB_TextComposition" name="test_b7_confidence_classifier" time="0.000" /><testcase classname="tests.test_iter8_permissions_connectors.TestRegressionAuth" name="test_root" time="0.095" /><testcase classname="tests.test_iter8_permissions_connectors.TestRegressionAuth" name="test_register_ok_and_shape" time="0.326" /><testcase classname="tests.test_iter21_document_insights.TestInsights" name="test_i1_ticket_type_detected" time="0.246" /><testcase classname="tests.test_iter21_document_insights.TestInsights" name="test_i2_email_url_phone_extracted" time="0.014" /><testcase classname="tests.test_iter8_permissions_connectors.TestRegressionAuth" name="test_login_and_me" time="0.419" /><testcase classname="tests.test_iter8_permissions_connectors.TestRegressionAuth" name="test_me_no_token_401" time="0.097" /><testcase classname="tests.test_iter21_document_insights.TestInsights" name="test_i3_ownership" time="0.243" /><testcase classname="tests.test_iter21_document_insights.TestInsights" name="test_i4_no_text_no_entities" time="0.470" /><testcase classname="tests.test_iter8_permissions_connectors.TestRegressionAuth" name="test_login_bad_password_401" time="0.342" /><testcase classname="tests.test_iter8_permissions_connectors.TestRegressionAuth" name="test_google_session_bad_token" time="0.158" /><testcase classname="tests.test_iter21_document_insights.TestInsights" name="test_i5_history_fields_present" time="0.012" /><testcase classname="tests.test_iter21_document_insights.TestInsights" name="test_i6_no_llm_no_reocr" time="0.013" /><testcase classname="tests.test_iter21_document_insights.TestInsights" name="test_i7_invoice_type" time="0.012" /><testcase classname="tests.test_iter21_document_insights.TestInsights" name="test_i8_dedup_same_hash_returns_same_insights" time="0.015" /><testcase classname="tests.test_iter8_permissions_connectors.TestRegressionAuth" name="test_logout" time="0.098" /><testcase classname="tests.test_knowledge_layer.TestRegression" name="test_21_life_graph_unchanged" time="0.001"><failure message="KeyError: 'token_a'">tests/test_knowledge_layer.py:261: in test_21_life_graph_unchanged
    r = sess.get(f"{BASE_URL}/api/life-graph/nodes", headers=self._h(state))
                                                             ^^^^^^^^^^^^^^
tests/test_knowledge_layer.py:258: in _h
    return {"Authorization": f"Bearer {state['token_a']}"}
                                       ^^^^^^^^^^^^^^^^
E   KeyError: 'token_a'</failure></testcase><testcase classname="tests.test_knowledge_layer.TestRegression" name="test_22_node_graph" time="0.000"><failure message="KeyError: 'home_id'">tests/test_knowledge_layer.py:270: in test_22_node_graph
    f"{BASE_URL}/api/life-graph/nodes/{state['home_id']}/graph?depth=2",
                                       ^^^^^^^^^^^^^^^^
E   KeyError: 'home_id'</failure></testcase><testcase classname="tests.test_knowledge_layer.TestRegression" name="test_23_decisions_top_imminent" time="0.000"><failure message="KeyError: 'token_a'">tests/test_knowledge_layer.py:277: in test_23_decisions_top_imminent
    r = sess.get(f"{BASE_URL}/api/decisions/top?limit=3", headers=self._h(state))
                                                                  ^^^^^^^^^^^^^^
tests/test_knowledge_layer.py:258: in _h
    return {"Authorization": f"Bearer {state['token_a']}"}
                                       ^^^^^^^^^^^^^^^^
E   KeyError: 'token_a'</failure></testcase><testcase classname="tests.test_knowledge_layer.TestRegression" name="test_24_resolve_italian" time="0.000"><failure message="KeyError: 'token_a'">tests/test_knowledge_layer.py:286: in test_24_resolve_italian
    top = sess.get(f"{BASE_URL}/api/decisions/top?limit=1", headers=self._h(state)).json()["items"]
                                                                    ^^^^^^^^^^^^^^
tests/test_knowledge_layer.py:258: in _h
    return {"Authorization": f"Bearer {state['token_a']}"}
                                       ^^^^^^^^^^^^^^^^
E   KeyError: 'token_a'</failure></testcase><testcase classname="tests.test_knowledge_layer.TestRegression" name="test_25_priorities_legacy" time="0.000"><failure message="KeyError: 'token_a'">tests/test_knowledge_layer.py:294: in test_25_priorities_legacy
    r = sess.get(f"{BASE_URL}/api/priorities", headers=self._h(state))
                                                       ^^^^^^^^^^^^^^
tests/test_knowledge_layer.py:258: in _h
    return {"Authorization": f"Bearer {state['token_a']}"}
                                       ^^^^^^^^^^^^^^^^
E   KeyError: 'token_a'</failure></testcase><testcase classname="tests.test_knowledge_layer.TestRegression" name="test_26_memory_ask" time="0.000"><failure message="KeyError: 'token_a'">tests/test_knowledge_layer.py:304: in test_26_memory_ask
    headers=self._h(state), timeout=45)
            ^^^^^^^^^^^^^^
tests/test_knowledge_layer.py:258: in _h
    return {"Authorization": f"Bearer {state['token_a']}"}
                                       ^^^^^^^^^^^^^^^^
E   KeyError: 'token_a'</failure></testcase><testcase classname="tests.test_knowledge_layer.TestRegression" name="test_27_auth_errors" time="0.369" /><testcase classname="tests.test_iter9_ingestion_and_google_calendar.TestD_SyncPipeline" name="test_d1_initial_sync_ingests_events" time="0.364" /><testcase classname="tests.test_iter9_ingestion_and_google_calendar.TestD_SyncPipeline" name="test_d2_dedupe_second_sync_is_all_skipped" time="0.029" /><testcase classname="tests.test_iter9_ingestion_and_google_calendar.TestD_SyncPipeline" name="test_d3_update_supersedes_previous_event" time="0.036" /><testcase classname="tests.test_life_graph.TestEdgesAndTraversal" name="test_11_list_edges_after_seed" time="0.092"><failure message="assert 401 == 200&#10; +  where 401 = &lt;Response [401]&gt;.status_code">tests/test_life_graph.py:178: in test_11_list_edges_after_seed
    assert r.status_code == 200
E   assert 401 == 200
E    +  where 401 = &lt;Response [401]&gt;.status_code</failure></testcase><testcase classname="tests.test_iter9_ingestion_and_google_calendar.TestD_SyncPipeline" name="test_d4_cancelled_event_archives_node" time="0.033" /><testcase classname="tests.test_iter9_ingestion_and_google_calendar.TestD_SyncPipeline" name="test_d5_malformed_event_goes_to_quarantine" time="0.016" /><testcase classname="tests.test_iter9_ingestion_and_google_calendar.TestD_SyncPipeline" name="test_d6_two_calendars_are_ingested_independently" time="0.029" /><testcase classname="tests.test_life_graph.TestEdgesAndTraversal" name="test_12_create_edge_related_to" time="0.000"><failure message="TypeError: 'NoneType' object is not subscriptable">tests/test_life_graph.py:187: in test_12_create_edge_related_to
    s = STATE["seed_a"]["nodes"]
        ^^^^^^^^^^^^^^^^^^^^^^^^
E   TypeError: 'NoneType' object is not subscriptable</failure></testcase><testcase classname="tests.test_life_graph.TestEdgesAndTraversal" name="test_13_edge_same_endpoints_400" time="0.000"><failure message="TypeError: 'NoneType' object is not subscriptable">tests/test_life_graph.py:197: in test_13_edge_same_endpoints_400
    s = STATE["seed_a"]["nodes"]
        ^^^^^^^^^^^^^^^^^^^^^^^^
E   TypeError: 'NoneType' object is not subscriptable</failure></testcase><testcase classname="tests.test_life_graph.TestEdgesAndTraversal" name="test_14_edge_missing_node_404" time="0.000"><failure message="TypeError: 'NoneType' object is not subscriptable">tests/test_life_graph.py:203: in test_14_edge_missing_node_404
    s = STATE["seed_a"]["nodes"]
        ^^^^^^^^^^^^^^^^^^^^^^^^
E   TypeError: 'NoneType' object is not subscriptable</failure></testcase><testcase classname="tests.test_life_graph.TestEdgesAndTraversal" name="test_15_graph_depth_2" time="0.000"><failure message="TypeError: 'NoneType' object is not subscriptable">tests/test_life_graph.py:209: in test_15_graph_depth_2
    me = STATE["seed_a"]["nodes"]["me"]
         ^^^^^^^^^^^^^^^^^^^^^^^^
E   TypeError: 'NoneType' object is not subscriptable</failure></testcase><testcase classname="tests.test_life_graph.TestEdgesAndTraversal" name="test_16_graph_depth_1_excludes_bolletta" time="0.001"><failure message="TypeError: 'NoneType' object is not subscriptable">tests/test_life_graph.py:221: in test_16_graph_depth_1_excludes_bolletta
    me = STATE["seed_a"]["nodes"]["me"]
         ^^^^^^^^^^^^^^^^^^^^^^^^
E   TypeError: 'NoneType' object is not subscriptable</failure></testcase><testcase classname="tests.test_life_graph.TestEdgesAndTraversal" name="test_17_delete_edge" time="0.102"><failure message="KeyError: 'items'">tests/test_life_graph.py:234: in test_17_delete_edge
    n_before = len(r_before.json()["items"])
                   ^^^^^^^^^^^^^^^^^^^^^^^^
E   KeyError: 'items'</failure></testcase><testcase classname="tests.test_iter9_ingestion_and_google_calendar.TestD_SyncPipeline" name="test_d7_cross_user_isolation" time="0.238" /><testcase classname="tests.test_life_graph.TestDecisionNodeLinking" name="test_18_find_bill_decision_and_link" time="0.247"><failure message="assert 401 == 200&#10; +  where 401 = &lt;Response [401]&gt;.status_code">tests/test_life_graph.py:247: in test_18_find_bill_decision_and_link
    assert r.status_code == 200
E   assert 401 == 200
E    +  where 401 = &lt;Response [401]&gt;.status_code</failure></testcase><testcase classname="tests.test_context_assembler.TestL_Regression" name="test_l22_top_returns_reasons" time="0.467" /><testcase classname="tests.test_life_graph.TestDecisionNodeLinking" name="test_19_history_event_linked" time="0.103"><failure message="assert 401 == 200&#10; +  where 401 = &lt;Response [401]&gt;.status_code">tests/test_life_graph.py:265: in test_19_history_event_linked
    assert r.status_code == 200
E   assert 401 == 200
E    +  where 401 = &lt;Response [401]&gt;.status_code</failure></testcase><testcase classname="tests.test_context_assembler.TestL_Regression" name="test_l24_life_graph_still_works" time="0.000"><failure message="KeyError: 'nodes'">tests/test_context_assembler.py:452: in test_l24_life_graph_still_works
    car_id = STATE["nodes"]["car"]["id"]
             ^^^^^^^^^^^^^^
E   KeyError: 'nodes'</failure></testcase><testcase classname="tests.test_life_graph.TestDecisionNodeLinking" name="test_20_link_idempotent" time="0.000"><failure message="TypeError: 'NoneType' object is not subscriptable">tests/test_life_graph.py:273: in test_20_link_idempotent
    s = STATE["seed_a"]["nodes"]
        ^^^^^^^^^^^^^^^^^^^^^^^^
E   TypeError: 'NoneType' object is not subscriptable</failure></testcase><testcase classname="tests.test_life_graph.TestDecisionNodeLinking" name="test_21_link_unknown_node_404" time="0.095"><failure message="assert 401 == 404&#10; +  where 401 = &lt;Response [401]&gt;.status_code">tests/test_life_graph.py:288: in test_21_link_unknown_node_404
    assert r.status_code == 404
E   assert 401 == 404
E    +  where 401 = &lt;Response [401]&gt;.status_code</failure></testcase><testcase classname="tests.test_context_assembler.TestL_Regression" name="test_l25_knowledge_patch_envelope_and_409" time="0.000"><failure message="KeyError: 'nodes'">tests/test_context_assembler.py:460: in test_l25_knowledge_patch_envelope_and_409
    car_id = STATE["nodes"]["car"]["id"]
             ^^^^^^^^^^^^^^
E   KeyError: 'nodes'</failure></testcase><testcase classname="tests.test_context_assembler.TestL_Regression" name="test_l27_legacy_priorities" time="0.099" /><testcase classname="tests.test_life_graph.TestDecisionNodeLinking" name="test_22_decisions_for_node_casa" time="0.000"><failure message="TypeError: 'NoneType' object is not subscriptable">tests/test_life_graph.py:291: in test_22_decisions_for_node_casa
    casa = STATE["seed_a"]["nodes"]["casa"]
           ^^^^^^^^^^^^^^^^^^^^^^^^
E   TypeError: 'NoneType' object is not subscriptable</failure></testcase><testcase classname="tests.test_context_assembler.TestL_Regression" name="test_l28_auth_gates" time="0.415" /><testcase classname="tests.test_life_graph.TestDecisionNodeLinking" name="test_23_unlink_bolletta" time="0.000"><failure message="TypeError: 'NoneType' object is not subscriptable">tests/test_life_graph.py:300: in test_23_unlink_bolletta
    s = STATE["seed_a"]["nodes"]
        ^^^^^^^^^^^^^^^^^^^^^^^^
E   TypeError: 'NoneType' object is not subscriptable</failure></testcase><testcase classname="tests.test_life_graph.TestDecisionNodeLinking" name="test_24_archive_casa_cascades" time="0.000"><failure message="TypeError: 'NoneType' object is not subscriptable">tests/test_life_graph.py:311: in test_24_archive_casa_cascades
    s = STATE["seed_a"]["nodes"]
        ^^^^^^^^^^^^^^^^^^^^^^^^
E   TypeError: 'NoneType' object is not subscriptable</failure></testcase><testcase classname="tests.test_knowledge_hardening.TestK_Regression" name="test_29_top_decisions" time="0.000"><failure message="KeyError: 'ha'">tests/test_knowledge_hardening.py:495: in test_29_top_decisions
    r = sess.get(f"{BASE_URL}/api/decisions/top?limit=3", headers=state["ha"])
                                                                  ^^^^^^^^^^^
E   KeyError: 'ha'</failure></testcase><testcase classname="tests.test_knowledge_hardening.TestK_Regression" name="test_30_resolve_italian" time="0.000"><failure message="KeyError: 'ha'">tests/test_knowledge_hardening.py:503: in test_30_resolve_italian
    top = sess.get(f"{BASE_URL}/api/decisions/top?limit=1", headers=state["ha"]).json()["items"]
                                                                    ^^^^^^^^^^^
E   KeyError: 'ha'</failure></testcase><testcase classname="tests.test_knowledge_hardening.TestK_Regression" name="test_31_node_graph" time="0.000"><failure message="KeyError: 'home_id'">tests/test_knowledge_hardening.py:510: in test_31_node_graph
    r = sess.get(f"{BASE_URL}/api/life-graph/nodes/{state['home_id']}/graph?depth=2",
                                                    ^^^^^^^^^^^^^^^^
E   KeyError: 'home_id'</failure></testcase><testcase classname="tests.test_knowledge_hardening.TestK_Regression" name="test_32_priorities_legacy" time="0.000"><failure message="KeyError: 'ha'">tests/test_knowledge_hardening.py:518: in test_32_priorities_legacy
    r = sess.get(f"{BASE_URL}/api/priorities", headers=state["ha"])
                                                       ^^^^^^^^^^^
E   KeyError: 'ha'</failure></testcase><testcase classname="tests.test_knowledge_hardening.TestK_Regression" name="test_33_memory_ask" time="0.000"><failure message="KeyError: 'ha'">tests/test_knowledge_hardening.py:525: in test_33_memory_ask
    headers=state["ha"], timeout=60)
            ^^^^^^^^^^^
E   KeyError: 'ha'</failure></testcase><testcase classname="tests.test_knowledge_hardening.TestK_Regression" name="test_34_me_no_token" time="0.093" /><testcase classname="tests.test_life_graph.TestNodeCRUD" name="test_5_create_pet_node" time="0.265"><failure message="AssertionError: {&quot;detail&quot;:&quot;Invalid token&quot;}&#10;assert 401 == 200&#10; +  where 401 = &lt;Response [401]&gt;.status_code">tests/test_life_graph.py:116: in test_5_create_pet_node
    assert r.status_code == 200, r.text
E   AssertionError: {"detail":"Invalid token"}
E   assert 401 == 200
E    +  where 401 = &lt;Response [401]&gt;.status_code</failure></testcase><testcase classname="tests.test_context_assembler.TestL_Regression" name="test_l30_login_no_side_effects_on_decisions" time="1.510" /><testcase classname="tests.test_life_graph.TestNodeCRUD" name="test_6_get_created_node" time="0.240"><failure message="assert 401 == 200&#10; +  where 401 = &lt;Response [401]&gt;.status_code">tests/test_life_graph.py:125: in test_6_get_created_node
    assert r.status_code == 200
E   assert 401 == 200
E    +  where 401 = &lt;Response [401]&gt;.status_code</failure></testcase><testcase classname="tests.test_life_graph.TestNodeCRUD" name="test_7_patch_label" time="1.193"><failure message="assert 401 == 200&#10; +  where 401 = &lt;Response [401]&gt;.status_code">tests/test_life_graph.py:134: in test_7_patch_label
    assert r.status_code == 200
E   assert 401 == 200
E    +  where 401 = &lt;Response [401]&gt;.status_code</failure></testcase><testcase classname="tests.test_iter11_explainability_and_action_center.TestC_ExplanationAPI" name="test_c1_explanation_for_existing_decision" time="0.003"><error message="failed on setup with &quot;AssertionError: {&quot;detail&quot;:&quot;Email già registrata&quot;}&#10;assert 409 == 200&#10; +  where 409 = &lt;Response [409 Conflict]&gt;.status_code&quot;">tests/test_iter11_explainability_and_action_center.py:52: in user_a
    assert r.status_code == 200, r.text
E   AssertionError: {"detail":"Email già registrata"}
E   assert 409 == 200
E    +  where 409 = &lt;Response [409 Conflict]&gt;.status_code</error></testcase><testcase classname="tests.test_life_graph.TestNodeCRUD" name="test_8_delete_soft_archive" time="0.345"><failure message="assert 401 == 200&#10; +  where 401 = &lt;Response [401]&gt;.status_code">tests/test_life_graph.py:142: in test_8_delete_soft_archive
    assert r.status_code == 200
E   assert 401 == 200
E    +  where 401 = &lt;Response [401]&gt;.status_code</failure></testcase><testcase classname="tests.test_iter11_explainability_and_action_center.TestC_ExplanationAPI" name="test_c2_explanation_missing_decision_404" time="0.000"><error message="failed on setup with &quot;AssertionError: {&quot;detail&quot;:&quot;Email già registrata&quot;}&#10;assert 409 == 200&#10; +  where 409 = &lt;Response [409 Conflict]&gt;.status_code&quot;">tests/test_iter11_explainability_and_action_center.py:52: in user_a
    assert r.status_code == 200, r.text
E   AssertionError: {"detail":"Email già registrata"}
E   assert 409 == 200
E    +  where 409 = &lt;Response [409 Conflict]&gt;.status_code</error></testcase><testcase classname="tests.test_iter11_explainability_and_action_center.TestC_ExplanationAPI" name="test_c3_explanation_no_leaks" time="0.000"><error message="failed on setup with &quot;AssertionError: {&quot;detail&quot;:&quot;Email già registrata&quot;}&#10;assert 409 == 200&#10; +  where 409 = &lt;Response [409 Conflict]&gt;.status_code&quot;">tests/test_iter11_explainability_and_action_center.py:52: in user_a
    assert r.status_code == 200, r.text
E   AssertionError: {"detail":"Email già registrata"}
E   assert 409 == 200
E    +  where 409 = &lt;Response [409 Conflict]&gt;.status_code</error></testcase><testcase classname="tests.test_iter11_explainability_and_action_center.TestC_ExplanationAPI" name="test_c4_flag_off_returns_404" time="0.000"><error message="failed on setup with &quot;AssertionError: {&quot;detail&quot;:&quot;Email già registrata&quot;}&#10;assert 409 == 200&#10; +  where 409 = &lt;Response [409 Conflict]&gt;.status_code&quot;">tests/test_iter11_explainability_and_action_center.py:52: in user_a
    assert r.status_code == 200, r.text
E   AssertionError: {"detail":"Email già registrata"}
E   assert 409 == 200
E    +  where 409 = &lt;Response [409 Conflict]&gt;.status_code</error></testcase><testcase classname="tests.test_iter11_explainability_and_action_center.TestC_ExplanationAPI" name="test_c5_data_sources_include_life_graph_when_linked" time="0.000"><error message="failed on setup with &quot;AssertionError: {&quot;detail&quot;:&quot;Email già registrata&quot;}&#10;assert 409 == 200&#10; +  where 409 = &lt;Response [409 Conflict]&gt;.status_code&quot;">tests/test_iter11_explainability_and_action_center.py:52: in user_a
    assert r.status_code == 200, r.text
E   AssertionError: {"detail":"Email già registrata"}
E   assert 409 == 200
E    +  where 409 = &lt;Response [409 Conflict]&gt;.status_code</error></testcase><testcase classname="tests.test_iter11_explainability_and_action_center.TestC_ExplanationAPI" name="test_c6_cross_user_isolation" time="0.000"><error message="failed on setup with &quot;AssertionError: {&quot;detail&quot;:&quot;Email già registrata&quot;}&#10;assert 409 == 200&#10; +  where 409 = &lt;Response [409 Conflict]&gt;.status_code&quot;">tests/test_iter11_explainability_and_action_center.py:52: in user_a
    assert r.status_code == 200, r.text
E   AssertionError: {"detail":"Email già registrata"}
E   assert 409 == 200
E    +  where 409 = &lt;Response [409 Conflict]&gt;.status_code</error></testcase><testcase classname="tests.test_life_graph.TestRegression" name="test_27_demo_login_and_top_3" time="0.420" /><testcase classname="tests.test_life_graph.TestNodeCRUD" name="test_9_unknown_node_404" time="0.094"><failure message="AssertionError: get: 401&#10;assert 401 == 404&#10; +  where 401 = &lt;Response [401]&gt;.status_code">tests/test_life_graph.py:160: in test_9_unknown_node_404
    assert r.status_code == 404, f"{method}: {r.status_code}"
E   AssertionError: get: 401
E   assert 401 == 404
E    +  where 401 = &lt;Response [401]&gt;.status_code</failure></testcase><testcase classname="tests.test_life_graph.TestRegression" name="test_28_resolve_returns_italian_solution" time="2.792" /><testcase classname="tests.test_life_graph.TestNodeCRUD" name="test_10_unknown_type_normalizes_to_generic" time="0.099"><failure message="assert 401 == 200&#10; +  where 401 = &lt;Response [401]&gt;.status_code">tests/test_life_graph.py:168: in test_10_unknown_type_normalizes_to_generic
    assert r.status_code == 200
E   assert 401 == 200
E    +  where 401 = &lt;Response [401]&gt;.status_code</failure></testcase><testcase classname="tests.test_ora_decision_engine.TestRegression" name="test_root" time="0.088" /><testcase classname="tests.test_ora_decision_engine.TestRegression" name="test_register_fresh" time="0.269" /><testcase classname="tests.test_ora_decision_engine.TestRegression" name="test_me_with_token" time="0.045" /><testcase classname="tests.test_ora_decision_engine.TestRegression" name="test_me_without_token" time="0.043" /><testcase classname="tests.test_ora_decision_engine.TestRegression" name="test_wrong_password" time="0.269" /><testcase classname="tests.test_ora_decision_engine.TestRegression" name="test_memory_flow" time="1.246" /><testcase classname="tests.test_iter16_wiring_and_integrity" name="test_timezone_bucket_uses_local_tz" time="0.122" /><testcase classname="tests.test_iter16_wiring_and_integrity" name="test_sessionization_pairs_open_and_refresh" time="0.115" /><testcase classname="tests.test_iter16_wiring_and_integrity" name="test_context_hash_stable_when_flag_off" time="0.034" /><testcase classname="tests.test_iter16_wiring_and_integrity" name="test_context_hash_changes_when_flag_on" time="0.144" /><testcase classname="tests.test_iter16_wiring_and_integrity" name="test_flag_on_does_not_write_to_decisions_collection" time="0.129" /><testcase classname="tests.test_life_graph.TestRegression" name="test_29_complete_and_dismiss" time="0.118"><failure message="KeyError: 'items'">tests/test_life_graph.py:399: in test_29_complete_and_dismiss
    items = r.json()["items"]
            ^^^^^^^^^^^^^^^^^
E   KeyError: 'items'</failure></testcase><testcase classname="tests.test_iter18_2_audit_wiring.TestA_MemoryWiring" name="test_a1_memory_saved_and_returns_life_node_id" time="0.234" /><testcase classname="tests.test_iter18_2_audit_wiring.TestA_MemoryWiring" name="test_a2_life_node_exists_with_subtype_memory" time="0.007" /><testcase classname="tests.test_iter18_2_audit_wiring.TestA_MemoryWiring" name="test_a3_knowledge_facts_are_attached" time="0.009" /><testcase classname="tests.test_iter18_2_audit_wiring.TestA_MemoryWiring" name="test_a4_get_memory_returns_original_shape" time="0.003" /><testcase classname="tests.test_iter18_2_audit_wiring.TestA_MemoryWiring" name="test_a5_life_graph_listing_shows_memory_nodes" time="0.002" /><testcase classname="tests.test_life_graph.TestRegression" name="test_30_legacy_priorities_and_tasks" time="0.219" /><testcase classname="tests.test_iter21_document_insights.TestInsightsFalsePositiveGuards" name="test_ticketdirect_no_false_positives" time="0.243" /><testcase classname="tests.test_iter21_document_insights.TestInsightsFalsePositiveGuards" name="test_bare_11_digits_no_label_is_not_tax_id" time="0.014" /><testcase classname="tests.test_life_graph.TestRegression" name="test_31_memory_add_and_ask" time="0.097"><failure message="assert 401 == 200&#10; +  where 401 = &lt;Response [401]&gt;.status_code">tests/test_life_graph.py:422: in test_31_memory_add_and_ask
    assert r.status_code == 200
E   assert 401 == 200
E    +  where 401 = &lt;Response [401]&gt;.status_code</failure></testcase><testcase classname="tests.test_iter21_document_insights.TestInsightsFalsePositiveGuards" name="test_cf_only_valid_pattern" time="0.014" /><testcase classname="tests.test_iter21_document_insights.TestInsightsFalsePositiveGuards" name="test_timestamp_and_ticket_id_stay_out_of_phones" time="0.015" /><testcase classname="tests.test_iter21_document_insights.TestInsightsFalsePositiveGuards" name="test_labeled_phones_variants" time="0.014" /><testcase classname="tests.test_iter8_permissions_connectors.TestConnectors" name="test_registry_shape" time="0.099" /><testcase classname="tests.test_life_graph.TestRegression" name="test_32_auth_error_cases" time="0.323"><failure message="assert 200 == 409&#10; +  where 200 = &lt;Response [200]&gt;.status_code">tests/test_life_graph.py:430: in test_32_auth_error_cases
    assert r.status_code == 409
E   assert 200 == 409
E    +  where 200 = &lt;Response [200]&gt;.status_code</failure></testcase><testcase classname="tests.test_iter8_permissions_connectors.TestConnectors" name="test_registry_by_id" time="0.378" /><testcase classname="tests.test_iter8_permissions_connectors.TestConnectors" name="test_status_requires_auth" time="0.232" /><testcase classname="tests.test_iter8_permissions_connectors.TestPermissionsConsent" name="test_grant_list_regrant_revoke" time="0.980" /><testcase classname="tests.test_iter8_permissions_connectors.TestConnectors" name="test_status_snapshot_shape_and_grant_effect" time="0.718" /><testcase classname="tests.test_iter8_permissions_connectors.TestPermissionsConsent" name="test_grant_unknown_capability_404" time="0.139" /><testcase classname="tests.test_iter8_permissions_connectors.TestConnectors" name="test_no_connect_oauth_sync_webhook_endpoints" time="1.108" /><testcase classname="tests.test_iter8_permissions_connectors.TestPermissionsConsent" name="test_revoke_all_for_connector" time="0.340" /><testcase classname="tests.test_iter8_permissions_connectors.TestPermissionsConsent" name="test_wildcard_grant" time="0.106" /><testcase classname="tests.test_iter8_permissions_connectors.TestPermissionsConsent" name="test_audit_contains_events" time="0.097" /><testcase classname="tests.test_knowledge_hardening.TestG_SoftDelete" name="test_16_delete_soft" time="0.001"><failure message="KeyError: 'car_id'">tests/test_knowledge_hardening.py:325: in test_16_delete_soft
    r = sess.delete(f"{BASE_URL}/api/knowledge/nodes/{state['car_id']}?reason=cleanup",
                                                      ^^^^^^^^^^^^^^^
E   KeyError: 'car_id'</failure></testcase><testcase classname="tests.test_knowledge_hardening.TestG_SoftDelete" name="test_17_default_get_hides" time="0.000"><failure message="KeyError: 'car_id'">tests/test_knowledge_hardening.py:334: in test_17_default_get_hides
    r = sess.get(f"{BASE_URL}/api/knowledge/nodes/{state['car_id']}", headers=state["ha"])
                                                   ^^^^^^^^^^^^^^^
E   KeyError: 'car_id'</failure></testcase><testcase classname="tests.test_knowledge_hardening.TestG_SoftDelete" name="test_18_include_archived_shows" time="0.000"><failure message="KeyError: 'car_id'">tests/test_knowledge_hardening.py:341: in test_18_include_archived_shows
    r = sess.get(f"{BASE_URL}/api/knowledge/nodes/{state['car_id']}?include_archived=true",
                                                   ^^^^^^^^^^^^^^^
E   KeyError: 'car_id'</failure></testcase><testcase classname="tests.test_knowledge_hardening.TestG_SoftDelete" name="test_19_restore" time="0.000"><failure message="KeyError: 'car_id'">tests/test_knowledge_hardening.py:349: in test_19_restore
    r = sess.post(f"{BASE_URL}/api/knowledge/nodes/{state['car_id']}/restore",
                                                    ^^^^^^^^^^^^^^^
E   KeyError: 'car_id'</failure></testcase><testcase classname="tests.test_knowledge_hardening.TestG_SoftDelete" name="test_20_list_hides_archived" time="0.000"><failure message="KeyError: 'car_id'">tests/test_knowledge_hardening.py:363: in test_20_list_hides_archived
    sess.delete(f"{BASE_URL}/api/knowledge/nodes/{state['car_id']}?reason=temp", headers=state["ha"])
                                                  ^^^^^^^^^^^^^^^
E   KeyError: 'car_id'</failure></testcase><testcase classname="tests.test_knowledge_hardening.TestH_SingleProperty" name="test_21_put_property" time="0.000"><failure message="KeyError: 'home_id'">tests/test_knowledge_hardening.py:381: in test_21_put_property
    r = sess.put(f"{BASE_URL}/api/knowledge/nodes/{state['home_id']}/properties/address",
                                                   ^^^^^^^^^^^^^^^^
E   KeyError: 'home_id'</failure></testcase><testcase classname="tests.test_knowledge_hardening.TestH_SingleProperty" name="test_22_get_property" time="0.000"><failure message="KeyError: 'home_id'">tests/test_knowledge_hardening.py:391: in test_22_get_property
    r = sess.get(f"{BASE_URL}/api/knowledge/nodes/{state['home_id']}/properties/address",
                                                   ^^^^^^^^^^^^^^^^
E   KeyError: 'home_id'</failure></testcase><testcase classname="tests.test_knowledge_hardening.TestH_SingleProperty" name="test_23_get_nonexistent_key" time="0.000"><failure message="KeyError: 'home_id'">tests/test_knowledge_hardening.py:401: in test_23_get_nonexistent_key
    r = sess.get(f"{BASE_URL}/api/knowledge/nodes/{state['home_id']}/properties/nonexistent_key",
                                                   ^^^^^^^^^^^^^^^^
E   KeyError: 'home_id'</failure></testcase><testcase classname="tests.test_knowledge_hardening.TestH_SingleProperty" name="test_24_delete_property_then_get" time="0.001"><failure message="KeyError: 'home_id'">tests/test_knowledge_hardening.py:409: in test_24_delete_property_then_get
    pre = sess.get(f"{BASE_URL}/api/knowledge/nodes/{state['home_id']}", headers=state["ha"]).json()
                                                     ^^^^^^^^^^^^^^^^
E   KeyError: 'home_id'</failure></testcase><testcase classname="tests.test_knowledge_hardening.TestH_SingleProperty" name="test_25_bad_key_400" time="0.000"><failure message="KeyError: 'home_id'">tests/test_knowledge_hardening.py:422: in test_25_bad_key_400
    r = sess.get(f"{BASE_URL}/api/knowledge/nodes/{state['home_id']}/properties/{k}",
                                                   ^^^^^^^^^^^^^^^^
E   KeyError: 'home_id'</failure></testcase><testcase classname="tests.test_knowledge_layer.TestReadWrite" name="test_09_get_empty" time="0.001"><failure message="KeyError: 'home_id'">tests/test_knowledge_layer.py:117: in test_09_get_empty
    r = sess.get(f"{BASE_URL}/api/knowledge/nodes/{state['home_id']}", headers=self._h(state))
                                                   ^^^^^^^^^^^^^^^^
E   KeyError: 'home_id'</failure></testcase><testcase classname="tests.test_knowledge_layer.TestReadWrite" name="test_10_patch_creates" time="0.000"><failure message="KeyError: 'home_id'">tests/test_knowledge_layer.py:132: in test_10_patch_creates
    r = sess.patch(f"{BASE_URL}/api/knowledge/nodes/{state['home_id']}",
                                                     ^^^^^^^^^^^^^^^^
E   KeyError: 'home_id'</failure></testcase><testcase classname="tests.test_knowledge_layer.TestReadWrite" name="test_11_patch_merges" time="0.000"><failure message="KeyError: 'home_id'">tests/test_knowledge_layer.py:143: in test_11_patch_merges
    r = sess.patch(f"{BASE_URL}/api/knowledge/nodes/{state['home_id']}",
                                                     ^^^^^^^^^^^^^^^^
E   KeyError: 'home_id'</failure></testcase><testcase classname="tests.test_knowledge_layer.TestReadWrite" name="test_12_patch_null_deletes" time="0.000"><failure message="KeyError: 'home_id'">tests/test_knowledge_layer.py:153: in test_12_patch_null_deletes
    r = sess.patch(f"{BASE_URL}/api/knowledge/nodes/{state['home_id']}",
                                                     ^^^^^^^^^^^^^^^^
E   KeyError: 'home_id'</failure></testcase><testcase classname="tests.test_knowledge_layer.TestReadWrite" name="test_13_put_replaces" time="0.000"><failure message="KeyError: 'home_id'">tests/test_knowledge_layer.py:160: in test_13_put_replaces
    r = sess.put(f"{BASE_URL}/api/knowledge/nodes/{state['home_id']}",
                                                   ^^^^^^^^^^^^^^^^
E   KeyError: 'home_id'</failure></testcase><testcase classname="tests.test_life_graph.TestVocabularyAndSeed" name="test_1_vocabulary_no_auth" time="0.098" /><testcase classname="tests.test_life_graph.TestVocabularyAndSeed" name="test_2_seed_first_call" time="0.096"><failure message="AssertionError: {&quot;detail&quot;:&quot;Invalid token&quot;}&#10;assert 401 == 200&#10; +  where 401 = &lt;Response [401]&gt;.status_code">tests/test_life_graph.py:72: in test_2_seed_first_call
    assert r.status_code == 200, r.text
E   AssertionError: {"detail":"Invalid token"}
E   assert 401 == 200
E    +  where 401 = &lt;Response [401]&gt;.status_code</failure></testcase><testcase classname="tests.test_life_graph.TestVocabularyAndSeed" name="test_2b_seed_second_call_noop" time="0.092"><failure message="assert 401 == 200&#10; +  where 401 = &lt;Response [401]&gt;.status_code">tests/test_life_graph.py:82: in test_2b_seed_second_call_noop
    assert r.status_code == 200
E   assert 401 == 200
E    +  where 401 = &lt;Response [401]&gt;.status_code</failure></testcase><testcase classname="tests.test_iter9_ingestion_and_google_calendar.TestB_ConnectorInstance" name="test_b1_upsert_instance_via_callback" time="0.003"><error message="failed on setup with &quot;AssertionError: {&quot;detail&quot;:&quot;Email già registrata&quot;}&#10;assert 409 == 200&#10; +  where 409 = &lt;Response [409 Conflict]&gt;.status_code&quot;">tests/test_iter9_ingestion_and_google_calendar.py:56: in user_a
    assert r.status_code == 200, r.text
E   AssertionError: {"detail":"Email già registrata"}
E   assert 409 == 200
E    +  where 409 = &lt;Response [409 Conflict]&gt;.status_code</error></testcase><testcase classname="tests.test_life_graph.TestVocabularyAndSeed" name="test_3_list_nodes_after_seed" time="0.101"><failure message="assert 401 == 200&#10; +  where 401 = &lt;Response [401]&gt;.status_code">tests/test_life_graph.py:89: in test_3_list_nodes_after_seed
    assert r.status_code == 200
E   assert 401 == 200
E    +  where 401 = &lt;Response [401]&gt;.status_code</failure></testcase><testcase classname="tests.test_iter9_ingestion_and_google_calendar.TestB_ConnectorInstance" name="test_b2_instance_scoped_to_user" time="0.000"><error message="failed on setup with &quot;AssertionError: {&quot;detail&quot;:&quot;Email già registrata&quot;}&#10;assert 409 == 200&#10; +  where 409 = &lt;Response [409 Conflict]&gt;.status_code&quot;">tests/test_iter9_ingestion_and_google_calendar.py:56: in user_a
    assert r.status_code == 200, r.text
E   AssertionError: {"detail":"Email già registrata"}
E   assert 409 == 200
E    +  where 409 = &lt;Response [409 Conflict]&gt;.status_code</error></testcase><testcase classname="tests.test_iter9_ingestion_and_google_calendar.TestB_ConnectorInstance" name="test_b3_second_account_creates_second_instance" time="0.000"><error message="failed on setup with &quot;AssertionError: {&quot;detail&quot;:&quot;Email già registrata&quot;}&#10;assert 409 == 200&#10; +  where 409 = &lt;Response [409 Conflict]&gt;.status_code&quot;">tests/test_iter9_ingestion_and_google_calendar.py:56: in user_a
    assert r.status_code == 200, r.text
E   AssertionError: {"detail":"Email già registrata"}
E   assert 409 == 200
E    +  where 409 = &lt;Response [409 Conflict]&gt;.status_code</error></testcase><testcase classname="tests.test_iter9_ingestion_and_google_calendar.TestB_ConnectorInstance" name="test_b4_no_token_in_instance_document" time="0.000"><error message="failed on setup with &quot;AssertionError: {&quot;detail&quot;:&quot;Email già registrata&quot;}&#10;assert 409 == 200&#10; +  where 409 = &lt;Response [409 Conflict]&gt;.status_code&quot;">tests/test_iter9_ingestion_and_google_calendar.py:56: in user_a
    assert r.status_code == 200, r.text
E   AssertionError: {"detail":"Email già registrata"}
E   assert 409 == 200
E    +  where 409 = &lt;Response [409 Conflict]&gt;.status_code</error></testcase><testcase classname="tests.test_iter9_ingestion_and_google_calendar.TestB_ConnectorInstance" name="test_b5_permissions_auto_granted" time="0.000"><error message="failed on setup with &quot;AssertionError: {&quot;detail&quot;:&quot;Email già registrata&quot;}&#10;assert 409 == 200&#10; +  where 409 = &lt;Response [409 Conflict]&gt;.status_code&quot;">tests/test_iter9_ingestion_and_google_calendar.py:56: in user_a
    assert r.status_code == 200, r.text
E   AssertionError: {"detail":"Email già registrata"}
E   assert 409 == 200
E    +  where 409 = &lt;Response [409 Conflict]&gt;.status_code</error></testcase><testcase classname="tests.test_auto_link.TestK_Regression" name="test_18_top_decisions" time="0.648" /><testcase classname="tests.test_life_graph.TestVocabularyAndSeed" name="test_4_filter_by_type_home" time="0.237"><failure message="assert 401 == 200&#10; +  where 401 = &lt;Response [401]&gt;.status_code">tests/test_life_graph.py:103: in test_4_filter_by_type_home
    assert r.status_code == 200
E   assert 401 == 200
E    +  where 401 = &lt;Response [401]&gt;.status_code</failure></testcase><testcase classname="tests.test_auto_link.TestA_LoginSideEffects" name="test_01_fresh_user_snapshot_and_5_logins" time="2.879" /><testcase classname="tests.test_auto_link.TestK_Regression" name="test_19_legacy_priorities" time="0.694" /><testcase classname="tests.test_auto_link.TestK_Regression" name="test_20_life_graph_neighborhood" time="1.035" /><testcase classname="tests.test_auto_link.TestK_Regression" name="test_21_auth_me_401" time="0.314" /><testcase classname="tests.test_iter11_explainability_and_action_center.TestF_NoRegression" name="test_f1_no_llm_in_module" time="0.007" /><testcase classname="tests.test_iter11_explainability_and_action_center.TestF_NoRegression" name="test_f2_action_center_never_creates_new_decisions" time="0.003"><error message="failed on setup with &quot;AssertionError: {&quot;detail&quot;:&quot;Email già registrata&quot;}&#10;assert 409 == 200&#10; +  where 409 = &lt;Response [409 Conflict]&gt;.status_code&quot;">tests/test_iter11_explainability_and_action_center.py:52: in user_a
    assert r.status_code == 200, r.text
E   AssertionError: {"detail":"Email già registrata"}
E   assert 409 == 200
E    +  where 409 = &lt;Response [409 Conflict]&gt;.status_code</error></testcase><testcase classname="tests.test_iter11_explainability_and_action_center.TestF_NoRegression" name="test_f3_top_ranking_endpoint_untouched" time="0.000"><error message="failed on setup with &quot;AssertionError: {&quot;detail&quot;:&quot;Email già registrata&quot;}&#10;assert 409 == 200&#10; +  where 409 = &lt;Response [409 Conflict]&gt;.status_code&quot;">tests/test_iter11_explainability_and_action_center.py:52: in user_a
    assert r.status_code == 200, r.text
E   AssertionError: {"detail":"Email già registrata"}
E   assert 409 == 200
E    +  where 409 = &lt;Response [409 Conflict]&gt;.status_code</error></testcase><testcase classname="tests.test_iter11_explainability_and_action_center.TestF_NoRegression" name="test_f4_context_latest_still_uniform" time="0.000"><error message="failed on setup with &quot;AssertionError: {&quot;detail&quot;:&quot;Email già registrata&quot;}&#10;assert 409 == 200&#10; +  where 409 = &lt;Response [409 Conflict]&gt;.status_code&quot;">tests/test_iter11_explainability_and_action_center.py:52: in user_a
    assert r.status_code == 200, r.text
E   AssertionError: {"detail":"Email già registrata"}
E   assert 409 == 200
E    +  where 409 = &lt;Response [409 Conflict]&gt;.status_code</error></testcase><testcase classname="tests.test_iter19_2_memory_ask_documents.TestB_DocsInAsk" name="test_b1_single_document_appears_in_sources" time="1.801" /><testcase classname="tests.test_auto_link.TestA_LoginSideEffects" name="test_02_demo_login_top_still_imminent" time="0.422" /><testcase classname="tests.test_auto_link.TestA_LoginSideEffects" name="test_03_admin_demo_refresh_forbidden_for_normal" time="0.424" /><testcase classname="tests.test_auto_link.TestA_LoginSideEffects" name="test_04_admin_demo_refresh_ok_for_demo" time="0.423" /><testcase classname="tests.test_iter19_2_memory_ask_documents.TestB_DocsInAsk" name="test_b2_multiple_documents_all_returned" time="1.626" /><testcase classname="tests.test_iter19_documents.TestA_Upload" name="test_a1_upload_returns_doc" time="0.277" /><testcase classname="tests.test_iter19_documents.TestA_Upload" name="test_a2_dedup_same_content" time="0.019" /><testcase classname="tests.test_iter19_documents.TestA_Upload" name="test_a3_mime_not_allowed" time="0.003" /><testcase classname="tests.test_iter19_documents.TestA_Upload" name="test_a4_empty_file" time="0.003" /><testcase classname="tests.test_iter19_documents.TestB_List" name="test_b1_list_returns_user_docs_only" time="0.253" /><testcase classname="tests.test_iter19_documents.TestB_List" name="test_b2_search_by_filename" time="0.012" /><testcase classname="tests.test_iter19_documents.TestB_List" name="test_b3_search_by_tag_and_mime_filter" time="0.015" /><testcase classname="tests.test_iter19_documents.TestB_List" name="test_b4_sort_by_name_asc" time="0.004" /><testcase classname="tests.test_iter19_2_memory_ask_documents.TestB_DocsInAsk" name="test_b3_search_by_filename_hits_specific_doc" time="1.660" /><testcase classname="tests.test_iter8_permissions_connectors.TestLatestEnvelope" name="test_latest_available_shape" time="1.681" /><testcase classname="tests.test_iter8_permissions_connectors.TestLatestEnvelope" name="test_latest_not_found_shape" time="0.191" /><testcase classname="tests.test_iter8_permissions_connectors.TestLatestEnvelope" name="test_latest_cross_user_404" time="0.543" /><testcase classname="tests.test_iter8_permissions_connectors.TestLatestEnvelope" name="test_latest_no_token_401" time="0.094" /><testcase classname="tests.test_iter19_2_memory_ask_documents.TestB_DocsInAsk" name="test_b4_search_by_tag" time="1.707" /><testcase classname="tests.test_iter9_config_status.TestNoLeakage" name="test_no_redirect_uri_leak" time="0.420" /><testcase classname="tests.test_iter9_config_status.TestNoLeakage" name="test_no_token_vault_key_leak" time="0.094" /><testcase classname="tests.test_iter9_config_status.TestNoLeakage" name="test_no_common_secret_labels" time="0.096" /><testcase classname="tests.test_iter9_config_status.TestNoLeakage" name="test_no_partial_credential_leak" time="0.096"><failure message="assert 'google' not in '{&quot;provider_...endar.read&quot;}'&#10;  &#10;  'google' is contained here:&#10;    &quot;calendar_google&quot;,&quot;capability_id&quot;:&quot;calendar.read&quot;}&#10;  ?           ++++++">tests/test_iter9_config_status.py:194: in test_no_partial_credential_leak
    assert v[i:i + 6] not in raw
E   assert 'google' not in '{"provider_...endar.read"}'
E     
E     'google' is contained here:
E       "calendar_google","capability_id":"calendar.read"}
E     ?           ++++++</failure></testcase><testcase classname="tests.test_knowledge_hardening.TestD_History" name="test_06_history_entries_shape" time="0.000"><failure message="KeyError: 'car_id'">tests/test_knowledge_hardening.py:196: in test_06_history_entries_shape
    r = sess.get(f"{BASE_URL}/api/knowledge/nodes/{state['car_id']}/history?limit=100", headers=state["ha"])
                                                   ^^^^^^^^^^^^^^^
E   KeyError: 'car_id'</failure></testcase><testcase classname="tests.test_knowledge_hardening.TestD_History" name="test_07_history_ai_actor" time="0.000"><failure message="KeyError: 'car_id'">tests/test_knowledge_hardening.py:206: in test_07_history_ai_actor
    events = sess.get(f"{BASE_URL}/api/knowledge/nodes/{state['car_id']}/history?limit=200",
                                                        ^^^^^^^^^^^^^^^
E   KeyError: 'car_id'</failure></testcase><testcase classname="tests.test_knowledge_hardening.TestD_History" name="test_08_sensitive_redacted_in_history" time="0.000"><failure message="KeyError: 'car_id'">tests/test_knowledge_hardening.py:213: in test_08_sensitive_redacted_in_history
    events = sess.get(f"{BASE_URL}/api/knowledge/nodes/{state['car_id']}/history?limit=200",
                                                        ^^^^^^^^^^^^^^^
E   KeyError: 'car_id'</failure></testcase><testcase classname="tests.test_knowledge_hardening.TestD_History" name="test_09_highly_sensitive_health" time="0.000"><failure message="KeyError: 'health_id'">tests/test_knowledge_hardening.py:229: in test_09_highly_sensitive_health
    r = sess.patch(f"{BASE_URL}/api/knowledge/nodes/{state['health_id']}",
                                                     ^^^^^^^^^^^^^^^^^^
E   KeyError: 'health_id'</failure></testcase><testcase classname="tests.test_knowledge_layer.TestSchemas" name="test_01_list_schemas" time="0.096" /><testcase classname="tests.test_knowledge_layer.TestSchemas" name="test_02_schema_field_shape" time="0.043" /><testcase classname="tests.test_knowledge_layer.TestSchemas" name="test_03_schema_by_type" time="0.047" /><testcase classname="tests.test_knowledge_layer.TestSchemas" name="test_04_schema_fallback" time="0.083" /><testcase classname="tests.test_knowledge_layer.TestAuthAndSeed" name="test_05_register_user_a_and_seed" time="0.404" /><testcase classname="tests.test_knowledge_layer.TestAuthAndSeed" name="test_06_register_user_b" time="0.269" /><testcase classname="tests.test_knowledge_layer.TestAuthAndSeed" name="test_07_auth_required" time="0.291" /><testcase classname="tests.test_knowledge_layer.TestAuthAndSeed" name="test_08_cross_user_404" time="0.406" /><testcase classname="tests.test_iter8_permissions_connectors.TestDecisionNodeIds" name="test_create_with_node_ids_links_and_history" time="0.616" /><testcase classname="tests.test_ora_decision_engine.TestLegacy" name="test_priorities_default_max_3" time="0.048" /><testcase classname="tests.test_ora_decision_engine.TestLegacy" name="test_priorities_limit_10" time="0.052" /><testcase classname="tests.test_ora_decision_engine.TestLegacy" name="test_legacy_task_create_maps_to_bill" time="0.095" /><testcase classname="tests.test_iter8_permissions_connectors.TestDecisionNodeIds" name="test_create_with_unknown_node_400_and_rollback" time="0.304" /><testcase classname="tests.test_ora_decision_engine.TestLegacy" name="test_legacy_task_actions_delegate" time="2.665" /><testcase classname="tests.test_iter8_permissions_connectors.TestDecisionNodeIds" name="test_create_without_node_ids_still_works" time="0.100" /><testcase classname="tests.test_iter8_permissions_connectors.TestDecisionNodeIds" name="test_create_with_cross_user_node_id_400" time="0.635" /><testcase classname="tests.test_context_assembler.TestA_BasicShape" name="test_a1_assemble_shape" time="1.143" /><testcase classname="tests.test_context_assembler.TestA_BasicShape" name="test_a2_providers_run_contains_all_6" time="0.000" /><testcase classname="tests.test_context_assembler.TestA_BasicShape" name="test_a3_signal_shape" time="0.000" /><testcase classname="tests.test_context_assembler.TestB_DataMinimization" name="test_b4_bill_includes_subscription" time="0.000" /><testcase classname="tests.test_context_assembler.TestB_DataMinimization" name="test_b4b_fitness_excludes_subscription" time="0.428" /><testcase classname="tests.test_context_assembler.TestB_DataMinimization" name="test_b5_bill_includes_car" time="0.621" /><testcase classname="tests.test_auto_link.TestF_Idempotence" name="test_09_double_analyze_same_proposals" time="0.842"><failure message="KeyError: 'bill_decision_id'">tests/test_auto_link.py:282: in test_09_double_analyze_same_proposals
    did = STATE["bill_decision_id"]
          ^^^^^^^^^^^^^^^^^^^^^^^^^
E   KeyError: 'bill_decision_id'</failure></testcase><testcase classname="tests.test_context_assembler.TestD_Idempotence" name="test_d7_double_assemble_same_id_and_hash" time="0.230" /><testcase classname="tests.test_context_assembler.TestD_Idempotence" name="test_d8_refresh_supersedes" time="0.326" /><testcase classname="tests.test_auto_link.TestF_Idempotence" name="test_10_persisted_fields" time="0.001"><failure message="KeyError: 'bill_decision_id'">tests/test_auto_link.py:313: in test_10_persisted_fields
    did = STATE["bill_decision_id"]
          ^^^^^^^^^^^^^^^^^^^^^^^^^
E   KeyError: 'bill_decision_id'</failure></testcase><testcase classname="tests.test_auto_link.TestF_Idempotence" name="test_11_knowledge_version_bump_supersedes_or_refreshes" time="0.000"><failure message="KeyError: 'bill_decision_id'">tests/test_auto_link.py:325: in test_11_knowledge_version_bump_supersedes_or_refreshes
    did = STATE["bill_decision_id"]
          ^^^^^^^^^^^^^^^^^^^^^^^^^
E   KeyError: 'bill_decision_id'</failure></testcase><testcase classname="tests.test_context_assembler.TestD_Idempotence" name="test_d9_knowledge_change_produces_new_hash" time="0.219" /><testcase classname="tests.test_iter18_2_audit_wiring.TestB_ShadowAutoTrigger" name="test_b1_flags_off_no_shadow_evaluations" time="0.538" /><testcase classname="tests.test_context_assembler.TestI_FlagOn" name="test_i16_flag_toggle_reflected" time="0.001" /><testcase classname="tests.test_context_assembler.TestI_FlagOn" name="test_i17_attach_populates_signals" time="0.001" /><testcase classname="tests.test_context_assembler.TestI_FlagOn" name="test_i18_top_still_byte_stable_flag_on" time="0.112" /><testcase classname="tests.test_iter18_2_audit_wiring.TestB_ShadowAutoTrigger" name="test_b2_ranking_order_stable_across_flag_states" time="0.007" /><testcase classname="tests.test_iter18_2_audit_wiring.TestB_ShadowAutoTrigger" name="test_b3_flags_on_produces_shadow_evaluations" time="0.117" /><testcase classname="tests.test_iter18_apple_calendar_connector.TestB_Connect" name="test_b1_connect_creates_instance" time="0.232" /><testcase classname="tests.test_iter18_apple_calendar_connector.TestD_CrossProviderDedup" name="test_d1_apple_mirrors_google_primary" time="0.265" /><testcase classname="tests.test_iter18_apple_calendar_connector.TestB_Connect" name="test_b2_instance_visible_only_to_owner" time="0.239" /><testcase classname="tests.test_iter18_apple_calendar_connector.TestB_Connect" name="test_b3_status_returns_consent_active" time="0.012" /><testcase classname="tests.test_iter19_2_memory_ask_documents.TestC_Filters" name="test_c1_soft_deleted_excluded_from_ask" time="0.246" /><testcase classname="tests.test_iter18_apple_calendar_connector.TestD_CrossProviderDedup" name="test_d2_apple_first_google_second_mirrors_apple" time="0.266" /><testcase classname="tests.test_iter18_apple_calendar_connector.TestD_CrossProviderDedup" name="test_d3_content_key_is_stable_across_syncs" time="0.027" /><testcase classname="tests.test_iter19_documents.TestC_Detail" name="test_c1_get_by_id_ownership" time="0.002"><error message="failed on setup with &quot;KeyError: 'token'&quot;">tests/test_iter19_documents.py:31: in user_a
    return {"token": r.json()["token"], "user_id": r.json()["user"]["user_id"]}
                     ^^^^^^^^^^^^^^^^^
E   KeyError: 'token'</error></testcase><testcase classname="tests.test_iter19_documents.TestC_Detail" name="test_c2_patch" time="0.000"><error message="failed on setup with &quot;KeyError: 'token'&quot;">tests/test_iter19_documents.py:31: in user_a
    return {"token": r.json()["token"], "user_id": r.json()["user"]["user_id"]}
                     ^^^^^^^^^^^^^^^^^
E   KeyError: 'token'</error></testcase><testcase classname="tests.test_iter19_documents.TestC_Detail" name="test_c3_download_returns_original_bytes" time="0.000"><error message="failed on setup with &quot;KeyError: 'token'&quot;">tests/test_iter19_documents.py:31: in user_a
    return {"token": r.json()["token"], "user_id": r.json()["user"]["user_id"]}
                     ^^^^^^^^^^^^^^^^^
E   KeyError: 'token'</error></testcase><testcase classname="tests.test_iter19_documents.TestD_Lifecycle" name="test_d1_archive_then_restore" time="0.000"><error message="failed on setup with &quot;KeyError: 'token'&quot;">tests/test_iter19_documents.py:31: in user_a
    return {"token": r.json()["token"], "user_id": r.json()["user"]["user_id"]}
                     ^^^^^^^^^^^^^^^^^
E   KeyError: 'token'</error></testcase><testcase classname="tests.test_iter19_documents.TestD_Lifecycle" name="test_d2_soft_delete_hides_from_default_listing" time="0.000"><error message="failed on setup with &quot;KeyError: 'token'&quot;">tests/test_iter19_documents.py:31: in user_a
    return {"token": r.json()["token"], "user_id": r.json()["user"]["user_id"]}
                     ^^^^^^^^^^^^^^^^^
E   KeyError: 'token'</error></testcase><testcase classname="tests.test_iter19_documents.TestD_Lifecycle" name="test_d3_hard_delete_removes_blob" time="0.000"><error message="failed on setup with &quot;KeyError: 'token'&quot;">tests/test_iter19_documents.py:31: in user_a
    return {"token": r.json()["token"], "user_id": r.json()["user"]["user_id"]}
                     ^^^^^^^^^^^^^^^^^
E   KeyError: 'token'</error></testcase><testcase classname="tests.test_iter19_documents.TestE_Wiring" name="test_e1_life_graph_node_created" time="0.000"><error message="failed on setup with &quot;KeyError: 'token'&quot;">tests/test_iter19_documents.py:31: in user_a
    return {"token": r.json()["token"], "user_id": r.json()["user"]["user_id"]}
                     ^^^^^^^^^^^^^^^^^
E   KeyError: 'token'</error></testcase><testcase classname="tests.test_iter19_documents.TestE_Wiring" name="test_e2_knowledge_layer_facts_present" time="0.000"><error message="failed on setup with &quot;KeyError: 'token'&quot;">tests/test_iter19_documents.py:31: in user_a
    return {"token": r.json()["token"], "user_id": r.json()["user"]["user_id"]}
                     ^^^^^^^^^^^^^^^^^
E   KeyError: 'token'</error></testcase><testcase classname="tests.test_iter19_2_memory_ask_documents.TestC_Filters" name="test_c2_archived_documents_present_but_flagged" time="1.674" /><testcase classname="tests.test_iter19_documents.TestE_Wiring" name="test_e3_memory_tab_includes_documents" time="0.000"><error message="failed on setup with &quot;KeyError: 'token'&quot;">tests/test_iter19_documents.py:31: in user_a
    return {"token": r.json()["token"], "user_id": r.json()["user"]["user_id"]}
                     ^^^^^^^^^^^^^^^^^
E   KeyError: 'token'</error></testcase><testcase classname="tests.test_iter9_config_status.TestShapeAndTypes" name="test_200_with_valid_token" time="0.418" /><testcase classname="tests.test_iter9_config_status.TestShapeAndTypes" name="test_exact_key_set" time="0.100" /><testcase classname="tests.test_iter9_config_status.TestShapeAndTypes" name="test_types_and_enums" time="0.099" /><testcase classname="tests.test_knowledge_hardening.TestB_RichEnvelope" name="test_02_ai_extraction_envelope" time="0.001"><failure message="KeyError: 'car_id'">tests/test_knowledge_hardening.py:129: in test_02_ai_extraction_envelope
    r = sess.patch(f"{BASE_URL}/api/knowledge/nodes/{state['car_id']}",
                                                     ^^^^^^^^^^^^^^^
E   KeyError: 'car_id'</failure></testcase><testcase classname="tests.test_knowledge_hardening.TestB_RichEnvelope" name="test_03_confidence_clamping" time="0.001"><failure message="KeyError: 'car_id'">tests/test_knowledge_hardening.py:155: in test_03_confidence_clamping
    r = sess.patch(f"{BASE_URL}/api/knowledge/nodes/{state['car_id']}",
                                                     ^^^^^^^^^^^^^^^
E   KeyError: 'car_id'</failure></testcase><testcase classname="tests.test_knowledge_hardening.TestB_RichEnvelope" name="test_04_invalid_source_type_falls_back" time="0.000"><failure message="KeyError: 'car_id'">tests/test_knowledge_hardening.py:167: in test_04_invalid_source_type_falls_back
    r = sess.patch(f"{BASE_URL}/api/knowledge/nodes/{state['car_id']}",
                                                     ^^^^^^^^^^^^^^^
E   KeyError: 'car_id'</failure></testcase><testcase classname="tests.test_knowledge_hardening.TestE_Concurrency" name="test_10_expected_version_conflict" time="0.000"><failure message="KeyError: 'car_id'">tests/test_knowledge_hardening.py:247: in test_10_expected_version_conflict
    cur = sess.get(f"{BASE_URL}/api/knowledge/nodes/{state['car_id']}", headers=state["ha"]).json()
                                                     ^^^^^^^^^^^^^^^
E   KeyError: 'car_id'</failure></testcase><testcase classname="tests.test_knowledge_hardening.TestE_Concurrency" name="test_11_unconditional_write_ok" time="0.000"><failure message="KeyError: 'car_id'">tests/test_knowledge_hardening.py:265: in test_11_unconditional_write_ok
    r = sess.patch(f"{BASE_URL}/api/knowledge/nodes/{state['car_id']}",
                                                     ^^^^^^^^^^^^^^^
E   KeyError: 'car_id'</failure></testcase><testcase classname="tests.test_knowledge_hardening.TestE_Concurrency" name="test_12_put_property_honors_version" time="0.000"><failure message="KeyError: 'car_id'">tests/test_knowledge_hardening.py:270: in test_12_put_property_honors_version
    cur = sess.get(f"{BASE_URL}/api/knowledge/nodes/{state['car_id']}", headers=state["ha"]).json()
[...]
    assert r.status_code == 200, r.text
E   AssertionError: {"detail":"Email già registrata"}
E   assert 409 == 200
E    +  where 409 = &lt;Response [409 Conflict]&gt;.status_code</error></testcase><testcase classname="tests.test_iter9_ingestion_and_google_calendar.TestC_AccessGuard" name="test_c2_allow_with_active_consent" time="0.000"><error message="failed on setup with &quot;AssertionError: {&quot;detail&quot;:&quot;Email già registrata&quot;}&#10;assert 409 == 200&#10; +  where 409 = &lt;Response [409 Conflict]&gt;.status_code&quot;">tests/test_iter9_ingestion_and_google_calendar.py:56: in user_a
    assert r.status_code == 200, r.text
E   AssertionError: {"detail":"Email già registrata"}
E   assert 409 == 200
E    +  where 409 = &lt;Response [409 Conflict]&gt;.status_code</error></testcase><testcase classname="tests.test_iter9_ingestion_and_google_calendar.TestE_DecisionGenerationFlag" name="test_e1_flag_off_creates_no_decision" time="0.000"><error message="failed on setup with &quot;AssertionError: {&quot;detail&quot;:&quot;Email già registrata&quot;}&#10;assert 409 == 200&#10; +  where 409 = &lt;Response [409 Conflict]&gt;.status_code&quot;">tests/test_iter9_ingestion_and_google_calendar.py:56: in user_a
    assert r.status_code == 200, r.text
E   AssertionError: {"detail":"Email già registrata"}
E   assert 409 == 200
E    +  where 409 = &lt;Response [409 Conflict]&gt;.status_code</error></testcase><testcase classname="tests.test_iter9_ingestion_and_google_calendar.TestE_DecisionGenerationFlag" name="test_e2_flag_on_creates_decision_for_matching_event" time="0.000"><error message="failed on setup with &quot;AssertionError: {&quot;detail&quot;:&quot;Email già registrata&quot;}&#10;assert 409 == 200&#10; +  where 409 = &lt;Response [409 Conflict]&gt;.status_code&quot;">tests/test_iter9_ingestion_and_google_calendar.py:56: in user_a
    assert r.status_code == 200, r.text
E   AssertionError: {"detail":"Email già registrata"}
E   assert 409 == 200
E    +  where 409 = &lt;Response [409 Conflict]&gt;.status_code</error></testcase><testcase classname="tests.test_iter9_ingestion_and_google_calendar.TestJ_VaultAndConfigGuards" name="test_j1_real_mode_without_creds_is_503" time="0.000"><error message="failed on setup with &quot;AssertionError: {&quot;detail&quot;:&quot;Email già registrata&quot;}&#10;assert 409 == 200&#10; +  where 409 = &lt;Response [409 Conflict]&gt;.status_code&quot;">tests/test_iter9_ingestion_and_google_calendar.py:56: in user_a
    assert r.status_code == 200, r.text
E   AssertionError: {"detail":"Email già registrata"}
E   assert 409 == 200
E    +  where 409 = &lt;Response [409 Conflict]&gt;.status_code</error></testcase><testcase classname="tests.test_iter9_ingestion_and_google_calendar.TestJ_VaultAndConfigGuards" name="test_j2_ingestion_stats_starts_populated" time="0.000"><error message="failed on setup with &quot;AssertionError: {&quot;detail&quot;:&quot;Email già registrata&quot;}&#10;assert 409 == 200&#10; +  where 409 = &lt;Response [409 Conflict]&gt;.status_code&quot;">tests/test_iter9_ingestion_and_google_calendar.py:56: in user_a
    assert r.status_code == 200, r.text
E   AssertionError: {"detail":"Email già registrata"}
E   assert 409 == 200
E    +  where 409 = &lt;Response [409 Conflict]&gt;.status_code</error></testcase><testcase classname="tests.test_knowledge_hardening.TestA2_Coercion" name="test_01b_boolean_coercion" time="0.001"><failure message="KeyError: 'ha'">tests/test_knowledge_hardening.py:101: in test_01b_boolean_coercion
    r = sess.post(f"{BASE_URL}/api/life-graph/nodes", headers=state["ha"],
                                                              ^^^^^^^^^^^
E   KeyError: 'ha'</failure></testcase><testcase classname="tests.test_knowledge_hardening.TestA2_Coercion" name="test_01c_string_list_wrap" time="0.000"><failure message="KeyError: 'home_id'">tests/test_knowledge_hardening.py:115: in test_01c_string_list_wrap
    r = sess.patch(f"{BASE_URL}/api/knowledge/nodes/{state['home_id']}",
                                                     ^^^^^^^^^^^^^^^^
E   KeyError: 'home_id'</failure></testcase><testcase classname="tests.test_knowledge_hardening.TestI_Isolation" name="test_26_cross_user_404" time="0.000"><failure message="KeyError: 'hb'">tests/test_knowledge_hardening.py:435: in test_26_cross_user_404
    h = state["hb"]
        ^^^^^^^^^^^
E   KeyError: 'hb'</failure></testcase><testcase classname="tests.test_knowledge_hardening.TestI_Isolation" name="test_27_no_bearer_401" time="0.000"><failure message="KeyError: 'car_id'">tests/test_knowledge_hardening.py:452: in test_27_no_bearer_401
    cid = state["car_id"]
          ^^^^^^^^^^^^^^^
E   KeyError: 'car_id'</failure></testcase><testcase classname="tests.test_knowledge_hardening.TestL_DemoDrift" name="test_35_demo_login_imminent_top1" time="0.367" /><testcase classname="tests.test_knowledge_hardening.TestL_DemoDrift" name="test_36_repeated_login_stable" time="0.696" /><testcase classname="tests.test_life_graph.TestSetup" name="test_register_user_a" time="0.094"><failure message="AssertionError: {&quot;detail&quot;:&quot;Email già registrata&quot;}&#10;assert 409 == 200&#10; +  where 409 = &lt;Response [409]&gt;.status_code">tests/test_life_graph.py:45: in test_register_user_a
    assert r.status_code == 200, r.text
E   AssertionError: {"detail":"Email già registrata"}
E   assert 409 == 200
E    +  where 409 = &lt;Response [409]&gt;.status_code</failure></testcase><testcase classname="tests.test_life_graph.TestSetup" name="test_register_user_b" time="0.317" /><testcase classname="tests.test_life_graph.TestAuthGuards" name="test_25_no_token_401" time="0.282" /><testcase classname="tests.test_life_graph.TestAuthGuards" name="test_26_cross_user_isolation" time="0.201"><failure message="KeyError: 'items'">tests/test_life_graph.py:355: in test_26_cross_user_isolation
    a_node_id = rA.json()["items"][0]["id"]
                ^^^^^^^^^^^^^^^^^^
E   KeyError: 'items'</failure></testcase><testcase classname="tests.test_auto_link.TestB_Basic" name="test_05_analyze_subscription" time="1.104" /><testcase classname="tests.test_auto_link.TestC_AutoAccept" name="test_06_plate_auto_accept" time="0.410" /><testcase classname="tests.test_auto_link.TestD_Ambiguity" name="test_07_ambiguous_provider" time="0.520" /><testcase classname="tests.test_auto_link.TestE_KeywordOnly" name="test_08_exam_keyword_only" time="0.613" /><testcase classname="tests.test_auto_link.TestH_Redaction" name="test_14_plate_not_leaked" time="0.217" /><testcase classname="tests.test_auto_link.TestJ_MultiNodeAccept" name="test_17_two_proposals_two_accepts" time="1.409" /><testcase classname="tests.test_auto_link.TestL_NoSideEffects" name="test_22_analyze_only_touches_proposals_and_node_ids" time="1.987" /><testcase classname="tests.test_context_assembler.TestC_Sensitive" name="test_c6_medications_excluded" time="0.423"><failure message="AssertionError: {&quot;detail&quot;:&quot;Nodo non trovato&quot;}&#10;assert 404 in (200, 201)&#10; +  where 404 = &lt;Response [404]&gt;.status_code">tests/test_context_assembler.py:189: in test_c6_medications_excluded
    _patch_node_props(user_a, health_id, {"medications": "aspirin"})
tests/test_context_assembler.py:88: in _patch_node_props
    assert r.status_code in (200, 201), r.text
E   AssertionError: {"detail":"Nodo non trovato"}
E   assert 404 in (200, 201)
E    +  where 404 = &lt;Response [404]&gt;.status_code</failure></testcase><testcase classname="tests.test_context_assembler.TestF_ProviderFailure" name="test_f11_failing_provider_does_not_block" time="0.005"><failure message="assert None is not None">tests/test_context_assembler.py:288: in test_f11_failing_provider_does_not_block
    assert dec is not None
E   assert None is not None</failure></testcase><testcase classname="tests.test_context_assembler.TestK_Cap" name="test_k21_max_signals_constant" time="0.000" /><testcase classname="tests.test_iter18_2_audit_wiring.TestC_StartupIndices" name="test_c1_stats_endpoint_reachable" time="0.003"><error message="failed on setup with &quot;AssertionError: {&quot;detail&quot;:&quot;Email già registrata&quot;}&#10;assert 409 == 200&#10; +  where 409 = &lt;Response [409 Conflict]&gt;.status_code&quot;">tests/test_iter18_2_audit_wiring.py:39: in user_a
    assert r.status_code == 200, r.text
E   AssertionError: {"detail":"Email già registrata"}
E   assert 409 == 200
E    +  where 409 = &lt;Response [409 Conflict]&gt;.status_code</error></testcase><testcase classname="tests.test_iter18_apple_calendar_connector.TestF_Disconnect" name="test_f1_disconnect_marks_revoked_and_detaches_mirrored" time="0.002"><error message="failed on setup with &quot;AssertionError: {&quot;detail&quot;:&quot;Email già registrata&quot;}&#10;assert 409 == 200&#10; +  where 409 = &lt;Response [409 Conflict]&gt;.status_code&quot;">tests/test_iter18_apple_calendar_connector.py:56: in user_a
    assert r.status_code == 200, r.text
E   AssertionError: {"detail":"Email già registrata"}
E   assert 409 == 200
E    +  where 409 = &lt;Response [409 Conflict]&gt;.status_code</error></testcase><testcase classname="tests.test_iter19_2_memory_ask_documents.TestD_SourcesContract" name="test_d1_sources_include_document_shape" time="1.571" /><testcase classname="tests.test_iter19_documents.TestF_ContextProvider" name="test_f1_provider_no_op_when_flag_off" time="0.001"><failure message="RuntimeError: There is no current event loop in thread 'MainThread'.">tests/test_iter19_documents.py:277: in test_f1_provider_no_op_when_flag_off
    result = asyncio.get_event_loop().run_until_complete(_run())
             ^^^^^^^^^^^^^^^^^^^^^^^^
/usr/local/lib/python3.11/asyncio/events.py:681: in get_event_loop
    raise RuntimeError('There is no current event loop in thread %r.'
E   RuntimeError: There is no current event loop in thread 'MainThread'.</failure></testcase><testcase classname="tests.test_iter20_document_intelligence.TestB_OCR" name="test_b1_image_upload_triggers_ocr_engine" time="0.003"><error message="failed on setup with &quot;KeyError: 'token'&quot;">tests/test_iter20_document_intelligence.py:33: in user_a
    return {"token": r.json()["token"], "user_id": r.json()["user"]["user_id"]}
                     ^^^^^^^^^^^^^^^^^
E   KeyError: 'token'</error></testcase><testcase classname="tests.test_iter20_document_intelligence.TestD_LifeGraphAndKnowledge" name="test_d1_life_graph_node_has_extraction_attrs" time="0.000"><error message="failed on setup with &quot;KeyError: 'token'&quot;">tests/test_iter20_document_intelligence.py:33: in user_a
    return {"token": r.json()["token"], "user_id": r.json()["user"]["user_id"]}
                     ^^^^^^^^^^^^^^^^^
E   KeyError: 'token'</error></testcase><testcase classname="tests.test_iter20_document_intelligence.TestE_MemoryAsk" name="test_e1_ask_uses_extracted_text" time="0.000"><error message="failed on setup with &quot;KeyError: 'token'&quot;">tests/test_iter20_document_intelligence.py:33: in user_a
    return {"token": r.json()["token"], "user_id": r.json()["user"]["user_id"]}
                     ^^^^^^^^^^^^^^^^^
E   KeyError: 'token'</error></testcase><testcase classname="tests.test_iter20_document_intelligence.TestF_Idempotency" name="test_f1_dedup_skips_re_extraction" time="0.000"><error message="failed on setup with &quot;KeyError: 'token'&quot;">tests/test_iter20_document_intelligence.py:33: in user_a
    return {"token": r.json()["token"], "user_id": r.json()["user"]["user_id"]}
                     ^^^^^^^^^^^^^^^^^
E   KeyError: 'token'</error></testcase><testcase classname="tests.test_iter20_document_intelligence.TestG_ErrorHandling" name="test_g1_corrupted_pdf" time="0.000"><error message="failed on setup with &quot;KeyError: 'token'&quot;">tests/test_iter20_document_intelligence.py:33: in user_a
    return {"token": r.json()["token"], "user_id": r.json()["user"]["user_id"]}
                     ^^^^^^^^^^^^^^^^^
E   KeyError: 'token'</error></testcase><testcase classname="tests.test_iter20_document_intelligence.TestH_ContextProviderGated" name="test_h1_provider_still_no_op_when_flag_off" time="0.000"><failure message="RuntimeError: There is no current event loop in thread 'MainThread'.">tests/test_iter20_document_intelligence.py:202: in test_h1_provider_still_no_op_when_flag_off
    res = asyncio.get_event_loop().run_until_complete(_run())
          ^^^^^^^^^^^^^^^^^^^^^^^^
/usr/local/lib/python3.11/asyncio/events.py:681: in get_event_loop
    raise RuntimeError('There is no current event loop in thread %r.'
E   RuntimeError: There is no current event loop in thread 'MainThread'.</failure></testcase><testcase classname="tests.test_iter21_bugfix_router_crash.TestMemoryAskRegression" name="test_ask_cites_document" time="0.441"><failure message="AssertionError: nessuna doc source in []&#10;assert []">tests/test_iter21_bugfix_router_crash.py:169: in test_ask_cites_document
    assert doc_sources, f"nessuna doc source in {sources}"
E   AssertionError: nessuna doc source in []
E   assert []</failure></testcase><testcase classname="tests.test_iter8_permissions_connectors.TestRegressionLifeGraph" name="test_vocab_and_seed_and_nodes" time="0.610" /><testcase classname="tests.test_iter8_permissions_connectors.TestRegressionAutoLink" name="test_list_and_analyze" time="0.292" /><testcase classname="tests.test_iter8_permissions_connectors.TestRegressionAdmin" name="test_admin_demo_refresh" time="30.446" /><testcase classname="tests.test_auto_link.TestG_AcceptReject" name="test_13_reject_and_suppression" time="0.219"><failure message="assert []">tests/test_auto_link.py:396: in test_13_reject_and_suppression
    assert props
E   assert []</failure></testcase><testcase classname="tests.test_auto_link.TestI_Isolation" name="test_15_cross_user_404" time="13.113" /><testcase classname="tests.test_auto_link.TestI_Isolation" name="test_16_no_bearer_401" time="30.697" /><testcase classname="tests.test_iter8_permissions_connectors.TestRegressionMemory" name="test_memory_post_get" time="19.745" /><testcase classname="tests.test_iter8_permissions_connectors.TestAssemblerPermissionsFlagOff" name="test_providers_run_includes_permissions_zero_signals_stable_hash" time="0.209"><failure message="AssertionError: expected 0 permissions signals, got 1&#10;assert 1 == 0&#10; +  where 1 = len([{'key': 'permissions_enabled', 'value': True, 'value_type': 'boolean', 'unit': None, ...}])">tests/test_iter8_permissions_connectors.py:650: in test_providers_run_includes_permissions_zero_signals_stable_hash
    assert len(perms_signals) == 0, f"expected 0 permissions signals, got {len(perms_signals)}"
E   AssertionError: expected 0 permissions signals, got 1
E   assert 1 == 0
E    +  where 1 = len([{'key': 'permissions_enabled', 'value': True, 'value_type': 'boolean', 'unit': None, ...}])</failure></testcase><testcase classname="tests.test_iter9_ingestion_and_google_calendar.TestF_Revocation" name="test_f1_revoke_marks_data_detached" time="0.003"><error message="failed on setup with &quot;AssertionError: {&quot;detail&quot;:&quot;Email già registrata&quot;}&#10;assert 409 == 200&#10; +  where 409 = &lt;Response [409 Conflict]&gt;.status_code&quot;">tests/test_iter9_ingestion_and_google_calendar.py:56: in user_a
    assert r.status_code == 200, r.text
E   AssertionError: {"detail":"Email già registrata"}
E   assert 409 == 200
E    +  where 409 = &lt;Response [409 Conflict]&gt;.status_code</error></testcase><testcase classname="tests.test_iter9_ingestion_and_google_calendar.TestG_AuditRedaction" name="test_g1_audit_never_contains_titles" time="0.000"><error message="failed on setup with &quot;AssertionError: {&quot;detail&quot;:&quot;Email già registrata&quot;}&#10;assert 409 == 200&#10; +  where 409 = &lt;Response [409 Conflict]&gt;.status_code&quot;">tests/test_iter9_ingestion_and_google_calendar.py:56: in user_a
    assert r.status_code == 200, r.text
E   AssertionError: {"detail":"Email già registrata"}
E   assert 409 == 200
E    +  where 409 = &lt;Response [409 Conflict]&gt;.status_code</error></testcase><testcase classname="tests.test_iter9_ingestion_and_google_calendar.TestH_ContextFlag" name="test_h1_provider_off_hash_stable" time="0.000"><error message="failed on setup with &quot;AssertionError: {&quot;detail&quot;:&quot;Email già registrata&quot;}&#10;assert 409 == 200&#10; +  where 409 = &lt;Response [409 Conflict]&gt;.status_code&quot;">tests/test_iter9_ingestion_and_google_calendar.py:56: in user_a
    assert r.status_code == 200, r.text
E   AssertionError: {"detail":"Email già registrata"}
E   assert 409 == 200
E    +  where 409 = &lt;Response [409 Conflict]&gt;.status_code</error></testcase><testcase classname="tests.test_iter9_ingestion_and_google_calendar.TestI_LatestEndpointStillWorks" name="test_i1_latest_envelope_stable" time="0.000"><error message="failed on setup with &quot;AssertionError: {&quot;detail&quot;:&quot;Email già registrata&quot;}&#10;assert 409 == 200&#10; +  where 409 = &lt;Response [409 Conflict]&gt;.status_code&quot;">tests/test_iter9_ingestion_and_google_calendar.py:56: in user_a
    assert r.status_code == 200, r.text
E   AssertionError: {"detail":"Email già registrata"}
E   assert 409 == 200
E    +  where 409 = &lt;Response [409 Conflict]&gt;.status_code</error></testcase><testcase classname="tests.test_knowledge_hardening.TestSetup" name="test_00_register_seed" time="0.684" /><testcase classname="tests.test_knowledge_hardening.TestA_Envelope" name="test_01_bare_values_wrap" time="0.049" /><testcase classname="tests.test_knowledge_hardening.TestC_Reconfirm" name="test_05_reconfirm_preserves_extracted_at" time="1.195" /><testcase classname="tests.test_knowledge_hardening.TestJ_NoInterpretation" name="test_28_no_side_effects" time="0.370" /><testcase classname="tests.test_knowledge_layer.TestBulk" name="test_20_list_all" time="0.000"><failure message="KeyError: 'token_a'">tests/test_knowledge_layer.py:244: in test_20_list_all
    h = {"Authorization": f"Bearer {state['token_a']}"}
                                    ^^^^^^^^^^^^^^^^
E   KeyError: 'token_a'</failure></testcase><testcase classname="tests.test_ora_decision_engine.TestMigration" name="test_demo_user_has_migrated_items_or_seeds" time="0.334" /><testcase classname="tests.test_iter9_config_status.TestCurrentEnvState" name="test_env_snapshot" time="0.413"><failure message="assert True is False">tests/test_iter9_config_status.py:139: in test_env_snapshot
    assert b["client_id_configured"] is False
E   assert True is False</failure></testcase><testcase classname="tests.test_iter9_config_status.TestNoRegressionOfExistingKeys" name="test_no_secret_keys_present" time="0.096" /></testsuite></testsuites>