<?xml version="1.0" encoding="utf-8"?><testsuites name="pytest tests"><testsuite name="pytest" errors="0" failures="0" skipped="0" tests="9" time="3.293" timestamp="2026-07-31T06:55:33.133172+00:00" hostname="agent-env-71535694-dd7d-46b7-b0bc-df5d620cb6d9"><testcase classname="tests.test_iter21_bugfix_router_crash.TestDocumentsAPI" name="test_a_upload_ticket" time="0.487" /><testcase classname="tests.test_iter21_bugfix_router_crash.TestDocumentsAPI" name="test_b_list_contains_doc" time="0.108" /><testcase classname="tests.test_iter21_bugfix_router_crash.TestDocumentsAPI" name="test_c_get_doc" time="0.097" /><testcase classname="tests.test_iter21_bugfix_router_crash.TestDocumentsAPI" name="test_d_insights_shape" time="0.094" /><testcase classname="tests.test_iter21_bugfix_router_crash.TestDocumentsAPI" name="test_e_archive_then_insights_no_crash" time="0.198" /><testcase classname="tests.test_iter21_bugfix_router_crash.TestDocumentsAPI" name="test_f_restore" time="0.101" /><testcase classname="tests.test_iter21_bugfix_router_crash.TestDocumentsAPI" name="test_g_upload_second_doc" time="0.109" /><testcase classname="tests.test_iter21_bugfix_router_crash.TestDocumentsAPI" name="test_h_open_multiple_in_sequence" time="0.420" /><testcase classname="tests.test_iter21_bugfix_router_crash.TestMemoryAskRegression" name="test_ask_cites_document" time="1.589" /></testsuite></testsuites>