<?xml version="1.0" encoding="utf-8"?><testsuites name="pytest tests"><testsuite name="pytest" errors="0" failures="0" skipped="0" tests="26" time="3.027" timestamp="2026-07-31T08:59:40.522783+00:00" hostname="agent-env-71535694-dd7d-46b7-b0bc-df5d620cb6d9"><testcase classname="tests.test_iter22_document_understanding.TestPriorityRules" name="test_event_date_wins_over_order_date" time="0.286" /><testcase classname="tests.test_iter22_document_understanding.TestClassification" name="test_type_key_correct[BIGLIETTO CONCERTO\nOLLY LIVE 2026\nRock in Roma\nData evento: 30 giugno 2026\nOra inizio: 21:45\nApertura porte: 17:00\nNumero ordine: 1284925775\nNumero biglietto: 998877\nTktID: 128492577\nIntestatario: Mario Rossi\nPosto: Tribuna Rossa Fila 3\nPrezzo: 55,00 \u20ac\n-ticket]" time="0.287" /><testcase classname="tests.test_iter22_document_understanding.TestPriorityRules" name="test_tktid_never_becomes_order_number" time="0.013" /><testcase classname="tests.test_iter22_document_understanding.TestClassification" name="test_type_key_correct[FATTURA n. 2026-100\nData emissione: 15/03/2026\nData scadenza: 15/04/2026\nCedente prestatore: ACME SRL\nCessionario committente: BETA SPA\nP.IVA: 12345678901\nImponibile: \u20ac 100,00\nIVA 22%: \u20ac 22,00\nTotale documento: \u20ac 122,00\nIBAN: IT60X0542811101000000123456\n-invoice]" time="0.020" /><testcase classname="tests.test_iter22_document_understanding.TestPriorityRules" name="test_posto_unico_never_becomes_person" time="0.013" /><testcase classname="tests.test_iter22_document_understanding.TestClassification" name="test_type_key_correct[SCONTRINO FISCALE\nEsercente: BAR DEL CORSO\nDocumento commerciale n. 0042\nData: 12/05/2026\nTotale complessivo: \u20ac 8,50\n-receipt]" time="0.016" /><testcase classname="tests.test_iter22_document_understanding.TestPriorityRules" name="test_bare_11_digits_no_label_never_tax_id" time="0.012" /><testcase classname="tests.test_iter22_document_understanding.TestClassification" name="test_type_key_correct[CONTRATTO DI COLLABORAZIONE\n\nPremesso che le parti intendono regolare i loro rapporti,\nil presente contratto viene stipulato tra Mario Rossi e Anna Bianchi.\n\nOggetto: consulenza informatica.\nDecorrenza: 01/09/2026\nScadenza: 31/08/2027\nData firma: 15/08/2026\nArticolo 1 \u2014 Descrizione del servizio\n-contract]" time="0.016" /><testcase classname="tests.test_iter22_document_understanding.TestPriorityRules" name="test_no_value_in_multiple_semantic_fields" time="0.014" /><testcase classname="tests.test_iter22_document_understanding.TestPriorityRules" name="test_technical_id_never_appears_as_phone" time="0.013" /><testcase classname="tests.test_iter22_document_understanding.TestClassification" name="test_type_key_correct[BOLLETTA ENERGIA ELETTRICA\nFornitore: LUCE SPA\nCliente: Mario Rossi\nPOD: IT001E12345678\nPeriodo: 01/03/2026 - 30/04/2026\nConsumo: 250 kWh\nImporto da pagare: \u20ac 75,40\nScadenza pagamento: 25/05/2026\n-bill]" time="0.016" /><testcase classname="tests.test_iter22_document_understanding.TestResolvedFields" name="test_ticket_resolved_fields" time="0.008" /><testcase classname="tests.test_iter22_document_understanding.TestClassification" name="test_type_key_correct[REFERTO ANALISI CLINICHE\nPaziente: Mario Rossi\nData referto: 10/04/2026\nEsame: emocromo completo\nDiagnosi: valori nella norma.\nRefertante: Dott. Giovanni Verdi\n-medical]" time="0.015" /><testcase classname="tests.test_iter22_document_understanding.TestResolvedFields" name="test_invoice_resolved_fields" time="0.017" /><testcase classname="tests.test_iter22_document_understanding.TestClassification" name="test_type_key_correct[REPUBBLICA ITALIANA\nCARTA D'IDENTITA'\nCOMUNE DI ROMA\nCognome: ROSSI\nNome: MARIO\nData di nascita: 15/06/1985\nLuogo di nascita: Roma\nStatura: 180\nNumero documento: CA1234567\nData rilascio: 20/01/2020\nData scadenza: 20/01/2030\n-id_card]" time="0.015" /><testcase classname="tests.test_iter22_document_understanding.TestResolvedFields" name="test_contract_dates_distinct" time="0.017" /><testcase classname="tests.test_iter22_document_understanding.TestClassification" name="test_type_key_correct[PASSPORT / PASSAPORTO\nType/Tipo: P\nNationality/Nazionalit\xe0: ITA\nSurname/Cognome: ROSSI\nGiven names/Nome: MARIO\nDate of birth/Data di nascita: 15/06/1985\nPassport No/N\xb0 Passaporto: YA1234567\nDate of issue/Data rilascio: 12/03/2022\nDate of expiry/Data scadenza: 11/03/2032\n-passport]" time="0.013" /><testcase classname="tests.test_iter22_document_understanding.TestResolvedFields" name="test_id_card_extracts_names" time="0.016" /><testcase classname="tests.test_iter22_document_understanding.TestClassification" name="test_type_key_correct[CURRICULUM VITAE\nNome: Mario Rossi\nEmail: mario.rossi@example.com\nTel: +39 348 1234567\nData di nascita: 15/06/1985\nCitt\xe0: Roma\n\nESPERIENZA LAVORATIVA\n2020-oggi \u2014 Senior Developer @ ACME\n\nISTRUZIONE E FORMAZIONE\n2005-2010 \u2014 Laurea in Informatica\n\nCOMPETENZE\nPython, TypeScript, React Native.\n-cv]" time="0.016" /><testcase classname="tests.test_iter22_document_understanding.TestConfidence" name="test_visible_and_hidden_thresholds_respected" time="0.007" /><testcase classname="tests.test_iter22_document_understanding.TestClassification" name="test_type_key_correct[CERTIFICATO DI FREQUENZA\nSi certifica che il Sig. Mario Rossi ha frequentato il corso.\nData emissione: 10/06/2026\nEnte emittente: Ordine degli Ingegneri\n-certificate]" time="0.014" /><testcase classname="tests.test_iter22_document_understanding.TestConfidence" name="test_source_snippet_bounded_length" time="0.008" /><testcase classname="tests.test_iter22_document_understanding.TestRetrocompat" name="test_iter21_payload_shape_preserved" time="0.007" /><testcase classname="tests.test_iter22_document_understanding.TestClassification" name="test_unknown_falls_back_to_generic" time="0.011" /><testcase classname="tests.test_iter22_document_understanding.TestRetrocompat" name="test_generic_shows_no_schema_fields" time="0.014" /><testcase classname="tests.test_iter22_document_understanding.TestExtensibility" name="test_register_new_document_type_works" time="0.002" /></testsuite></testsuites>