<?xml version="1.0" encoding="utf-8"?><testsuites name="pytest tests"><testsuite name="pytest" errors="0" failures="1" skipped="0" tests="9" time="4.488" timestamp="2026-07-31T09:03:17.878468+00:00" hostname="agent-env-71535694-dd7d-46b7-b0bc-df5d620cb6d9"><testcase classname="tests.test_iter21_bugfix_router_crash.TestDocumentsAPI" name="test_a_upload_ticket" time="0.730" /><testcase classname="tests.test_iter21_bugfix_router_crash.TestMemoryAskRegression" name="test_ask_cites_document" time="0.725"><failure message="AssertionError: nessuna doc source in []&#10;assert []">tests/test_iter21_bugfix_router_crash.py:169: in test_ask_cites_document
    assert doc_sources, f"nessuna doc source in {sources}"
E   AssertionError: nessuna doc source in []
E   assert []</failure></testcase><testcase classname="tests.test_iter21_bugfix_router_crash.TestDocumentsAPI" name="test_b_list_contains_doc" time="0.096" /><testcase classname="tests.test_iter21_bugfix_router_crash.TestDocumentsAPI" name="test_c_get_doc" time="0.095" /><testcase classname="tests.test_iter21_bugfix_router_crash.TestDocumentsAPI" name="test_d_insights_shape" time="0.095" /><testcase classname="tests.test_iter21_bugfix_router_crash.TestDocumentsAPI" name="test_e_archive_then_insights_no_crash" time="0.198" /><testcase classname="tests.test_iter21_bugfix_router_crash.TestDocumentsAPI" name="test_f_restore" time="0.099" /><testcase classname="tests.test_iter21_bugfix_router_crash.TestDocumentsAPI" name="test_g_upload_second_doc" time="0.106" /><testcase classname="tests.test_iter21_bugfix_router_crash.TestDocumentsAPI" name="test_h_open_multiple_in_sequence" time="0.389" /></testsuite></testsuites>