<?xml version="1.0" encoding="utf-8"?><testsuites name="pytest tests"><testsuite name="pytest" errors="0" failures="0" skipped="0" tests="8" time="1.439" timestamp="2026-07-30T16:57:50.420391+00:00" hostname="agent-env-71535694-dd7d-46b7-b0bc-df5d620cb6d9"><testcase classname="tests.test_iter9_live_preview" name="test_oauth_start_returns_503_provider_not_configured" time="0.528" /><testcase classname="tests.test_iter9_live_preview" name="test_oauth_start_requires_auth" time="0.116" /><testcase classname="tests.test_iter9_live_preview" name="test_callback_fake_disabled_in_real_mode" time="0.133" /><testcase classname="tests.test_iter9_live_preview" name="test_instances_empty_for_fresh_user" time="0.149" /><testcase classname="tests.test_iter9_live_preview" name="test_ingestion_stats_zero_for_fresh_user" time="0.102" /><testcase classname="tests.test_iter9_live_preview" name="test_ingestion_events_empty_for_fresh_user" time="0.113" /><testcase classname="tests.test_iter9_live_preview" name="test_registry_bumps_google_calendar_to_available" time="0.121" /><testcase classname="tests.test_iter9_live_preview" name="test_registry_single_lookup" time="0.122" /></testsuite></testsuites>