<?xml version="1.0" encoding="utf-8"?><testsuites name="pytest tests"><testsuite name="pytest" errors="0" failures="0" skipped="0" tests="13" time="3.684" timestamp="2026-07-30T17:33:52.692940+00:00" hostname="agent-env-71535694-dd7d-46b7-b0bc-df5d620cb6d9"><testcase classname="tests.test_iter10_live_smoke.TestLiveEndpoints" name="test_today_shape" time="0.618" /><testcase classname="tests.test_iter10_live_smoke.TestLiveEndpoints" name="test_tomorrow_date" time="0.104" /><testcase classname="tests.test_iter10_live_smoke.TestLiveEndpoints" name="test_refresh" time="0.129" /><testcase classname="tests.test_iter10_live_smoke.TestLiveEndpoints" name="test_specific_date_holiday" time="0.127" /><testcase classname="tests.test_iter10_live_smoke.TestLiveEndpoints" name="test_bad_date_400" time="0.114" /><testcase classname="tests.test_iter10_live_smoke.TestLiveEndpoints" name="test_auth_required" time="0.160" /><testcase classname="tests.test_iter10_live_smoke.TestLiveEndpoints" name="test_cross_user_isolation" time="0.450" /><testcase classname="tests.test_iter10_live_smoke.TestInvariants" name="test_no_decision_creation" time="0.977" /><testcase classname="tests.test_iter10_live_smoke.TestInvariants" name="test_no_notification_audit_events" time="0.100" /><testcase classname="tests.test_iter10_live_smoke.TestInvariants" name="test_deterministic_within_second" time="0.213" /><testcase classname="tests.test_iter10_live_smoke.TestInvariants" name="test_all_day_vacation_event" time="0.291" /><testcase classname="tests.test_iter10_live_smoke.TestInvariants" name="test_cancelled_event_skipped" time="0.342" /><testcase classname="tests.test_iter10_live_smoke.TestFilesystemInvariants" name="test_no_llm_imports" time="0.003" /></testsuite></testsuites>