<?xml version="1.0" encoding="utf-8"?><testsuites name="pytest tests"><testsuite name="pytest" errors="0" failures="1" skipped="0" tests="45" time="12.551" timestamp="2026-07-30T14:24:31.656016+00:00" hostname="agent-env-71535694-dd7d-46b7-b0bc-df5d620cb6d9"><testcase classname="tests.test_knowledge_hardening.TestSetup" name="test_00_register_seed" time="1.001" /><testcase classname="tests.test_knowledge_hardening.TestA_Envelope" name="test_01_bare_values_wrap" time="0.072"><failure message="AssertionError: assert '48500' == 48500">backend/tests/test_knowledge_hardening.py:80: in test_01_bare_values_wrap
    assert p["mileage_km"]["value"] == 48500
E   AssertionError: assert '48500' == 48500</failure></testcase><testcase classname="tests.test_knowledge_hardening.TestB_RichEnvelope" name="test_02_ai_extraction_envelope" time="0.069" /><testcase classname="tests.test_knowledge_hardening.TestB_RichEnvelope" name="test_03_confidence_clamping" time="0.144" /><testcase classname="tests.test_knowledge_hardening.TestB_RichEnvelope" name="test_04_invalid_source_type_falls_back" time="0.071" /><testcase classname="tests.test_knowledge_hardening.TestC_Reconfirm" name="test_05_reconfirm_preserves_extracted_at" time="1.252" /><testcase classname="tests.test_knowledge_hardening.TestD_History" name="test_06_history_entries_shape" time="0.066" /><testcase classname="tests.test_knowledge_hardening.TestD_History" name="test_07_history_ai_actor" time="0.065" /><testcase classname="tests.test_knowledge_hardening.TestD_History" name="test_08_sensitive_redacted_in_history" time="0.079" /><testcase classname="tests.test_knowledge_hardening.TestD_History" name="test_09_highly_sensitive_health" time="0.136" /><testcase classname="tests.test_knowledge_hardening.TestE_Concurrency" name="test_10_expected_version_conflict" time="0.205" /><testcase classname="tests.test_knowledge_hardening.TestE_Concurrency" name="test_11_unconditional_write_ok" time="0.070" /><testcase classname="tests.test_knowledge_hardening.TestE_Concurrency" name="test_12_put_property_honors_version" time="0.132" /><testcase classname="tests.test_knowledge_hardening.TestF_Security" name="test_13_reject_bad_keys[props0]" time="0.065" /><testcase classname="tests.test_knowledge_hardening.TestF_Security" name="test_13_reject_bad_keys[props1]" time="0.148" /><testcase classname="tests.test_knowledge_hardening.TestF_Security" name="test_13_reject_bad_keys[props2]" time="0.079" /><testcase classname="tests.test_knowledge_hardening.TestF_Security" name="test_13_reject_bad_keys[props3]" time="0.067" /><testcase classname="tests.test_knowledge_hardening.TestF_Security" name="test_13_reject_bad_keys[props4]" time="0.066" /><testcase classname="tests.test_knowledge_hardening.TestF_Security" name="test_13_reject_bad_keys[props5]" time="0.079" /><testcase classname="tests.test_knowledge_hardening.TestF_Security" name="test_13_reject_bad_keys[props6]" time="0.065" /><testcase classname="tests.test_knowledge_hardening.TestF_Security" name="test_13_reject_bad_keys[props7]" time="0.064" /><testcase classname="tests.test_knowledge_hardening.TestF_Security" name="test_13_reject_bad_keys[props8]" time="0.123" /><testcase classname="tests.test_knowledge_hardening.TestF_Security" name="test_14_nan_inf" time="0.069" /><testcase classname="tests.test_knowledge_hardening.TestF_Security" name="test_15_key_normalization" time="0.068" /><testcase classname="tests.test_knowledge_hardening.TestG_SoftDelete" name="test_16_delete_soft" time="0.068" /><testcase classname="tests.test_knowledge_hardening.TestG_SoftDelete" name="test_17_default_get_hides" time="0.067" /><testcase classname="tests.test_knowledge_hardening.TestG_SoftDelete" name="test_18_include_archived_shows" time="0.071" /><testcase classname="tests.test_knowledge_hardening.TestG_SoftDelete" name="test_19_restore" time="0.159" /><testcase classname="tests.test_knowledge_hardening.TestG_SoftDelete" name="test_20_list_hides_archived" time="0.274" /><testcase classname="tests.test_knowledge_hardening.TestH_SingleProperty" name="test_21_put_property" time="0.073" /><testcase classname="tests.test_knowledge_hardening.TestH_SingleProperty" name="test_22_get_property" time="0.067" /><testcase classname="tests.test_knowledge_hardening.TestH_SingleProperty" name="test_23_get_nonexistent_key" time="0.071" /><testcase classname="tests.test_knowledge_hardening.TestH_SingleProperty" name="test_24_delete_property_then_get" time="0.248" /><testcase classname="tests.test_knowledge_hardening.TestH_SingleProperty" name="test_25_bad_key_400" time="0.419" /><testcase classname="tests.test_knowledge_hardening.TestI_Isolation" name="test_26_cross_user_404" time="0.624" /><testcase classname="tests.test_knowledge_hardening.TestI_Isolation" name="test_27_no_bearer_401" time="0.457" /><testcase classname="tests.test_knowledge_hardening.TestJ_NoInterpretation" name="test_28_no_side_effects" time="0.559" /><testcase classname="tests.test_knowledge_hardening.TestK_Regression" name="test_29_top_decisions" time="0.071" /><testcase classname="tests.test_knowledge_hardening.TestK_Regression" name="test_30_resolve_italian" time="3.560" /><testcase classname="tests.test_knowledge_hardening.TestK_Regression" name="test_31_node_graph" time="0.073" /><testcase classname="tests.test_knowledge_hardening.TestK_Regression" name="test_32_priorities_legacy" time="0.064" /><testcase classname="tests.test_knowledge_hardening.TestK_Regression" name="test_33_memory_ask" time="0.067" /><testcase classname="tests.test_knowledge_hardening.TestK_Regression" name="test_34_me_no_token" time="0.080" /><testcase classname="tests.test_knowledge_hardening.TestL_DemoDrift" name="test_35_demo_login_imminent_top1" time="0.363" /><testcase classname="tests.test_knowledge_hardening.TestL_DemoDrift" name="test_36_repeated_login_stable" time="0.724" /></testsuite></testsuites>