<?xml version="1.0" encoding="utf-8"?><testsuites name="pytest tests"><testsuite name="pytest" errors="0" failures="9" skipped="0" tests="27" time="6.435" timestamp="2026-07-30T14:28:52.211926+00:00" hostname="agent-env-71535694-dd7d-46b7-b0bc-df5d620cb6d9"><testcase classname="tests.test_knowledge_layer.TestSchemas" name="test_01_list_schemas" time="0.173" /><testcase classname="tests.test_knowledge_layer.TestSchemas" name="test_02_schema_field_shape" time="0.064" /><testcase classname="tests.test_knowledge_layer.TestSchemas" name="test_03_schema_by_type" time="0.063" /><testcase classname="tests.test_knowledge_layer.TestSchemas" name="test_04_schema_fallback" time="0.121" /><testcase classname="tests.test_knowledge_layer.TestAuthAndSeed" name="test_05_register_user_a_and_seed" time="0.435" /><testcase classname="tests.test_knowledge_layer.TestAuthAndSeed" name="test_06_register_user_b" time="0.289" /><testcase classname="tests.test_knowledge_layer.TestAuthAndSeed" name="test_07_auth_required" time="0.312" /><testcase classname="tests.test_knowledge_layer.TestAuthAndSeed" name="test_08_cross_user_404" time="0.244" /><testcase classname="tests.test_knowledge_layer.TestReadWrite" name="test_09_get_empty" time="0.069" /><testcase classname="tests.test_knowledge_layer.TestReadWrite" name="test_10_patch_creates" time="0.069"><failure message="AssertionError: assert {'value': ['M...t': None, ...} == ['Marco', 'Anna']&#10;  &#10;  Full diff:&#10;  - [&#10;  + {&#10;  +     'value': [&#10;  -     'Marco',&#10;  +         'Marco',...&#10;  &#10;  ...Full output truncated (19 lines hidden), use '-vv' to show">backend/tests/test_knowledge_layer.py:138: in test_10_patch_creates
    assert d["properties"]["residents"] == ["Marco", "Anna"]
E   AssertionError: assert {'value': ['M...t': None, ...} == ['Marco', 'Anna']
E     
E     Full diff:
E     - [
E     + {
E     +     'value': [
E     -     'Marco',
E     +         'Marco',...
E     
E     ...Full output truncated (19 lines hidden), use '-vv' to show</failure></testcase><testcase classname="tests.test_knowledge_layer.TestReadWrite" name="test_11_patch_merges" time="0.068"><failure message="AssertionError: assert 0 == 1&#10; +  where 0 = &lt;built-in method count of list object at 0xfcbae90f1340&gt;('created')&#10; +    where &lt;built-in method count of list object at 0xfcbae90f1340&gt; = ['property_set', 'property_set', 'property_set', 'property_set', 'property_set'].count">backend/tests/test_knowledge_layer.py:149: in test_11_patch_merges
    assert events.count("created") == 1
E   AssertionError: assert 0 == 1
E    +  where 0 = &lt;built-in method count of list object at 0xfcbae90f1340&gt;('created')
E    +    where &lt;built-in method count of list object at 0xfcbae90f1340&gt; = ['property_set', 'property_set', 'property_set', 'property_set', 'property_set'].count</failure></testcase><testcase classname="tests.test_knowledge_layer.TestReadWrite" name="test_12_patch_null_deletes" time="0.065" /><testcase classname="tests.test_knowledge_layer.TestReadWrite" name="test_13_put_replaces" time="0.070"><failure message="AssertionError: assert {'value': 'seconda_casa', 'value_type': 'string', 'unit': None, 'format': None, ...} == 'seconda_casa'">backend/tests/test_knowledge_layer.py:164: in test_13_put_replaces
    assert d["properties"]["home_type"] == "seconda_casa"
E   AssertionError: assert {'value': 'seconda_casa', 'value_type': 'string', 'unit': None, 'format': None, ...} == 'seconda_casa'</failure></testcase><testcase classname="tests.test_knowledge_layer.TestCoercion" name="test_14_car_coercion_and_extras" time="0.063"><failure message="AssertionError: assert {'value': 48500, 'value_type': 'number', 'unit': 'km', 'format': None, ...} == 48500">backend/tests/test_knowledge_layer.py:185: in test_14_car_coercion_and_extras
    assert d["properties"]["mileage_km"] == 48500
E   AssertionError: assert {'value': 48500, 'value_type': 'number', 'unit': 'km', 'format': None, ...} == 48500</failure></testcase><testcase classname="tests.test_knowledge_layer.TestCoercion" name="test_15_extra_null_removes" time="0.065"><failure message="AssertionError: assert 'another_extra' in {}">backend/tests/test_knowledge_layer.py:197: in test_15_extra_null_removes
    assert "another_extra" in extra
E   AssertionError: assert 'another_extra' in {}</failure></testcase><testcase classname="tests.test_knowledge_layer.TestCoercion" name="test_16_string_list_autowrap" time="0.077"><failure message="AssertionError: assert {'value': ['S...t': None, ...} == ['Solo']&#10;  &#10;  Full diff:&#10;  - [&#10;  + {&#10;  +     'value': [&#10;  -     'Solo',&#10;  +         'Solo',...&#10;  &#10;  ...Full output truncated (16 lines hidden), use '-vv' to show">backend/tests/test_knowledge_layer.py:205: in test_16_string_list_autowrap
    assert d["properties"]["residents"] == ["Solo"]
E   AssertionError: assert {'value': ['S...t': None, ...} == ['Solo']
E     
E     Full diff:
E     - [
E     + {
E     +     'value': [
E     -     'Solo',
E     +         'Solo',...
E     
E     ...Full output truncated (16 lines hidden), use '-vv' to show</failure></testcase><testcase classname="tests.test_knowledge_layer.TestSingleProperty" name="test_17_put_property" time="0.071"><failure message="AssertionError: assert {'value': {'a...t': None, ...} == {'amount': 220, 'paid': False}&#10;  &#10;  Left contains 6 more items:&#10;  {'format': None,&#10;   'provenance': {'confidence': 1.0,&#10;                  'extracted_at': '2026-07-30T14:28:54.597659+00:00',&#10;                  'last_confirmed_at': '2026-07-30T14:28:54.597667+00:00',&#10;                  'source_id': None,...&#10;  &#10;  ...Full output truncated (32 lines hidden), use '-vv' to show">backend/tests/test_knowledge_layer.py:220: in test_17_put_property
    assert d["properties"]["road_tax"] == {"amount": 220, "paid": False}
E   AssertionError: assert {'value': {'a...t': None, ...} == {'amount': 220, 'paid': False}
E     
E     Left contains 6 more items:
E     {'format': None,
E      'provenance': {'confidence': 1.0,
E                     'extracted_at': '2026-07-30T14:28:54.597659+00:00',
E                     'last_confirmed_at': '2026-07-30T14:28:54.597667+00:00',
E                     'source_id': None,...
E     
E     ...Full output truncated (32 lines hidden), use '-vv' to show</failure></testcase><testcase classname="tests.test_knowledge_layer.TestSingleProperty" name="test_18_delete_property" time="0.062" /><testcase classname="tests.test_knowledge_layer.TestSingleProperty" name="test_19_clear" time="0.072"><failure message="AssertionError: assert {'brand': {'v...ne, ...}, ...} == {}&#10;  &#10;  Left contains 6 more items:&#10;  {'another_extra': {'format': None,&#10;                     'provenance': {'confidence': 1.0,&#10;                                    'extracted_at': '2026-07-30T14:28:54.370660+00:00',&#10;                                    'last_confirmed_at': '2026-07-30T14:28:54.370661+00:00',&#10;                                    'source_id': None,...&#10;  &#10;  ...Full output truncated (161 lines hidden), use '-vv' to show">backend/tests/test_knowledge_layer.py:236: in test_19_clear
    assert d["properties"] == {}
E   AssertionError: assert {'brand': {'v...ne, ...}, ...} == {}
E     
E     Left contains 6 more items:
E     {'another_extra': {'format': None,
E                        'provenance': {'confidence': 1.0,
E                                       'extracted_at': '2026-07-30T14:28:54.370660+00:00',
E                                       'last_confirmed_at': '2026-07-30T14:28:54.370661+00:00',
E                                       'source_id': None,...
E     
E     ...Full output truncated (161 lines hidden), use '-vv' to show</failure></testcase><testcase classname="tests.test_knowledge_layer.TestBulk" name="test_20_list_all" time="0.063"><failure message="AssertionError: assert ('node_aae2e6c154c7' in {'node_aae2e6c154c7'} and 'node_c9aa1cd6b9b9' in {'node_aae2e6c154c7'})">backend/tests/test_knowledge_layer.py:249: in test_20_list_all
    assert state["home_id"] in node_ids and state["car_id"] in node_ids
E   AssertionError: assert ('node_aae2e6c154c7' in {'node_aae2e6c154c7'} and 'node_c9aa1cd6b9b9' in {'node_aae2e6c154c7'})</failure></testcase><testcase classname="tests.test_knowledge_layer.TestRegression" name="test_21_life_graph_unchanged" time="0.066" /><testcase classname="tests.test_knowledge_layer.TestRegression" name="test_22_node_graph" time="0.061" /><testcase classname="tests.test_knowledge_layer.TestRegression" name="test_23_decisions_top_imminent" time="0.059" /><testcase classname="tests.test_knowledge_layer.TestRegression" name="test_24_resolve_italian" time="3.118" /><testcase classname="tests.test_knowledge_layer.TestRegression" name="test_25_priorities_legacy" time="0.073" /><testcase classname="tests.test_knowledge_layer.TestRegression" name="test_26_memory_ask" time="0.065" /><testcase classname="tests.test_knowledge_layer.TestRegression" name="test_27_auth_errors" time="0.355" /></testsuite></testsuites>