<?xml version="1.0" encoding="utf-8"?><testsuites name="pytest tests"><testsuite name="pytest" errors="0" failures="0" skipped="0" tests="27" time="7.307" timestamp="2026-07-30T14:11:54.172838+00:00" hostname="agent-env-71535694-dd7d-46b7-b0bc-df5d620cb6d9"><testcase classname="tests.test_knowledge_layer.TestSchemas" name="test_01_list_schemas" time="0.361" /><testcase classname="tests.test_knowledge_layer.TestSchemas" name="test_02_schema_field_shape" time="0.076" /><testcase classname="tests.test_knowledge_layer.TestSchemas" name="test_03_schema_by_type" time="0.150" /><testcase classname="tests.test_knowledge_layer.TestSchemas" name="test_04_schema_fallback" time="0.167" /><testcase classname="tests.test_knowledge_layer.TestAuthAndSeed" name="test_05_register_user_a_and_seed" time="0.470" /><testcase classname="tests.test_knowledge_layer.TestAuthAndSeed" name="test_06_register_user_b" time="0.299" /><testcase classname="tests.test_knowledge_layer.TestAuthAndSeed" name="test_07_auth_required" time="0.366" /><testcase classname="tests.test_knowledge_layer.TestAuthAndSeed" name="test_08_cross_user_404" time="0.298" /><testcase classname="tests.test_knowledge_layer.TestReadWrite" name="test_09_get_empty" time="0.074" /><testcase classname="tests.test_knowledge_layer.TestReadWrite" name="test_10_patch_creates" time="0.074" /><testcase classname="tests.test_knowledge_layer.TestReadWrite" name="test_11_patch_merges" time="0.078" /><testcase classname="tests.test_knowledge_layer.TestReadWrite" name="test_12_patch_null_deletes" time="0.074" /><testcase classname="tests.test_knowledge_layer.TestReadWrite" name="test_13_put_replaces" time="0.087" /><testcase classname="tests.test_knowledge_layer.TestCoercion" name="test_14_car_coercion_and_extras" time="0.078" /><testcase classname="tests.test_knowledge_layer.TestCoercion" name="test_15_extra_null_removes" time="0.078" /><testcase classname="tests.test_knowledge_layer.TestCoercion" name="test_16_string_list_autowrap" time="0.078" /><testcase classname="tests.test_knowledge_layer.TestSingleProperty" name="test_17_put_property" time="0.157" /><testcase classname="tests.test_knowledge_layer.TestSingleProperty" name="test_18_delete_property" time="0.079" /><testcase classname="tests.test_knowledge_layer.TestSingleProperty" name="test_19_clear" time="0.081" /><testcase classname="tests.test_knowledge_layer.TestBulk" name="test_20_list_all" time="0.096" /><testcase classname="tests.test_knowledge_layer.TestRegression" name="test_21_life_graph_unchanged" time="0.080" /><testcase classname="tests.test_knowledge_layer.TestRegression" name="test_22_node_graph" time="0.089" /><testcase classname="tests.test_knowledge_layer.TestRegression" name="test_23_decisions_top_imminent" time="0.089" /><testcase classname="tests.test_knowledge_layer.TestRegression" name="test_24_resolve_italian" time="3.216" /><testcase classname="tests.test_knowledge_layer.TestRegression" name="test_25_priorities_legacy" time="0.072" /><testcase classname="tests.test_knowledge_layer.TestRegression" name="test_26_memory_ask" time="0.073" /><testcase classname="tests.test_knowledge_layer.TestRegression" name="test_27_auth_errors" time="0.372" /></testsuite></testsuites>