<?xml version="1.0" encoding="utf-8"?><testsuites name="pytest tests"><testsuite name="pytest" errors="0" failures="0" skipped="0" tests="47" time="12.292" timestamp="2026-07-30T14:28:31.534806+00:00" hostname="agent-env-71535694-dd7d-46b7-b0bc-df5d620cb6d9"><testcase classname="tests.test_knowledge_hardening.TestSetup" name="test_00_register_seed" time="0.903" /><testcase classname="tests.test_knowledge_hardening.TestA_Envelope" name="test_01_bare_values_wrap" time="0.071" /><testcase classname="tests.test_knowledge_hardening.TestA2_Coercion" name="test_01b_boolean_coercion" time="0.146" /><testcase classname="tests.test_knowledge_hardening.TestA2_Coercion" name="test_01c_string_list_wrap" time="0.069" /><testcase classname="tests.test_knowledge_hardening.TestB_RichEnvelope" name="test_02_ai_extraction_envelope" time="0.070" /><testcase classname="tests.test_knowledge_hardening.TestB_RichEnvelope" name="test_03_confidence_clamping" time="0.139" /><testcase classname="tests.test_knowledge_hardening.TestB_RichEnvelope" name="test_04_invalid_source_type_falls_back" time="0.070" /><testcase classname="tests.test_knowledge_hardening.TestC_Reconfirm" name="test_05_reconfirm_preserves_extracted_at" time="1.239" /><testcase classname="tests.test_knowledge_hardening.TestD_History" name="test_06_history_entries_shape" time="0.071" /><testcase classname="tests.test_knowledge_hardening.TestD_History" name="test_07_history_ai_actor" time="0.545" /><testcase classname="tests.test_knowledge_hardening.TestD_History" name="test_08_sensitive_redacted_in_history" time="0.064" /><testcase classname="tests.test_knowledge_hardening.TestD_History" name="test_09_highly_sensitive_health" time="0.134" /><testcase classname="tests.test_knowledge_hardening.TestE_Concurrency" name="test_10_expected_version_conflict" time="0.204" /><testcase classname="tests.test_knowledge_hardening.TestE_Concurrency" name="test_11_unconditional_write_ok" time="0.074" /><testcase classname="tests.test_knowledge_hardening.TestE_Concurrency" name="test_12_put_property_honors_version" time="0.145" /><testcase classname="tests.test_knowledge_hardening.TestF_Security" name="test_13_reject_bad_keys[props0]" time="0.077" /><testcase classname="tests.test_knowledge_hardening.TestF_Security" name="test_13_reject_bad_keys[props1]" time="0.065" /><testcase classname="tests.test_knowledge_hardening.TestF_Security" name="test_13_reject_bad_keys[props2]" time="0.065" /><testcase classname="tests.test_knowledge_hardening.TestF_Security" name="test_13_reject_bad_keys[props3]" time="0.067" /><testcase classname="tests.test_knowledge_hardening.TestF_Security" name="test_13_reject_bad_keys[props4]" time="0.068" /><testcase classname="tests.test_knowledge_hardening.TestF_Security" name="test_13_reject_bad_keys[props5]" time="0.070" /><testcase classname="tests.test_knowledge_hardening.TestF_Security" name="test_13_reject_bad_keys[props6]" time="0.067" /><testcase classname="tests.test_knowledge_hardening.TestF_Security" name="test_13_reject_bad_keys[props7]" time="0.067" /><testcase classname="tests.test_knowledge_hardening.TestF_Security" name="test_13_reject_bad_keys[props8]" time="0.064" /><testcase classname="tests.test_knowledge_hardening.TestF_Security" name="test_14_nan_inf" time="0.065" /><testcase classname="tests.test_knowledge_hardening.TestF_Security" name="test_15_key_normalization" time="0.072" /><testcase classname="tests.test_knowledge_hardening.TestG_SoftDelete" name="test_16_delete_soft" time="0.070" /><testcase classname="tests.test_knowledge_hardening.TestG_SoftDelete" name="test_17_default_get_hides" time="0.070" /><testcase classname="tests.test_knowledge_hardening.TestG_SoftDelete" name="test_18_include_archived_shows" time="0.068" /><testcase classname="tests.test_knowledge_hardening.TestG_SoftDelete" name="test_19_restore" time="0.133" /><testcase classname="tests.test_knowledge_hardening.TestG_SoftDelete" name="test_20_list_hides_archived" time="0.267" /><testcase classname="tests.test_knowledge_hardening.TestH_SingleProperty" name="test_21_put_property" time="0.067" /><testcase classname="tests.test_knowledge_hardening.TestH_SingleProperty" name="test_22_get_property" time="0.064" /><testcase classname="tests.test_knowledge_hardening.TestH_SingleProperty" name="test_23_get_nonexistent_key" time="0.067" /><testcase classname="tests.test_knowledge_hardening.TestH_SingleProperty" name="test_24_delete_property_then_get" time="0.199" /><testcase classname="tests.test_knowledge_hardening.TestH_SingleProperty" name="test_25_bad_key_400" time="0.381" /><testcase classname="tests.test_knowledge_hardening.TestI_Isolation" name="test_26_cross_user_404" time="0.579" /><testcase classname="tests.test_knowledge_hardening.TestI_Isolation" name="test_27_no_bearer_401" time="0.475" /><testcase classname="tests.test_knowledge_hardening.TestJ_NoInterpretation" name="test_28_no_side_effects" time="0.531" /><testcase classname="tests.test_knowledge_hardening.TestK_Regression" name="test_29_top_decisions" time="0.084" /><testcase classname="tests.test_knowledge_hardening.TestK_Regression" name="test_30_resolve_italian" time="3.138" /><testcase classname="tests.test_knowledge_hardening.TestK_Regression" name="test_31_node_graph" time="0.076" /><testcase classname="tests.test_knowledge_hardening.TestK_Regression" name="test_32_priorities_legacy" time="0.065" /><testcase classname="tests.test_knowledge_hardening.TestK_Regression" name="test_33_memory_ask" time="0.070" /><testcase classname="tests.test_knowledge_hardening.TestK_Regression" name="test_34_me_no_token" time="0.061" /><testcase classname="tests.test_knowledge_hardening.TestL_DemoDrift" name="test_35_demo_login_imminent_top1" time="0.353" /><testcase classname="tests.test_knowledge_hardening.TestL_DemoDrift" name="test_36_repeated_login_stable" time="0.707" /></testsuite></testsuites>