<?xml version="1.0" encoding="utf-8"?><testsuites name="pytest tests"><testsuite name="pytest" errors="0" failures="1" skipped="0" tests="35" time="14.489" timestamp="2026-07-30T13:50:31.814905+00:00" hostname="agent-env-71535694-dd7d-46b7-b0bc-df5d620cb6d9"><testcase classname="tests.test_life_graph.TestSetup" name="test_register_user_a" time="0.389" /><testcase classname="tests.test_life_graph.TestSetup" name="test_register_user_b" time="0.340" /><testcase classname="tests.test_life_graph.TestVocabularyAndSeed" name="test_1_vocabulary_no_auth" time="0.102" /><testcase classname="tests.test_life_graph.TestVocabularyAndSeed" name="test_2_seed_first_call" time="0.123" /><testcase classname="tests.test_life_graph.TestVocabularyAndSeed" name="test_2b_seed_second_call_noop" time="0.106" /><testcase classname="tests.test_life_graph.TestVocabularyAndSeed" name="test_3_list_nodes_after_seed" time="0.116" /><testcase classname="tests.test_life_graph.TestVocabularyAndSeed" name="test_4_filter_by_type_home" time="0.123" /><testcase classname="tests.test_life_graph.TestNodeCRUD" name="test_5_create_pet_node" time="0.125" /><testcase classname="tests.test_life_graph.TestNodeCRUD" name="test_6_get_created_node" time="0.205" /><testcase classname="tests.test_life_graph.TestNodeCRUD" name="test_7_patch_label" time="1.237" /><testcase classname="tests.test_life_graph.TestNodeCRUD" name="test_8_delete_soft_archive" time="0.376" /><testcase classname="tests.test_life_graph.TestNodeCRUD" name="test_9_unknown_node_404" time="0.384" /><testcase classname="tests.test_life_graph.TestNodeCRUD" name="test_10_unknown_type_normalizes_to_generic" time="0.104" /><testcase classname="tests.test_life_graph.TestEdgesAndTraversal" name="test_11_list_edges_after_seed" time="0.124" /><testcase classname="tests.test_life_graph.TestEdgesAndTraversal" name="test_12_create_edge_related_to" time="0.124" /><testcase classname="tests.test_life_graph.TestEdgesAndTraversal" name="test_13_edge_same_endpoints_400" time="0.123" /><testcase classname="tests.test_life_graph.TestEdgesAndTraversal" name="test_14_edge_missing_node_404" time="0.107" /><testcase classname="tests.test_life_graph.TestEdgesAndTraversal" name="test_15_graph_depth_2" time="0.153" /><testcase classname="tests.test_life_graph.TestEdgesAndTraversal" name="test_16_graph_depth_1_excludes_bolletta" time="0.119" /><testcase classname="tests.test_life_graph.TestEdgesAndTraversal" name="test_17_delete_edge" time="0.374" /><testcase classname="tests.test_life_graph.TestDecisionNodeLinking" name="test_18_find_bill_decision_and_link" time="0.227" /><testcase classname="tests.test_life_graph.TestDecisionNodeLinking" name="test_19_history_event_linked" time="0.170" /><testcase classname="tests.test_life_graph.TestDecisionNodeLinking" name="test_20_link_idempotent" time="0.127" /><testcase classname="tests.test_life_graph.TestDecisionNodeLinking" name="test_21_link_unknown_node_404" time="0.101" /><testcase classname="tests.test_life_graph.TestDecisionNodeLinking" name="test_22_decisions_for_node_casa" time="0.118" /><testcase classname="tests.test_life_graph.TestDecisionNodeLinking" name="test_23_unlink_bolletta" time="0.143" /><testcase classname="tests.test_life_graph.TestDecisionNodeLinking" name="test_24_archive_casa_cascades" time="0.653" /><testcase classname="tests.test_life_graph.TestAuthGuards" name="test_25_no_token_401" time="0.387" /><testcase classname="tests.test_life_graph.TestAuthGuards" name="test_26_cross_user_isolation" time="0.912" /><testcase classname="tests.test_life_graph.TestRegression" name="test_27_demo_login_and_top_3" time="0.457"><failure message="AssertionError: ['deadline_24h']&#10;assert 'imminent' in ['deadline_24h']">backend/tests/test_life_graph.py:386: in test_27_demo_login_and_top_3
    assert "imminent" in tags, tags
E   AssertionError: ['deadline_24h']
E   assert 'imminent' in ['deadline_24h']</failure></testcase><testcase classname="tests.test_life_graph.TestRegression" name="test_28_resolve_returns_italian_solution" time="3.763" /><testcase classname="tests.test_life_graph.TestRegression" name="test_29_complete_and_dismiss" time="0.335" /><testcase classname="tests.test_life_graph.TestRegression" name="test_30_legacy_priorities_and_tasks" time="0.254" /><testcase classname="tests.test_life_graph.TestRegression" name="test_31_memory_add_and_ask" time="1.336" /><testcase classname="tests.test_life_graph.TestRegression" name="test_32_auth_error_cases" time="0.562" /></testsuite></testsuites>