<?xml version="1.0" encoding="utf-8"?><testsuites name="pytest tests"><testsuite name="pytest" errors="0" failures="0" skipped="0" tests="12" time="8.382" timestamp="2026-07-30T13:21:10.316165+00:00" hostname="agent-env-71535694-dd7d-46b7-b0bc-df5d620cb6d9"><testcase classname="tests.test_ora_backend" name="test_01_root_ok" time="0.246" /><testcase classname="tests.test_ora_backend" name="test_02_register_creates_user_and_seeds" time="0.612" /><testcase classname="tests.test_ora_backend" name="test_03_register_duplicate_409" time="0.131" /><testcase classname="tests.test_ora_backend" name="test_04_login_valid_and_wrong" time="0.769" /><testcase classname="tests.test_ora_backend" name="test_05_me_with_and_without_token" time="0.344" /><testcase classname="tests.test_ora_backend" name="test_06_priorities_shape" time="0.193" /><testcase classname="tests.test_ora_backend" name="test_07_create_task" time="0.499" /><testcase classname="tests.test_ora_backend" name="test_08_resolve_task_ai" time="2.987" /><testcase classname="tests.test_ora_backend" name="test_09_complete_removes_from_priorities" time="0.306" /><testcase classname="tests.test_ora_backend" name="test_10_dismiss_removes_from_priorities" time="0.330" /><testcase classname="tests.test_ora_backend" name="test_11_memory_crud_and_ask" time="1.402" /><testcase classname="tests.test_ora_backend" name="test_12_invalid_jwt_returns_401" time="0.245" /></testsuite></testsuites>