<?xml version="1.0" encoding="utf-8"?><testsuites name="pytest tests"><testsuite name="pytest" errors="0" failures="0" skipped="0" tests="21" time="6.400" timestamp="2026-07-30T13:38:53.850032+00:00" hostname="agent-env-71535694-dd7d-46b7-b0bc-df5d620cb6d9"><testcase classname="tests.test_ora_decision_engine.TestRegression" name="test_root" time="0.484" /><testcase classname="tests.test_ora_decision_engine.TestDecisions" name="test_list_has_7_seeds_and_rich_fields" time="0.766" /><testcase classname="tests.test_ora_decision_engine.TestRegression" name="test_register_fresh" time="0.280" /><testcase classname="tests.test_ora_decision_engine.TestRegression" name="test_me_with_token" time="0.046" /><testcase classname="tests.test_ora_decision_engine.TestDecisions" name="test_top_returns_3_sorted_with_reason" time="0.068" /><testcase classname="tests.test_ora_decision_engine.TestRegression" name="test_me_without_token" time="0.044" /><testcase classname="tests.test_ora_decision_engine.TestDecisions" name="test_top1_is_imminent" time="0.059" /><testcase classname="tests.test_ora_decision_engine.TestRegression" name="test_wrong_password" time="0.273" /><testcase classname="tests.test_ora_decision_engine.TestDecisions" name="test_valigia_in_top3_with_dependency_tag" time="0.239" /><testcase classname="tests.test_ora_decision_engine.TestRegression" name="test_memory_flow" time="1.824" /><testcase classname="tests.test_ora_decision_engine.TestDecisions" name="test_insight_not_in_top3" time="0.198" /><testcase classname="tests.test_ora_decision_engine.TestDecisions" name="test_create_decision_and_dampens_fitness" time="0.194" /><testcase classname="tests.test_ora_decision_engine.TestDecisions" name="test_resolve_returns_italian_solution" time="3.587" /><testcase classname="tests.test_ora_decision_engine.TestLegacy" name="test_priorities_default_max_3" time="0.059" /><testcase classname="tests.test_ora_decision_engine.TestLegacy" name="test_priorities_limit_10" time="0.059" /><testcase classname="tests.test_ora_decision_engine.TestLegacy" name="test_legacy_task_create_maps_to_bill" time="0.096" /><testcase classname="tests.test_ora_decision_engine.TestLegacy" name="test_legacy_task_actions_delegate" time="2.575" /><testcase classname="tests.test_ora_decision_engine.TestDecisions" name="test_complete_removes_from_top" time="0.190" /><testcase classname="tests.test_ora_decision_engine.TestDecisions" name="test_dismiss_removes_from_top" time="0.197" /><testcase classname="tests.test_ora_decision_engine.TestDecisions" name="test_invalid_jwt" time="0.108" /><testcase classname="tests.test_ora_decision_engine.TestMigration" name="test_demo_user_has_migrated_items_or_seeds" time="0.316" /></testsuite></testsuites>